[2023-07-22T10:43:31.241+0000] {taskinstance.py:1103} INFO - Dependencies all met for dep_context=non-requeueable deps ti=<TaskInstance: data_ingestion_final_project.download_dataset_task manual__2023-07-22T10:43:06.979561+00:00 [queued]>
[2023-07-22T10:43:31.256+0000] {taskinstance.py:1103} INFO - Dependencies all met for dep_context=requeueable deps ti=<TaskInstance: data_ingestion_final_project.download_dataset_task manual__2023-07-22T10:43:06.979561+00:00 [queued]>
[2023-07-22T10:43:31.257+0000] {taskinstance.py:1308} INFO - Starting attempt 1 of 2
[2023-07-22T10:43:31.275+0000] {taskinstance.py:1327} INFO - Executing <Task(BashOperator): download_dataset_task> on 2023-07-22 10:43:06.979561+00:00
[2023-07-22T10:43:31.282+0000] {standard_task_runner.py:57} INFO - Started process 242 to run task
[2023-07-22T10:43:31.287+0000] {standard_task_runner.py:84} INFO - Running: ['***', 'tasks', 'run', 'data_ingestion_final_project', 'download_dataset_task', 'manual__2023-07-22T10:43:06.979561+00:00', '--job-id', '109', '--raw', '--subdir', 'DAGS_FOLDER/data_ingestion_final_project.py', '--cfg-path', '/tmp/tmpt32fhmip']
[2023-07-22T10:43:31.291+0000] {standard_task_runner.py:85} INFO - Job 109: Subtask download_dataset_task
[2023-07-22T10:43:31.307+0000] {warnings.py:110} WARNING - /home/***/.local/lib/python3.7/site-packages/***/settings.py:195: DeprecationWarning: The sql_alchemy_conn option in [core] has been moved to the sql_alchemy_conn option in [database] - the old setting has been used, but please update your config.
  SQL_ALCHEMY_CONN = conf.get("database", "SQL_ALCHEMY_CONN")

[2023-07-22T10:43:31.359+0000] {task_command.py:410} INFO - Running <TaskInstance: data_ingestion_final_project.download_dataset_task manual__2023-07-22T10:43:06.979561+00:00 [running]> on host c1f03fcdfb74
[2023-07-22T10:43:31.462+0000] {taskinstance.py:1547} INFO - Exporting env vars: AIRFLOW_CTX_DAG_OWNER='***' AIRFLOW_CTX_DAG_ID='data_ingestion_final_project' AIRFLOW_CTX_TASK_ID='download_dataset_task' AIRFLOW_CTX_EXECUTION_DATE='2023-07-22T10:43:06.979561+00:00' AIRFLOW_CTX_TRY_NUMBER='1' AIRFLOW_CTX_DAG_RUN_ID='manual__2023-07-22T10:43:06.979561+00:00'
[2023-07-22T10:43:31.464+0000] {subprocess.py:63} INFO - Tmp dir root location: /tmp
[2023-07-22T10:43:31.464+0000] {subprocess.py:75} INFO - Running command: ['/bin/bash', '-c', '#!/bin/bash\nfileid="1t4IrOjA0xIoTwlpLjkJYnq8V7g-qP4iU"\nfilename="bank_marketing.csv"\nhtml=`curl -c ./cookie -s -L "https://drive.google.com/uc?export=download&id=${fileid}"`\ncurl -Lb ./cookie "https://drive.google.com/uc?export=download&`echo ${html}|grep -Po \'(confirm=[a-zA-Z0-9\\-_]+)\'`&id=${fileid}" -o "/opt/***/${filename}"']
[2023-07-22T10:43:31.484+0000] {subprocess.py:86} INFO - Output:
[2023-07-22T10:43:36.831+0000] {subprocess.py:93} INFO -   % Total    % Received % Xferd  Average Speed   Time    Time     Time  Current
[2023-07-22T10:43:36.832+0000] {subprocess.py:93} INFO -                                  Dload  Upload   Total   Spent    Left  Speed
[2023-07-22T10:43:38.195+0000] {subprocess.py:93} INFO -   0     0    0     0    0     0      0      0 --:--:-- --:--:-- --:--:--     0  0     0    0     0    0     0      0      0 --:--:--  0:00:01 --:--:--     0  0     0    0     0    0     0      0      0 --:--:--  0:00:01 --:--:--     0
[2023-07-22T10:43:40.473+0000] {subprocess.py:93} INFO -   0     0    0     0    0     0      0      0 --:--:--  0:00:01 --:--:--     0  0     0    0     0    0     0      0      0 --:--:--  0:00:02 --:--:--     0 63 5698k   63 3611k    0     0  1063k      0  0:00:05  0:00:03  0:00:02 1785k100 5698k  100 5698k    0     0  1565k      0  0:00:03  0:00:03 --:--:-- 2513k
[2023-07-22T10:43:40.477+0000] {subprocess.py:97} INFO - Command exited with return code 0
[2023-07-22T10:43:40.526+0000] {taskinstance.py:1350} INFO - Marking task as SUCCESS. dag_id=data_ingestion_final_project, task_id=download_dataset_task, execution_date=20230722T104306, start_date=20230722T104331, end_date=20230722T104340
[2023-07-22T10:43:40.604+0000] {local_task_job_runner.py:225} INFO - Task exited with return code 0
[2023-07-22T10:43:40.649+0000] {taskinstance.py:2653} INFO - 1 downstream tasks scheduled from follow-on schedule check
