[2023-07-26T11:24:11.119+0000] {taskinstance.py:1103} INFO - Dependencies all met for dep_context=non-requeueable deps ti=<TaskInstance: data_ingestion-pq.download_dataset_task manual__2023-07-26T11:23:36.281445+00:00 [queued]>
[2023-07-26T11:24:11.170+0000] {taskinstance.py:1103} INFO - Dependencies all met for dep_context=requeueable deps ti=<TaskInstance: data_ingestion-pq.download_dataset_task manual__2023-07-26T11:23:36.281445+00:00 [queued]>
[2023-07-26T11:24:11.171+0000] {taskinstance.py:1308} INFO - Starting attempt 1 of 2
[2023-07-26T11:24:11.236+0000] {taskinstance.py:1327} INFO - Executing <Task(BashOperator): download_dataset_task> on 2023-07-26 11:23:36.281445+00:00
[2023-07-26T11:24:11.264+0000] {standard_task_runner.py:57} INFO - Started process 280 to run task
[2023-07-26T11:24:11.273+0000] {standard_task_runner.py:84} INFO - Running: ['***', 'tasks', 'run', 'data_ingestion-pq', 'download_dataset_task', 'manual__2023-07-26T11:23:36.281445+00:00', '--job-id', '4', '--raw', '--subdir', 'DAGS_FOLDER/data_ingest_pq.py', '--cfg-path', '/tmp/tmp_szhjg3_']
[2023-07-26T11:24:11.285+0000] {standard_task_runner.py:85} INFO - Job 4: Subtask download_dataset_task
[2023-07-26T11:24:11.329+0000] {warnings.py:110} WARNING - /home/***/.local/lib/python3.7/site-packages/***/settings.py:195: DeprecationWarning: The sql_alchemy_conn option in [core] has been moved to the sql_alchemy_conn option in [database] - the old setting has been used, but please update your config.
  SQL_ALCHEMY_CONN = conf.get("database", "SQL_ALCHEMY_CONN")

[2023-07-26T11:24:11.492+0000] {task_command.py:410} INFO - Running <TaskInstance: data_ingestion-pq.download_dataset_task manual__2023-07-26T11:23:36.281445+00:00 [running]> on host f04213f91f62
[2023-07-26T11:24:12.169+0000] {taskinstance.py:1547} INFO - Exporting env vars: AIRFLOW_CTX_DAG_OWNER='***' AIRFLOW_CTX_DAG_ID='data_ingestion-pq' AIRFLOW_CTX_TASK_ID='download_dataset_task' AIRFLOW_CTX_EXECUTION_DATE='2023-07-26T11:23:36.281445+00:00' AIRFLOW_CTX_TRY_NUMBER='1' AIRFLOW_CTX_DAG_RUN_ID='manual__2023-07-26T11:23:36.281445+00:00'
[2023-07-26T11:24:12.193+0000] {subprocess.py:63} INFO - Tmp dir root location: /tmp
[2023-07-26T11:24:12.211+0000] {subprocess.py:75} INFO - Running command: ['/bin/bash', '-c', '#!/bin/bash\nfileid="1t4IrOjA0xIoTwlpLjkJYnq8V7g-qP4iU"\nfilename="bank_marketing.csv"\nhtml=`curl -c ./cookie -s -L "https://drive.google.com/uc?export=download&id=${fileid}"`\ncurl -Lb ./cookie "https://drive.google.com/uc?export=download&`echo ${html}|grep -Po \'(confirm=[a-zA-Z0-9\\-_]+)\'`&id=${fileid}" -o "/opt/***/${filename}"']
[2023-07-26T11:24:12.622+0000] {subprocess.py:86} INFO - Output:
[2023-07-26T11:24:39.412+0000] {subprocess.py:93} INFO -   % Total    % Received % Xferd  Average Speed   Time    Time     Time  Current
[2023-07-26T11:24:40.118+0000] {subprocess.py:93} INFO -                                  Dload  Upload   Total   Spent    Left  Speed
[2023-07-26T11:24:41.698+0000] {subprocess.py:93} INFO -   0     0    0     0    0     0      0      0 --:--:-- --:--:-- --:--:--     0  0     0    0     0    0     0      0      0 --:--:-- --:--:-- --:--:--     0  0     0    0     0    0     0      0      0 --:--:--  0:00:01 --:--:--     0  0     0    0     0    0     0      0      0 --:--:--  0:00:02 --:--:--     0
[2023-07-26T11:24:46.697+0000] {subprocess.py:93} INFO -   0     0    0     0    0     0      0      0 --:--:--  0:00:02 --:--:--     0 10 5698k   10  608k    0     0   170k      0  0:00:33  0:00:03  0:00:30  586k 57 5698k   57 3276k    0     0   722k      0  0:00:07  0:00:04  0:00:03 1639k 62 5698k   62 3543k    0     0   639k      0  0:00:08  0:00:05  0:00:03 1181k 72 5698k   72 4144k    0     0   632k      0  0:00:09  0:00:06  0:00:03 1032k100 5698k  100 5698k    0     0   765k      0  0:00:07  0:00:07 --:--:-- 1160k
[2023-07-26T11:24:46.888+0000] {subprocess.py:97} INFO - Command exited with return code 0
[2023-07-26T11:24:49.305+0000] {taskinstance.py:1350} INFO - Marking task as SUCCESS. dag_id=data_ingestion-pq, task_id=download_dataset_task, execution_date=20230726T112336, start_date=20230726T112411, end_date=20230726T112449
[2023-07-26T11:24:50.162+0000] {local_task_job_runner.py:225} INFO - Task exited with return code 0
[2023-07-26T11:24:52.311+0000] {taskinstance.py:2653} INFO - 0 downstream tasks scheduled from follow-on schedule check
