[2023-07-22T11:14:52.255+0000] {processor.py:157} INFO - Started process (PID=52) to work on /opt/airflow/dags/data_ingest_pq.py
[2023-07-22T11:14:52.303+0000] {processor.py:826} INFO - Processing file /opt/airflow/dags/data_ingest_pq.py for tasks to queue
[2023-07-22T11:14:52.460+0000] {logging_mixin.py:150} INFO - [2023-07-22T11:14:52.445+0000] {dagbag.py:541} INFO - Filling up the DagBag from /opt/airflow/dags/data_ingest_pq.py
[2023-07-22T11:14:53.263+0000] {processor.py:836} INFO - DAG(s) dict_keys(['data_ingestion_final_project']) retrieved from /opt/airflow/dags/data_ingest_pq.py
[2023-07-22T11:14:54.383+0000] {logging_mixin.py:150} INFO - [2023-07-22T11:14:54.383+0000] {dag.py:2742} INFO - Sync 1 DAGs
[2023-07-22T11:14:54.680+0000] {logging_mixin.py:150} INFO - [2023-07-22T11:14:54.680+0000] {dag.py:3508} INFO - Setting next_dagrun for data_ingestion_final_project to 2023-07-23T00:00:00+00:00, run_after=2023-07-30T00:00:00+00:00
[2023-07-22T11:14:54.941+0000] {processor.py:179} INFO - Processing /opt/airflow/dags/data_ingest_pq.py took 2.846 seconds
[2023-07-22T11:15:25.389+0000] {processor.py:157} INFO - Started process (PID=72) to work on /opt/airflow/dags/data_ingest_pq.py
[2023-07-22T11:15:25.391+0000] {processor.py:826} INFO - Processing file /opt/airflow/dags/data_ingest_pq.py for tasks to queue
[2023-07-22T11:15:25.403+0000] {logging_mixin.py:150} INFO - [2023-07-22T11:15:25.402+0000] {dagbag.py:541} INFO - Filling up the DagBag from /opt/airflow/dags/data_ingest_pq.py
[2023-07-22T11:15:25.546+0000] {processor.py:836} INFO - DAG(s) dict_keys(['data_ingestion_final_project']) retrieved from /opt/airflow/dags/data_ingest_pq.py
[2023-07-22T11:15:25.770+0000] {logging_mixin.py:150} INFO - [2023-07-22T11:15:25.770+0000] {dag.py:2742} INFO - Sync 1 DAGs
[2023-07-22T11:15:25.801+0000] {logging_mixin.py:150} INFO - [2023-07-22T11:15:25.801+0000] {dag.py:3508} INFO - Setting next_dagrun for data_ingestion_final_project to 2023-07-23T00:00:00+00:00, run_after=2023-07-30T00:00:00+00:00
[2023-07-22T11:15:25.828+0000] {processor.py:179} INFO - Processing /opt/airflow/dags/data_ingest_pq.py took 0.452 seconds
[2023-07-22T11:15:56.067+0000] {processor.py:157} INFO - Started process (PID=93) to work on /opt/airflow/dags/data_ingest_pq.py
[2023-07-22T11:15:56.069+0000] {processor.py:826} INFO - Processing file /opt/airflow/dags/data_ingest_pq.py for tasks to queue
[2023-07-22T11:15:56.072+0000] {logging_mixin.py:150} INFO - [2023-07-22T11:15:56.072+0000] {dagbag.py:541} INFO - Filling up the DagBag from /opt/airflow/dags/data_ingest_pq.py
[2023-07-22T11:15:56.155+0000] {processor.py:836} INFO - DAG(s) dict_keys(['data_ingestion_final_project']) retrieved from /opt/airflow/dags/data_ingest_pq.py
[2023-07-22T11:15:56.232+0000] {logging_mixin.py:150} INFO - [2023-07-22T11:15:56.232+0000] {dag.py:2742} INFO - Sync 1 DAGs
[2023-07-22T11:15:56.274+0000] {logging_mixin.py:150} INFO - [2023-07-22T11:15:56.274+0000] {dag.py:3508} INFO - Setting next_dagrun for data_ingestion_final_project to 2023-07-23T00:00:00+00:00, run_after=2023-07-30T00:00:00+00:00
[2023-07-22T11:15:56.316+0000] {processor.py:179} INFO - Processing /opt/airflow/dags/data_ingest_pq.py took 0.254 seconds
[2023-07-22T11:16:26.560+0000] {processor.py:157} INFO - Started process (PID=121) to work on /opt/airflow/dags/data_ingest_pq.py
[2023-07-22T11:16:26.561+0000] {processor.py:826} INFO - Processing file /opt/airflow/dags/data_ingest_pq.py for tasks to queue
[2023-07-22T11:16:26.566+0000] {logging_mixin.py:150} INFO - [2023-07-22T11:16:26.565+0000] {dagbag.py:541} INFO - Filling up the DagBag from /opt/airflow/dags/data_ingest_pq.py
[2023-07-22T11:16:26.614+0000] {processor.py:836} INFO - DAG(s) dict_keys(['data_ingestion_final_project']) retrieved from /opt/airflow/dags/data_ingest_pq.py
[2023-07-22T11:16:26.786+0000] {logging_mixin.py:150} INFO - [2023-07-22T11:16:26.786+0000] {dag.py:2742} INFO - Sync 1 DAGs
[2023-07-22T11:16:26.830+0000] {logging_mixin.py:150} INFO - [2023-07-22T11:16:26.829+0000] {dag.py:3508} INFO - Setting next_dagrun for data_ingestion_final_project to 2023-07-23T00:00:00+00:00, run_after=2023-07-30T00:00:00+00:00
[2023-07-22T11:16:26.856+0000] {processor.py:179} INFO - Processing /opt/airflow/dags/data_ingest_pq.py took 0.303 seconds
[2023-07-22T11:16:56.972+0000] {processor.py:157} INFO - Started process (PID=141) to work on /opt/airflow/dags/data_ingest_pq.py
[2023-07-22T11:16:56.974+0000] {processor.py:826} INFO - Processing file /opt/airflow/dags/data_ingest_pq.py for tasks to queue
[2023-07-22T11:16:56.979+0000] {logging_mixin.py:150} INFO - [2023-07-22T11:16:56.978+0000] {dagbag.py:541} INFO - Filling up the DagBag from /opt/airflow/dags/data_ingest_pq.py
[2023-07-22T11:16:57.026+0000] {processor.py:836} INFO - DAG(s) dict_keys(['data_ingestion_final_project']) retrieved from /opt/airflow/dags/data_ingest_pq.py
[2023-07-22T11:16:57.065+0000] {logging_mixin.py:150} INFO - [2023-07-22T11:16:57.065+0000] {dag.py:2742} INFO - Sync 1 DAGs
[2023-07-22T11:16:57.102+0000] {logging_mixin.py:150} INFO - [2023-07-22T11:16:57.102+0000] {dag.py:3508} INFO - Setting next_dagrun for data_ingestion_final_project to 2023-07-23T00:00:00+00:00, run_after=2023-07-30T00:00:00+00:00
[2023-07-22T11:16:57.131+0000] {processor.py:179} INFO - Processing /opt/airflow/dags/data_ingest_pq.py took 0.164 seconds
[2023-07-22T11:17:27.415+0000] {processor.py:157} INFO - Started process (PID=161) to work on /opt/airflow/dags/data_ingest_pq.py
[2023-07-22T11:17:27.416+0000] {processor.py:826} INFO - Processing file /opt/airflow/dags/data_ingest_pq.py for tasks to queue
[2023-07-22T11:17:27.420+0000] {logging_mixin.py:150} INFO - [2023-07-22T11:17:27.419+0000] {dagbag.py:541} INFO - Filling up the DagBag from /opt/airflow/dags/data_ingest_pq.py
[2023-07-22T11:17:27.465+0000] {processor.py:836} INFO - DAG(s) dict_keys(['data_ingestion_final_project']) retrieved from /opt/airflow/dags/data_ingest_pq.py
[2023-07-22T11:17:27.665+0000] {logging_mixin.py:150} INFO - [2023-07-22T11:17:27.664+0000] {dag.py:2742} INFO - Sync 1 DAGs
[2023-07-22T11:17:27.699+0000] {logging_mixin.py:150} INFO - [2023-07-22T11:17:27.699+0000] {dag.py:3508} INFO - Setting next_dagrun for data_ingestion_final_project to 2023-07-23T00:00:00+00:00, run_after=2023-07-30T00:00:00+00:00
[2023-07-22T11:17:27.728+0000] {processor.py:179} INFO - Processing /opt/airflow/dags/data_ingest_pq.py took 0.321 seconds
[2023-07-22T11:17:57.873+0000] {processor.py:157} INFO - Started process (PID=190) to work on /opt/airflow/dags/data_ingest_pq.py
[2023-07-22T11:17:57.875+0000] {processor.py:826} INFO - Processing file /opt/airflow/dags/data_ingest_pq.py for tasks to queue
[2023-07-22T11:17:57.882+0000] {logging_mixin.py:150} INFO - [2023-07-22T11:17:57.881+0000] {dagbag.py:541} INFO - Filling up the DagBag from /opt/airflow/dags/data_ingest_pq.py
[2023-07-22T11:17:57.931+0000] {processor.py:836} INFO - DAG(s) dict_keys(['data_ingestion_final_project']) retrieved from /opt/airflow/dags/data_ingest_pq.py
[2023-07-22T11:17:57.975+0000] {logging_mixin.py:150} INFO - [2023-07-22T11:17:57.975+0000] {dag.py:2742} INFO - Sync 1 DAGs
[2023-07-22T11:17:58.023+0000] {logging_mixin.py:150} INFO - [2023-07-22T11:17:58.023+0000] {dag.py:3508} INFO - Setting next_dagrun for data_ingestion_final_project to 2023-07-23T00:00:00+00:00, run_after=2023-07-30T00:00:00+00:00
[2023-07-22T11:17:58.072+0000] {processor.py:179} INFO - Processing /opt/airflow/dags/data_ingest_pq.py took 0.204 seconds
[2023-07-22T11:18:28.300+0000] {processor.py:157} INFO - Started process (PID=210) to work on /opt/airflow/dags/data_ingest_pq.py
[2023-07-22T11:18:28.301+0000] {processor.py:826} INFO - Processing file /opt/airflow/dags/data_ingest_pq.py for tasks to queue
[2023-07-22T11:18:28.303+0000] {logging_mixin.py:150} INFO - [2023-07-22T11:18:28.302+0000] {dagbag.py:541} INFO - Filling up the DagBag from /opt/airflow/dags/data_ingest_pq.py
[2023-07-22T11:18:28.354+0000] {processor.py:836} INFO - DAG(s) dict_keys(['data_ingestion_final_project']) retrieved from /opt/airflow/dags/data_ingest_pq.py
[2023-07-22T11:18:28.537+0000] {logging_mixin.py:150} INFO - [2023-07-22T11:18:28.537+0000] {dag.py:2742} INFO - Sync 1 DAGs
[2023-07-22T11:18:28.571+0000] {logging_mixin.py:150} INFO - [2023-07-22T11:18:28.571+0000] {dag.py:3508} INFO - Setting next_dagrun for data_ingestion_final_project to 2023-07-23T00:00:00+00:00, run_after=2023-07-30T00:00:00+00:00
[2023-07-22T11:18:28.599+0000] {processor.py:179} INFO - Processing /opt/airflow/dags/data_ingest_pq.py took 0.304 seconds
[2023-07-22T11:18:58.692+0000] {processor.py:157} INFO - Started process (PID=228) to work on /opt/airflow/dags/data_ingest_pq.py
[2023-07-22T11:18:58.693+0000] {processor.py:826} INFO - Processing file /opt/airflow/dags/data_ingest_pq.py for tasks to queue
[2023-07-22T11:18:58.695+0000] {logging_mixin.py:150} INFO - [2023-07-22T11:18:58.695+0000] {dagbag.py:541} INFO - Filling up the DagBag from /opt/airflow/dags/data_ingest_pq.py
[2023-07-22T11:18:58.752+0000] {processor.py:836} INFO - DAG(s) dict_keys(['data_ingestion_final_project']) retrieved from /opt/airflow/dags/data_ingest_pq.py
[2023-07-22T11:18:58.791+0000] {logging_mixin.py:150} INFO - [2023-07-22T11:18:58.790+0000] {dag.py:2742} INFO - Sync 1 DAGs
[2023-07-22T11:18:58.828+0000] {logging_mixin.py:150} INFO - [2023-07-22T11:18:58.828+0000] {dag.py:3508} INFO - Setting next_dagrun for data_ingestion_final_project to 2023-07-23T00:00:00+00:00, run_after=2023-07-30T00:00:00+00:00
[2023-07-22T11:18:58.859+0000] {processor.py:179} INFO - Processing /opt/airflow/dags/data_ingest_pq.py took 0.180 seconds
[2023-07-22T11:19:28.942+0000] {processor.py:157} INFO - Started process (PID=256) to work on /opt/airflow/dags/data_ingest_pq.py
[2023-07-22T11:19:28.946+0000] {processor.py:826} INFO - Processing file /opt/airflow/dags/data_ingest_pq.py for tasks to queue
[2023-07-22T11:19:28.952+0000] {logging_mixin.py:150} INFO - [2023-07-22T11:19:28.952+0000] {dagbag.py:541} INFO - Filling up the DagBag from /opt/airflow/dags/data_ingest_pq.py
[2023-07-22T11:19:29.003+0000] {processor.py:836} INFO - DAG(s) dict_keys(['data_ingestion_final_project']) retrieved from /opt/airflow/dags/data_ingest_pq.py
[2023-07-22T11:19:29.045+0000] {logging_mixin.py:150} INFO - [2023-07-22T11:19:29.044+0000] {dag.py:2742} INFO - Sync 1 DAGs
[2023-07-22T11:19:29.082+0000] {logging_mixin.py:150} INFO - [2023-07-22T11:19:29.082+0000] {dag.py:3508} INFO - Setting next_dagrun for data_ingestion_final_project to 2023-07-23T00:00:00+00:00, run_after=2023-07-30T00:00:00+00:00
[2023-07-22T11:19:29.112+0000] {processor.py:179} INFO - Processing /opt/airflow/dags/data_ingest_pq.py took 0.179 seconds
[2023-07-22T11:19:59.230+0000] {processor.py:157} INFO - Started process (PID=281) to work on /opt/airflow/dags/data_ingest_pq.py
[2023-07-22T11:19:59.244+0000] {processor.py:826} INFO - Processing file /opt/airflow/dags/data_ingest_pq.py for tasks to queue
[2023-07-22T11:19:59.252+0000] {logging_mixin.py:150} INFO - [2023-07-22T11:19:59.248+0000] {dagbag.py:541} INFO - Filling up the DagBag from /opt/airflow/dags/data_ingest_pq.py
[2023-07-22T11:19:59.439+0000] {processor.py:836} INFO - DAG(s) dict_keys(['data_ingestion_final_project']) retrieved from /opt/airflow/dags/data_ingest_pq.py
[2023-07-22T11:19:59.504+0000] {logging_mixin.py:150} INFO - [2023-07-22T11:19:59.504+0000] {dag.py:2742} INFO - Sync 1 DAGs
[2023-07-22T11:19:59.542+0000] {logging_mixin.py:150} INFO - [2023-07-22T11:19:59.541+0000] {dag.py:3508} INFO - Setting next_dagrun for data_ingestion_final_project to 2023-07-23T00:00:00+00:00, run_after=2023-07-30T00:00:00+00:00
[2023-07-22T11:19:59.571+0000] {processor.py:179} INFO - Processing /opt/airflow/dags/data_ingest_pq.py took 0.351 seconds
[2023-07-22T11:20:29.851+0000] {processor.py:157} INFO - Started process (PID=307) to work on /opt/airflow/dags/data_ingest_pq.py
[2023-07-22T11:20:29.855+0000] {processor.py:826} INFO - Processing file /opt/airflow/dags/data_ingest_pq.py for tasks to queue
[2023-07-22T11:20:29.857+0000] {logging_mixin.py:150} INFO - [2023-07-22T11:20:29.857+0000] {dagbag.py:541} INFO - Filling up the DagBag from /opt/airflow/dags/data_ingest_pq.py
[2023-07-22T11:20:29.902+0000] {processor.py:836} INFO - DAG(s) dict_keys(['data_ingestion_final_project']) retrieved from /opt/airflow/dags/data_ingest_pq.py
[2023-07-22T11:20:29.938+0000] {logging_mixin.py:150} INFO - [2023-07-22T11:20:29.938+0000] {dag.py:2742} INFO - Sync 1 DAGs
[2023-07-22T11:20:29.973+0000] {logging_mixin.py:150} INFO - [2023-07-22T11:20:29.972+0000] {dag.py:3508} INFO - Setting next_dagrun for data_ingestion_final_project to 2023-07-23T00:00:00+00:00, run_after=2023-07-30T00:00:00+00:00
[2023-07-22T11:20:30.009+0000] {processor.py:179} INFO - Processing /opt/airflow/dags/data_ingest_pq.py took 0.166 seconds
[2023-07-22T11:20:51.456+0000] {processor.py:157} INFO - Started process (PID=332) to work on /opt/airflow/dags/data_ingest_pq.py
[2023-07-22T11:20:51.459+0000] {processor.py:826} INFO - Processing file /opt/airflow/dags/data_ingest_pq.py for tasks to queue
[2023-07-22T11:20:51.462+0000] {logging_mixin.py:150} INFO - [2023-07-22T11:20:51.461+0000] {dagbag.py:541} INFO - Filling up the DagBag from /opt/airflow/dags/data_ingest_pq.py
[2023-07-22T11:20:51.532+0000] {processor.py:836} INFO - DAG(s) dict_keys(['data_ingestion-pqt']) retrieved from /opt/airflow/dags/data_ingest_pq.py
[2023-07-22T11:20:51.737+0000] {logging_mixin.py:150} INFO - [2023-07-22T11:20:51.737+0000] {manager.py:504} INFO - Created Permission View: can read on DAG:data_ingestion-pqt
[2023-07-22T11:20:51.758+0000] {logging_mixin.py:150} INFO - [2023-07-22T11:20:51.757+0000] {manager.py:504} INFO - Created Permission View: can delete on DAG:data_ingestion-pqt
[2023-07-22T11:20:51.778+0000] {logging_mixin.py:150} INFO - [2023-07-22T11:20:51.777+0000] {manager.py:504} INFO - Created Permission View: can edit on DAG:data_ingestion-pqt
[2023-07-22T11:20:51.818+0000] {logging_mixin.py:150} INFO - [2023-07-22T11:20:51.817+0000] {dag.py:2742} INFO - Sync 1 DAGs
[2023-07-22T11:20:51.845+0000] {logging_mixin.py:150} INFO - [2023-07-22T11:20:51.845+0000] {dag.py:2763} INFO - Creating ORM DAG for data_ingestion-pqt
[2023-07-22T11:20:51.868+0000] {logging_mixin.py:150} INFO - [2023-07-22T11:20:51.868+0000] {dag.py:3508} INFO - Setting next_dagrun for data_ingestion-pqt to 2023-07-23T00:00:00+00:00, run_after=2023-07-30T00:00:00+00:00
[2023-07-22T11:20:51.907+0000] {processor.py:179} INFO - Processing /opt/airflow/dags/data_ingest_pq.py took 0.456 seconds
[2023-07-22T11:21:22.631+0000] {processor.py:157} INFO - Started process (PID=357) to work on /opt/airflow/dags/data_ingest_pq.py
[2023-07-22T11:21:22.633+0000] {processor.py:826} INFO - Processing file /opt/airflow/dags/data_ingest_pq.py for tasks to queue
[2023-07-22T11:21:22.636+0000] {logging_mixin.py:150} INFO - [2023-07-22T11:21:22.635+0000] {dagbag.py:541} INFO - Filling up the DagBag from /opt/airflow/dags/data_ingest_pq.py
[2023-07-22T11:21:22.687+0000] {processor.py:836} INFO - DAG(s) dict_keys(['data_ingestion-pqt']) retrieved from /opt/airflow/dags/data_ingest_pq.py
[2023-07-22T11:21:22.726+0000] {logging_mixin.py:150} INFO - [2023-07-22T11:21:22.725+0000] {dag.py:2742} INFO - Sync 1 DAGs
[2023-07-22T11:21:22.763+0000] {logging_mixin.py:150} INFO - [2023-07-22T11:21:22.763+0000] {dag.py:3508} INFO - Setting next_dagrun for data_ingestion-pqt to 2023-07-23T00:00:00+00:00, run_after=2023-07-30T00:00:00+00:00
[2023-07-22T11:21:22.798+0000] {processor.py:179} INFO - Processing /opt/airflow/dags/data_ingest_pq.py took 0.173 seconds
[2023-07-22T11:21:53.046+0000] {processor.py:157} INFO - Started process (PID=384) to work on /opt/airflow/dags/data_ingest_pq.py
[2023-07-22T11:21:53.053+0000] {processor.py:826} INFO - Processing file /opt/airflow/dags/data_ingest_pq.py for tasks to queue
[2023-07-22T11:21:53.057+0000] {logging_mixin.py:150} INFO - [2023-07-22T11:21:53.055+0000] {dagbag.py:541} INFO - Filling up the DagBag from /opt/airflow/dags/data_ingest_pq.py
[2023-07-22T11:21:53.152+0000] {processor.py:836} INFO - DAG(s) dict_keys(['data_ingestion-pqt']) retrieved from /opt/airflow/dags/data_ingest_pq.py
[2023-07-22T11:21:53.195+0000] {logging_mixin.py:150} INFO - [2023-07-22T11:21:53.195+0000] {dag.py:2742} INFO - Sync 1 DAGs
[2023-07-22T11:21:53.239+0000] {logging_mixin.py:150} INFO - [2023-07-22T11:21:53.239+0000] {dag.py:3508} INFO - Setting next_dagrun for data_ingestion-pqt to 2023-07-23T00:00:00+00:00, run_after=2023-07-30T00:00:00+00:00
[2023-07-22T11:21:53.274+0000] {processor.py:179} INFO - Processing /opt/airflow/dags/data_ingest_pq.py took 0.243 seconds
[2023-07-22T11:22:03.180+0000] {processor.py:157} INFO - Started process (PID=385) to work on /opt/airflow/dags/data_ingest_pq.py
[2023-07-22T11:22:03.184+0000] {processor.py:826} INFO - Processing file /opt/airflow/dags/data_ingest_pq.py for tasks to queue
[2023-07-22T11:22:03.189+0000] {logging_mixin.py:150} INFO - [2023-07-22T11:22:03.187+0000] {dagbag.py:541} INFO - Filling up the DagBag from /opt/airflow/dags/data_ingest_pq.py
[2023-07-22T11:22:03.270+0000] {processor.py:836} INFO - DAG(s) dict_keys(['data_ingestion-pq']) retrieved from /opt/airflow/dags/data_ingest_pq.py
[2023-07-22T11:22:03.510+0000] {logging_mixin.py:150} INFO - [2023-07-22T11:22:03.510+0000] {manager.py:504} INFO - Created Permission View: can read on DAG:data_ingestion-pq
[2023-07-22T11:22:03.530+0000] {logging_mixin.py:150} INFO - [2023-07-22T11:22:03.530+0000] {manager.py:504} INFO - Created Permission View: can delete on DAG:data_ingestion-pq
[2023-07-22T11:22:03.545+0000] {logging_mixin.py:150} INFO - [2023-07-22T11:22:03.544+0000] {manager.py:504} INFO - Created Permission View: can edit on DAG:data_ingestion-pq
[2023-07-22T11:22:03.567+0000] {logging_mixin.py:150} INFO - [2023-07-22T11:22:03.567+0000] {dag.py:2742} INFO - Sync 1 DAGs
[2023-07-22T11:22:03.588+0000] {logging_mixin.py:150} INFO - [2023-07-22T11:22:03.588+0000] {dag.py:2763} INFO - Creating ORM DAG for data_ingestion-pq
[2023-07-22T11:22:03.608+0000] {logging_mixin.py:150} INFO - [2023-07-22T11:22:03.607+0000] {dag.py:3508} INFO - Setting next_dagrun for data_ingestion-pq to 2023-07-23T00:00:00+00:00, run_after=2023-07-30T00:00:00+00:00
[2023-07-22T11:22:03.639+0000] {processor.py:179} INFO - Processing /opt/airflow/dags/data_ingest_pq.py took 0.473 seconds
[2023-07-22T11:23:58.915+0000] {processor.py:157} INFO - Started process (PID=52) to work on /opt/airflow/dags/data_ingest_pq.py
[2023-07-22T11:23:58.917+0000] {processor.py:826} INFO - Processing file /opt/airflow/dags/data_ingest_pq.py for tasks to queue
[2023-07-22T11:23:58.921+0000] {logging_mixin.py:150} INFO - [2023-07-22T11:23:58.921+0000] {dagbag.py:541} INFO - Filling up the DagBag from /opt/airflow/dags/data_ingest_pq.py
[2023-07-22T11:23:59.757+0000] {processor.py:836} INFO - DAG(s) dict_keys(['data_ingestion-pq']) retrieved from /opt/airflow/dags/data_ingest_pq.py
[2023-07-22T11:24:00.702+0000] {logging_mixin.py:150} INFO - [2023-07-22T11:24:00.701+0000] {dag.py:2742} INFO - Sync 1 DAGs
[2023-07-22T11:24:00.888+0000] {logging_mixin.py:150} INFO - [2023-07-22T11:24:00.888+0000] {dag.py:3508} INFO - Setting next_dagrun for data_ingestion-pq to 2023-07-23T00:00:00+00:00, run_after=2023-07-30T00:00:00+00:00
[2023-07-22T11:24:01.409+0000] {processor.py:179} INFO - Processing /opt/airflow/dags/data_ingest_pq.py took 2.502 seconds
[2023-07-22T11:24:31.813+0000] {processor.py:157} INFO - Started process (PID=75) to work on /opt/airflow/dags/data_ingest_pq.py
[2023-07-22T11:24:31.827+0000] {processor.py:826} INFO - Processing file /opt/airflow/dags/data_ingest_pq.py for tasks to queue
[2023-07-22T11:24:31.854+0000] {logging_mixin.py:150} INFO - [2023-07-22T11:24:31.852+0000] {dagbag.py:541} INFO - Filling up the DagBag from /opt/airflow/dags/data_ingest_pq.py
[2023-07-22T11:24:31.961+0000] {processor.py:836} INFO - DAG(s) dict_keys(['data_ingestion-pq']) retrieved from /opt/airflow/dags/data_ingest_pq.py
[2023-07-22T11:24:32.016+0000] {logging_mixin.py:150} INFO - [2023-07-22T11:24:32.015+0000] {dag.py:2742} INFO - Sync 1 DAGs
[2023-07-22T11:24:32.068+0000] {logging_mixin.py:150} INFO - [2023-07-22T11:24:32.068+0000] {dag.py:3508} INFO - Setting next_dagrun for data_ingestion-pq to 2023-07-23T00:00:00+00:00, run_after=2023-07-30T00:00:00+00:00
[2023-07-22T11:24:32.107+0000] {processor.py:179} INFO - Processing /opt/airflow/dags/data_ingest_pq.py took 0.305 seconds
[2023-07-22T11:25:02.348+0000] {processor.py:157} INFO - Started process (PID=95) to work on /opt/airflow/dags/data_ingest_pq.py
[2023-07-22T11:25:02.350+0000] {processor.py:826} INFO - Processing file /opt/airflow/dags/data_ingest_pq.py for tasks to queue
[2023-07-22T11:25:02.352+0000] {logging_mixin.py:150} INFO - [2023-07-22T11:25:02.351+0000] {dagbag.py:541} INFO - Filling up the DagBag from /opt/airflow/dags/data_ingest_pq.py
[2023-07-22T11:25:02.405+0000] {processor.py:836} INFO - DAG(s) dict_keys(['data_ingestion-pq']) retrieved from /opt/airflow/dags/data_ingest_pq.py
[2023-07-22T11:25:02.452+0000] {logging_mixin.py:150} INFO - [2023-07-22T11:25:02.452+0000] {dag.py:2742} INFO - Sync 1 DAGs
[2023-07-22T11:25:02.507+0000] {logging_mixin.py:150} INFO - [2023-07-22T11:25:02.506+0000] {dag.py:3508} INFO - Setting next_dagrun for data_ingestion-pq to 2023-07-23T00:00:00+00:00, run_after=2023-07-30T00:00:00+00:00
[2023-07-22T11:25:02.574+0000] {processor.py:179} INFO - Processing /opt/airflow/dags/data_ingest_pq.py took 0.233 seconds
[2023-07-22T11:25:32.876+0000] {processor.py:157} INFO - Started process (PID=114) to work on /opt/airflow/dags/data_ingest_pq.py
[2023-07-22T11:25:32.878+0000] {processor.py:826} INFO - Processing file /opt/airflow/dags/data_ingest_pq.py for tasks to queue
[2023-07-22T11:25:32.881+0000] {logging_mixin.py:150} INFO - [2023-07-22T11:25:32.881+0000] {dagbag.py:541} INFO - Filling up the DagBag from /opt/airflow/dags/data_ingest_pq.py
[2023-07-22T11:25:32.948+0000] {processor.py:836} INFO - DAG(s) dict_keys(['data_ingestion-pq']) retrieved from /opt/airflow/dags/data_ingest_pq.py
[2023-07-22T11:25:32.998+0000] {logging_mixin.py:150} INFO - [2023-07-22T11:25:32.998+0000] {dag.py:2742} INFO - Sync 1 DAGs
[2023-07-22T11:25:33.052+0000] {logging_mixin.py:150} INFO - [2023-07-22T11:25:33.051+0000] {dag.py:3508} INFO - Setting next_dagrun for data_ingestion-pq to 2023-07-23T00:00:00+00:00, run_after=2023-07-30T00:00:00+00:00
[2023-07-22T11:25:33.095+0000] {processor.py:179} INFO - Processing /opt/airflow/dags/data_ingest_pq.py took 0.224 seconds
[2023-07-22T11:26:03.348+0000] {processor.py:157} INFO - Started process (PID=143) to work on /opt/airflow/dags/data_ingest_pq.py
[2023-07-22T11:26:03.349+0000] {processor.py:826} INFO - Processing file /opt/airflow/dags/data_ingest_pq.py for tasks to queue
[2023-07-22T11:26:03.350+0000] {logging_mixin.py:150} INFO - [2023-07-22T11:26:03.350+0000] {dagbag.py:541} INFO - Filling up the DagBag from /opt/airflow/dags/data_ingest_pq.py
[2023-07-22T11:26:03.415+0000] {processor.py:836} INFO - DAG(s) dict_keys(['data_ingestion-pq']) retrieved from /opt/airflow/dags/data_ingest_pq.py
[2023-07-22T11:26:03.465+0000] {logging_mixin.py:150} INFO - [2023-07-22T11:26:03.465+0000] {dag.py:2742} INFO - Sync 1 DAGs
[2023-07-22T11:26:03.519+0000] {logging_mixin.py:150} INFO - [2023-07-22T11:26:03.519+0000] {dag.py:3508} INFO - Setting next_dagrun for data_ingestion-pq to 2023-07-23T00:00:00+00:00, run_after=2023-07-30T00:00:00+00:00
[2023-07-22T11:26:03.558+0000] {processor.py:179} INFO - Processing /opt/airflow/dags/data_ingest_pq.py took 0.216 seconds
[2023-07-22T11:26:33.834+0000] {processor.py:157} INFO - Started process (PID=163) to work on /opt/airflow/dags/data_ingest_pq.py
[2023-07-22T11:26:33.839+0000] {processor.py:826} INFO - Processing file /opt/airflow/dags/data_ingest_pq.py for tasks to queue
[2023-07-22T11:26:33.841+0000] {logging_mixin.py:150} INFO - [2023-07-22T11:26:33.841+0000] {dagbag.py:541} INFO - Filling up the DagBag from /opt/airflow/dags/data_ingest_pq.py
[2023-07-22T11:26:33.887+0000] {processor.py:836} INFO - DAG(s) dict_keys(['data_ingestion-pq']) retrieved from /opt/airflow/dags/data_ingest_pq.py
[2023-07-22T11:26:33.925+0000] {logging_mixin.py:150} INFO - [2023-07-22T11:26:33.925+0000] {dag.py:2742} INFO - Sync 1 DAGs
[2023-07-22T11:26:33.964+0000] {logging_mixin.py:150} INFO - [2023-07-22T11:26:33.964+0000] {dag.py:3508} INFO - Setting next_dagrun for data_ingestion-pq to 2023-07-23T00:00:00+00:00, run_after=2023-07-30T00:00:00+00:00
[2023-07-22T11:26:33.998+0000] {processor.py:179} INFO - Processing /opt/airflow/dags/data_ingest_pq.py took 0.171 seconds
[2023-07-22T11:27:04.251+0000] {processor.py:157} INFO - Started process (PID=184) to work on /opt/airflow/dags/data_ingest_pq.py
[2023-07-22T11:27:04.253+0000] {processor.py:826} INFO - Processing file /opt/airflow/dags/data_ingest_pq.py for tasks to queue
[2023-07-22T11:27:04.257+0000] {logging_mixin.py:150} INFO - [2023-07-22T11:27:04.256+0000] {dagbag.py:541} INFO - Filling up the DagBag from /opt/airflow/dags/data_ingest_pq.py
[2023-07-22T11:27:04.320+0000] {processor.py:836} INFO - DAG(s) dict_keys(['data_ingestion-pq']) retrieved from /opt/airflow/dags/data_ingest_pq.py
[2023-07-22T11:27:04.365+0000] {logging_mixin.py:150} INFO - [2023-07-22T11:27:04.365+0000] {dag.py:2742} INFO - Sync 1 DAGs
[2023-07-22T11:27:04.407+0000] {logging_mixin.py:150} INFO - [2023-07-22T11:27:04.406+0000] {dag.py:3508} INFO - Setting next_dagrun for data_ingestion-pq to 2023-07-23T00:00:00+00:00, run_after=2023-07-30T00:00:00+00:00
[2023-07-22T11:27:04.446+0000] {processor.py:179} INFO - Processing /opt/airflow/dags/data_ingest_pq.py took 0.202 seconds
[2023-07-22T11:27:34.821+0000] {processor.py:157} INFO - Started process (PID=213) to work on /opt/airflow/dags/data_ingest_pq.py
[2023-07-22T11:27:34.832+0000] {processor.py:826} INFO - Processing file /opt/airflow/dags/data_ingest_pq.py for tasks to queue
[2023-07-22T11:27:34.833+0000] {logging_mixin.py:150} INFO - [2023-07-22T11:27:34.833+0000] {dagbag.py:541} INFO - Filling up the DagBag from /opt/airflow/dags/data_ingest_pq.py
[2023-07-22T11:27:35.532+0000] {processor.py:836} INFO - DAG(s) dict_keys(['data_ingestion-pq']) retrieved from /opt/airflow/dags/data_ingest_pq.py
[2023-07-22T11:27:36.212+0000] {logging_mixin.py:150} INFO - [2023-07-22T11:27:36.212+0000] {dag.py:2742} INFO - Sync 1 DAGs
[2023-07-22T11:27:36.522+0000] {processor.py:179} INFO - Processing /opt/airflow/dags/data_ingest_pq.py took 1.706 seconds
[2023-07-22T11:28:06.892+0000] {processor.py:157} INFO - Started process (PID=233) to work on /opt/airflow/dags/data_ingest_pq.py
[2023-07-22T11:28:06.894+0000] {processor.py:826} INFO - Processing file /opt/airflow/dags/data_ingest_pq.py for tasks to queue
[2023-07-22T11:28:06.896+0000] {logging_mixin.py:150} INFO - [2023-07-22T11:28:06.895+0000] {dagbag.py:541} INFO - Filling up the DagBag from /opt/airflow/dags/data_ingest_pq.py
[2023-07-22T11:28:06.947+0000] {processor.py:836} INFO - DAG(s) dict_keys(['data_ingestion-pq']) retrieved from /opt/airflow/dags/data_ingest_pq.py
[2023-07-22T11:28:06.992+0000] {logging_mixin.py:150} INFO - [2023-07-22T11:28:06.991+0000] {dag.py:2742} INFO - Sync 1 DAGs
[2023-07-22T11:28:07.063+0000] {processor.py:179} INFO - Processing /opt/airflow/dags/data_ingest_pq.py took 0.178 seconds
[2023-07-22T11:28:37.317+0000] {processor.py:157} INFO - Started process (PID=253) to work on /opt/airflow/dags/data_ingest_pq.py
[2023-07-22T11:28:37.320+0000] {processor.py:826} INFO - Processing file /opt/airflow/dags/data_ingest_pq.py for tasks to queue
[2023-07-22T11:28:37.324+0000] {logging_mixin.py:150} INFO - [2023-07-22T11:28:37.323+0000] {dagbag.py:541} INFO - Filling up the DagBag from /opt/airflow/dags/data_ingest_pq.py
[2023-07-22T11:28:37.372+0000] {processor.py:836} INFO - DAG(s) dict_keys(['data_ingestion-pq']) retrieved from /opt/airflow/dags/data_ingest_pq.py
[2023-07-22T11:28:37.413+0000] {logging_mixin.py:150} INFO - [2023-07-22T11:28:37.412+0000] {dag.py:2742} INFO - Sync 1 DAGs
[2023-07-22T11:28:37.480+0000] {processor.py:179} INFO - Processing /opt/airflow/dags/data_ingest_pq.py took 0.168 seconds
[2023-07-22T11:29:07.777+0000] {processor.py:157} INFO - Started process (PID=279) to work on /opt/airflow/dags/data_ingest_pq.py
[2023-07-22T11:29:07.781+0000] {processor.py:826} INFO - Processing file /opt/airflow/dags/data_ingest_pq.py for tasks to queue
[2023-07-22T11:29:07.783+0000] {logging_mixin.py:150} INFO - [2023-07-22T11:29:07.783+0000] {dagbag.py:541} INFO - Filling up the DagBag from /opt/airflow/dags/data_ingest_pq.py
[2023-07-22T11:29:07.847+0000] {processor.py:836} INFO - DAG(s) dict_keys(['data_ingestion-pq']) retrieved from /opt/airflow/dags/data_ingest_pq.py
[2023-07-22T11:29:07.902+0000] {logging_mixin.py:150} INFO - [2023-07-22T11:29:07.902+0000] {dag.py:2742} INFO - Sync 1 DAGs
[2023-07-22T11:29:08.000+0000] {processor.py:179} INFO - Processing /opt/airflow/dags/data_ingest_pq.py took 0.228 seconds
[2023-07-22T11:29:38.300+0000] {processor.py:157} INFO - Started process (PID=301) to work on /opt/airflow/dags/data_ingest_pq.py
[2023-07-22T11:29:38.313+0000] {processor.py:826} INFO - Processing file /opt/airflow/dags/data_ingest_pq.py for tasks to queue
[2023-07-22T11:29:38.330+0000] {logging_mixin.py:150} INFO - [2023-07-22T11:29:38.325+0000] {dagbag.py:541} INFO - Filling up the DagBag from /opt/airflow/dags/data_ingest_pq.py
[2023-07-22T11:29:38.464+0000] {processor.py:836} INFO - DAG(s) dict_keys(['data_ingestion-pq']) retrieved from /opt/airflow/dags/data_ingest_pq.py
[2023-07-22T11:29:38.622+0000] {logging_mixin.py:150} INFO - [2023-07-22T11:29:38.621+0000] {dag.py:2742} INFO - Sync 1 DAGs
[2023-07-22T11:29:38.821+0000] {processor.py:179} INFO - Processing /opt/airflow/dags/data_ingest_pq.py took 0.543 seconds
[2023-07-22T11:30:09.208+0000] {processor.py:157} INFO - Started process (PID=321) to work on /opt/airflow/dags/data_ingest_pq.py
[2023-07-22T11:30:09.222+0000] {processor.py:826} INFO - Processing file /opt/airflow/dags/data_ingest_pq.py for tasks to queue
[2023-07-22T11:30:09.226+0000] {logging_mixin.py:150} INFO - [2023-07-22T11:30:09.225+0000] {dagbag.py:541} INFO - Filling up the DagBag from /opt/airflow/dags/data_ingest_pq.py
[2023-07-22T11:30:09.346+0000] {processor.py:836} INFO - DAG(s) dict_keys(['data_ingestion-pq']) retrieved from /opt/airflow/dags/data_ingest_pq.py
[2023-07-22T11:30:09.460+0000] {logging_mixin.py:150} INFO - [2023-07-22T11:30:09.459+0000] {dag.py:2742} INFO - Sync 1 DAGs
[2023-07-22T11:30:09.635+0000] {processor.py:179} INFO - Processing /opt/airflow/dags/data_ingest_pq.py took 0.433 seconds
[2023-07-22T11:30:39.898+0000] {processor.py:157} INFO - Started process (PID=350) to work on /opt/airflow/dags/data_ingest_pq.py
[2023-07-22T11:30:39.902+0000] {processor.py:826} INFO - Processing file /opt/airflow/dags/data_ingest_pq.py for tasks to queue
[2023-07-22T11:30:39.904+0000] {logging_mixin.py:150} INFO - [2023-07-22T11:30:39.903+0000] {dagbag.py:541} INFO - Filling up the DagBag from /opt/airflow/dags/data_ingest_pq.py
[2023-07-22T11:30:39.954+0000] {processor.py:836} INFO - DAG(s) dict_keys(['data_ingestion-pq']) retrieved from /opt/airflow/dags/data_ingest_pq.py
[2023-07-22T11:30:39.994+0000] {logging_mixin.py:150} INFO - [2023-07-22T11:30:39.993+0000] {dag.py:2742} INFO - Sync 1 DAGs
[2023-07-22T11:30:40.103+0000] {processor.py:179} INFO - Processing /opt/airflow/dags/data_ingest_pq.py took 0.211 seconds
[2023-07-22T11:31:10.411+0000] {processor.py:157} INFO - Started process (PID=370) to work on /opt/airflow/dags/data_ingest_pq.py
[2023-07-22T11:31:10.415+0000] {processor.py:826} INFO - Processing file /opt/airflow/dags/data_ingest_pq.py for tasks to queue
[2023-07-22T11:31:10.421+0000] {logging_mixin.py:150} INFO - [2023-07-22T11:31:10.420+0000] {dagbag.py:541} INFO - Filling up the DagBag from /opt/airflow/dags/data_ingest_pq.py
[2023-07-22T11:31:10.501+0000] {processor.py:836} INFO - DAG(s) dict_keys(['data_ingestion-pq']) retrieved from /opt/airflow/dags/data_ingest_pq.py
[2023-07-22T11:31:10.568+0000] {logging_mixin.py:150} INFO - [2023-07-22T11:31:10.567+0000] {dag.py:2742} INFO - Sync 1 DAGs
[2023-07-22T11:31:10.645+0000] {processor.py:179} INFO - Processing /opt/airflow/dags/data_ingest_pq.py took 0.244 seconds
[2023-07-22T11:31:41.005+0000] {processor.py:157} INFO - Started process (PID=389) to work on /opt/airflow/dags/data_ingest_pq.py
[2023-07-22T11:31:41.007+0000] {processor.py:826} INFO - Processing file /opt/airflow/dags/data_ingest_pq.py for tasks to queue
[2023-07-22T11:31:41.009+0000] {logging_mixin.py:150} INFO - [2023-07-22T11:31:41.008+0000] {dagbag.py:541} INFO - Filling up the DagBag from /opt/airflow/dags/data_ingest_pq.py
[2023-07-22T11:31:41.081+0000] {processor.py:836} INFO - DAG(s) dict_keys(['data_ingestion-pq']) retrieved from /opt/airflow/dags/data_ingest_pq.py
[2023-07-22T11:31:41.270+0000] {logging_mixin.py:150} INFO - [2023-07-22T11:31:41.270+0000] {dag.py:2742} INFO - Sync 1 DAGs
[2023-07-22T11:31:41.432+0000] {processor.py:179} INFO - Processing /opt/airflow/dags/data_ingest_pq.py took 0.432 seconds
[2023-07-22T11:32:11.645+0000] {processor.py:157} INFO - Started process (PID=409) to work on /opt/airflow/dags/data_ingest_pq.py
[2023-07-22T11:32:11.647+0000] {processor.py:826} INFO - Processing file /opt/airflow/dags/data_ingest_pq.py for tasks to queue
[2023-07-22T11:32:11.648+0000] {logging_mixin.py:150} INFO - [2023-07-22T11:32:11.648+0000] {dagbag.py:541} INFO - Filling up the DagBag from /opt/airflow/dags/data_ingest_pq.py
[2023-07-22T11:32:11.709+0000] {processor.py:836} INFO - DAG(s) dict_keys(['data_ingestion-pq']) retrieved from /opt/airflow/dags/data_ingest_pq.py
[2023-07-22T11:32:11.758+0000] {logging_mixin.py:150} INFO - [2023-07-22T11:32:11.757+0000] {dag.py:2742} INFO - Sync 1 DAGs
[2023-07-22T11:32:11.830+0000] {processor.py:179} INFO - Processing /opt/airflow/dags/data_ingest_pq.py took 0.190 seconds
[2023-07-22T11:32:42.085+0000] {processor.py:157} INFO - Started process (PID=429) to work on /opt/airflow/dags/data_ingest_pq.py
[2023-07-22T11:32:42.089+0000] {processor.py:826} INFO - Processing file /opt/airflow/dags/data_ingest_pq.py for tasks to queue
[2023-07-22T11:32:42.092+0000] {logging_mixin.py:150} INFO - [2023-07-22T11:32:42.091+0000] {dagbag.py:541} INFO - Filling up the DagBag from /opt/airflow/dags/data_ingest_pq.py
[2023-07-22T11:32:42.151+0000] {processor.py:836} INFO - DAG(s) dict_keys(['data_ingestion-pq']) retrieved from /opt/airflow/dags/data_ingest_pq.py
[2023-07-22T11:32:42.193+0000] {logging_mixin.py:150} INFO - [2023-07-22T11:32:42.193+0000] {dag.py:2742} INFO - Sync 1 DAGs
[2023-07-22T11:32:42.262+0000] {processor.py:179} INFO - Processing /opt/airflow/dags/data_ingest_pq.py took 0.187 seconds
[2023-07-22T11:33:12.337+0000] {processor.py:157} INFO - Started process (PID=458) to work on /opt/airflow/dags/data_ingest_pq.py
[2023-07-22T11:33:12.339+0000] {processor.py:826} INFO - Processing file /opt/airflow/dags/data_ingest_pq.py for tasks to queue
[2023-07-22T11:33:12.341+0000] {logging_mixin.py:150} INFO - [2023-07-22T11:33:12.340+0000] {dagbag.py:541} INFO - Filling up the DagBag from /opt/airflow/dags/data_ingest_pq.py
[2023-07-22T11:33:12.413+0000] {processor.py:836} INFO - DAG(s) dict_keys(['data_ingestion-pq']) retrieved from /opt/airflow/dags/data_ingest_pq.py
[2023-07-22T11:33:12.459+0000] {logging_mixin.py:150} INFO - [2023-07-22T11:33:12.459+0000] {dag.py:2742} INFO - Sync 1 DAGs
[2023-07-22T11:33:12.519+0000] {processor.py:179} INFO - Processing /opt/airflow/dags/data_ingest_pq.py took 0.187 seconds
[2023-07-22T11:33:42.786+0000] {processor.py:157} INFO - Started process (PID=478) to work on /opt/airflow/dags/data_ingest_pq.py
[2023-07-22T11:33:42.790+0000] {processor.py:826} INFO - Processing file /opt/airflow/dags/data_ingest_pq.py for tasks to queue
[2023-07-22T11:33:42.795+0000] {logging_mixin.py:150} INFO - [2023-07-22T11:33:42.793+0000] {dagbag.py:541} INFO - Filling up the DagBag from /opt/airflow/dags/data_ingest_pq.py
[2023-07-22T11:33:42.842+0000] {processor.py:836} INFO - DAG(s) dict_keys(['data_ingestion-pq']) retrieved from /opt/airflow/dags/data_ingest_pq.py
[2023-07-22T11:33:42.879+0000] {logging_mixin.py:150} INFO - [2023-07-22T11:33:42.878+0000] {dag.py:2742} INFO - Sync 1 DAGs
[2023-07-22T11:33:42.942+0000] {processor.py:179} INFO - Processing /opt/airflow/dags/data_ingest_pq.py took 0.173 seconds
[2023-07-22T11:34:13.201+0000] {processor.py:157} INFO - Started process (PID=500) to work on /opt/airflow/dags/data_ingest_pq.py
[2023-07-22T11:34:13.203+0000] {processor.py:826} INFO - Processing file /opt/airflow/dags/data_ingest_pq.py for tasks to queue
[2023-07-22T11:34:13.206+0000] {logging_mixin.py:150} INFO - [2023-07-22T11:34:13.205+0000] {dagbag.py:541} INFO - Filling up the DagBag from /opt/airflow/dags/data_ingest_pq.py
[2023-07-22T11:34:13.256+0000] {processor.py:836} INFO - DAG(s) dict_keys(['data_ingestion-pq']) retrieved from /opt/airflow/dags/data_ingest_pq.py
[2023-07-22T11:34:13.297+0000] {logging_mixin.py:150} INFO - [2023-07-22T11:34:13.297+0000] {dag.py:2742} INFO - Sync 1 DAGs
[2023-07-22T11:34:13.367+0000] {processor.py:179} INFO - Processing /opt/airflow/dags/data_ingest_pq.py took 0.171 seconds
[2023-07-22T11:34:43.763+0000] {processor.py:157} INFO - Started process (PID=529) to work on /opt/airflow/dags/data_ingest_pq.py
[2023-07-22T11:34:43.771+0000] {processor.py:826} INFO - Processing file /opt/airflow/dags/data_ingest_pq.py for tasks to queue
[2023-07-22T11:34:43.780+0000] {logging_mixin.py:150} INFO - [2023-07-22T11:34:43.780+0000] {dagbag.py:541} INFO - Filling up the DagBag from /opt/airflow/dags/data_ingest_pq.py
[2023-07-22T11:34:44.058+0000] {processor.py:836} INFO - DAG(s) dict_keys(['data_ingestion-pq']) retrieved from /opt/airflow/dags/data_ingest_pq.py
[2023-07-22T11:34:44.196+0000] {logging_mixin.py:150} INFO - [2023-07-22T11:34:44.196+0000] {dag.py:2742} INFO - Sync 1 DAGs
[2023-07-22T11:34:44.525+0000] {processor.py:179} INFO - Processing /opt/airflow/dags/data_ingest_pq.py took 0.784 seconds
[2023-07-22T11:35:14.771+0000] {processor.py:157} INFO - Started process (PID=548) to work on /opt/airflow/dags/data_ingest_pq.py
[2023-07-22T11:35:14.780+0000] {processor.py:826} INFO - Processing file /opt/airflow/dags/data_ingest_pq.py for tasks to queue
[2023-07-22T11:35:14.783+0000] {logging_mixin.py:150} INFO - [2023-07-22T11:35:14.782+0000] {dagbag.py:541} INFO - Filling up the DagBag from /opt/airflow/dags/data_ingest_pq.py
[2023-07-22T11:35:14.911+0000] {processor.py:836} INFO - DAG(s) dict_keys(['data_ingestion-pq']) retrieved from /opt/airflow/dags/data_ingest_pq.py
[2023-07-22T11:35:14.979+0000] {logging_mixin.py:150} INFO - [2023-07-22T11:35:14.978+0000] {dag.py:2742} INFO - Sync 1 DAGs
[2023-07-22T11:35:15.095+0000] {processor.py:179} INFO - Processing /opt/airflow/dags/data_ingest_pq.py took 0.331 seconds
[2023-07-22T11:35:45.360+0000] {processor.py:157} INFO - Started process (PID=568) to work on /opt/airflow/dags/data_ingest_pq.py
[2023-07-22T11:35:45.362+0000] {processor.py:826} INFO - Processing file /opt/airflow/dags/data_ingest_pq.py for tasks to queue
[2023-07-22T11:35:45.365+0000] {logging_mixin.py:150} INFO - [2023-07-22T11:35:45.364+0000] {dagbag.py:541} INFO - Filling up the DagBag from /opt/airflow/dags/data_ingest_pq.py
[2023-07-22T11:35:45.418+0000] {processor.py:836} INFO - DAG(s) dict_keys(['data_ingestion-pq']) retrieved from /opt/airflow/dags/data_ingest_pq.py
[2023-07-22T11:35:45.455+0000] {logging_mixin.py:150} INFO - [2023-07-22T11:35:45.455+0000] {dag.py:2742} INFO - Sync 1 DAGs
[2023-07-22T11:35:45.525+0000] {processor.py:179} INFO - Processing /opt/airflow/dags/data_ingest_pq.py took 0.171 seconds
[2023-07-22T11:36:15.803+0000] {processor.py:157} INFO - Started process (PID=588) to work on /opt/airflow/dags/data_ingest_pq.py
[2023-07-22T11:36:15.805+0000] {processor.py:826} INFO - Processing file /opt/airflow/dags/data_ingest_pq.py for tasks to queue
[2023-07-22T11:36:15.807+0000] {logging_mixin.py:150} INFO - [2023-07-22T11:36:15.806+0000] {dagbag.py:541} INFO - Filling up the DagBag from /opt/airflow/dags/data_ingest_pq.py
[2023-07-22T11:36:15.851+0000] {processor.py:836} INFO - DAG(s) dict_keys(['data_ingestion-pq']) retrieved from /opt/airflow/dags/data_ingest_pq.py
[2023-07-22T11:36:15.888+0000] {logging_mixin.py:150} INFO - [2023-07-22T11:36:15.887+0000] {dag.py:2742} INFO - Sync 1 DAGs
[2023-07-22T11:36:15.951+0000] {processor.py:179} INFO - Processing /opt/airflow/dags/data_ingest_pq.py took 0.153 seconds
[2023-07-22T11:36:46.197+0000] {processor.py:157} INFO - Started process (PID=619) to work on /opt/airflow/dags/data_ingest_pq.py
[2023-07-22T11:36:46.204+0000] {processor.py:826} INFO - Processing file /opt/airflow/dags/data_ingest_pq.py for tasks to queue
[2023-07-22T11:36:46.208+0000] {logging_mixin.py:150} INFO - [2023-07-22T11:36:46.207+0000] {dagbag.py:541} INFO - Filling up the DagBag from /opt/airflow/dags/data_ingest_pq.py
[2023-07-22T11:36:46.257+0000] {processor.py:836} INFO - DAG(s) dict_keys(['data_ingestion-pq']) retrieved from /opt/airflow/dags/data_ingest_pq.py
[2023-07-22T11:36:46.295+0000] {logging_mixin.py:150} INFO - [2023-07-22T11:36:46.294+0000] {dag.py:2742} INFO - Sync 1 DAGs
[2023-07-22T11:36:46.358+0000] {processor.py:179} INFO - Processing /opt/airflow/dags/data_ingest_pq.py took 0.171 seconds
[2023-07-22T11:37:16.704+0000] {processor.py:157} INFO - Started process (PID=638) to work on /opt/airflow/dags/data_ingest_pq.py
[2023-07-22T11:37:16.708+0000] {processor.py:826} INFO - Processing file /opt/airflow/dags/data_ingest_pq.py for tasks to queue
[2023-07-22T11:37:16.711+0000] {logging_mixin.py:150} INFO - [2023-07-22T11:37:16.709+0000] {dagbag.py:541} INFO - Filling up the DagBag from /opt/airflow/dags/data_ingest_pq.py
[2023-07-22T11:37:16.801+0000] {processor.py:836} INFO - DAG(s) dict_keys(['data_ingestion-pq']) retrieved from /opt/airflow/dags/data_ingest_pq.py
[2023-07-22T11:37:16.882+0000] {logging_mixin.py:150} INFO - [2023-07-22T11:37:16.882+0000] {dag.py:2742} INFO - Sync 1 DAGs
[2023-07-22T11:37:16.976+0000] {processor.py:179} INFO - Processing /opt/airflow/dags/data_ingest_pq.py took 0.281 seconds
[2023-07-22T11:37:47.238+0000] {processor.py:157} INFO - Started process (PID=657) to work on /opt/airflow/dags/data_ingest_pq.py
[2023-07-22T11:37:47.239+0000] {processor.py:826} INFO - Processing file /opt/airflow/dags/data_ingest_pq.py for tasks to queue
[2023-07-22T11:37:47.242+0000] {logging_mixin.py:150} INFO - [2023-07-22T11:37:47.242+0000] {dagbag.py:541} INFO - Filling up the DagBag from /opt/airflow/dags/data_ingest_pq.py
[2023-07-22T11:37:47.312+0000] {processor.py:836} INFO - DAG(s) dict_keys(['data_ingestion-pq']) retrieved from /opt/airflow/dags/data_ingest_pq.py
[2023-07-22T11:37:47.401+0000] {logging_mixin.py:150} INFO - [2023-07-22T11:37:47.400+0000] {dag.py:2742} INFO - Sync 1 DAGs
[2023-07-22T11:37:47.561+0000] {logging_mixin.py:150} INFO - [2023-07-22T11:37:47.560+0000] {dag.py:3508} INFO - Setting next_dagrun for data_ingestion-pq to 2023-07-23T00:00:00+00:00, run_after=2023-07-30T00:00:00+00:00
[2023-07-22T11:37:47.601+0000] {processor.py:179} INFO - Processing /opt/airflow/dags/data_ingest_pq.py took 0.368 seconds
[2023-07-22T11:38:17.897+0000] {processor.py:157} INFO - Started process (PID=678) to work on /opt/airflow/dags/data_ingest_pq.py
[2023-07-22T11:38:17.900+0000] {processor.py:826} INFO - Processing file /opt/airflow/dags/data_ingest_pq.py for tasks to queue
[2023-07-22T11:38:17.910+0000] {logging_mixin.py:150} INFO - [2023-07-22T11:38:17.910+0000] {dagbag.py:541} INFO - Filling up the DagBag from /opt/airflow/dags/data_ingest_pq.py
[2023-07-22T11:38:18.142+0000] {processor.py:836} INFO - DAG(s) dict_keys(['data_ingestion-pq']) retrieved from /opt/airflow/dags/data_ingest_pq.py
[2023-07-22T11:38:18.266+0000] {logging_mixin.py:150} INFO - [2023-07-22T11:38:18.266+0000] {dag.py:2742} INFO - Sync 1 DAGs
[2023-07-22T11:38:18.330+0000] {logging_mixin.py:150} INFO - [2023-07-22T11:38:18.329+0000] {dag.py:3508} INFO - Setting next_dagrun for data_ingestion-pq to 2023-07-23T00:00:00+00:00, run_after=2023-07-30T00:00:00+00:00
[2023-07-22T11:38:18.374+0000] {processor.py:179} INFO - Processing /opt/airflow/dags/data_ingest_pq.py took 0.486 seconds
[2023-07-22T11:38:48.583+0000] {processor.py:157} INFO - Started process (PID=704) to work on /opt/airflow/dags/data_ingest_pq.py
[2023-07-22T11:38:48.585+0000] {processor.py:826} INFO - Processing file /opt/airflow/dags/data_ingest_pq.py for tasks to queue
[2023-07-22T11:38:48.587+0000] {logging_mixin.py:150} INFO - [2023-07-22T11:38:48.586+0000] {dagbag.py:541} INFO - Filling up the DagBag from /opt/airflow/dags/data_ingest_pq.py
[2023-07-22T11:38:48.705+0000] {processor.py:836} INFO - DAG(s) dict_keys(['data_ingestion-pq']) retrieved from /opt/airflow/dags/data_ingest_pq.py
[2023-07-22T11:38:48.775+0000] {logging_mixin.py:150} INFO - [2023-07-22T11:38:48.775+0000] {dag.py:2742} INFO - Sync 1 DAGs
[2023-07-22T11:38:48.819+0000] {logging_mixin.py:150} INFO - [2023-07-22T11:38:48.818+0000] {dag.py:3508} INFO - Setting next_dagrun for data_ingestion-pq to 2023-07-23T00:00:00+00:00, run_after=2023-07-30T00:00:00+00:00
[2023-07-22T11:38:48.855+0000] {processor.py:179} INFO - Processing /opt/airflow/dags/data_ingest_pq.py took 0.277 seconds
[2023-07-22T11:39:19.164+0000] {processor.py:157} INFO - Started process (PID=725) to work on /opt/airflow/dags/data_ingest_pq.py
[2023-07-22T11:39:19.170+0000] {processor.py:826} INFO - Processing file /opt/airflow/dags/data_ingest_pq.py for tasks to queue
[2023-07-22T11:39:19.174+0000] {logging_mixin.py:150} INFO - [2023-07-22T11:39:19.174+0000] {dagbag.py:541} INFO - Filling up the DagBag from /opt/airflow/dags/data_ingest_pq.py
[2023-07-22T11:39:19.320+0000] {processor.py:836} INFO - DAG(s) dict_keys(['data_ingestion-pq']) retrieved from /opt/airflow/dags/data_ingest_pq.py
[2023-07-22T11:39:19.390+0000] {logging_mixin.py:150} INFO - [2023-07-22T11:39:19.390+0000] {dag.py:2742} INFO - Sync 1 DAGs
[2023-07-22T11:39:19.438+0000] {logging_mixin.py:150} INFO - [2023-07-22T11:39:19.437+0000] {dag.py:3508} INFO - Setting next_dagrun for data_ingestion-pq to 2023-07-23T00:00:00+00:00, run_after=2023-07-30T00:00:00+00:00
[2023-07-22T11:39:19.471+0000] {processor.py:179} INFO - Processing /opt/airflow/dags/data_ingest_pq.py took 0.322 seconds
[2023-07-22T11:39:49.701+0000] {processor.py:157} INFO - Started process (PID=745) to work on /opt/airflow/dags/data_ingest_pq.py
[2023-07-22T11:39:49.703+0000] {processor.py:826} INFO - Processing file /opt/airflow/dags/data_ingest_pq.py for tasks to queue
[2023-07-22T11:39:49.705+0000] {logging_mixin.py:150} INFO - [2023-07-22T11:39:49.704+0000] {dagbag.py:541} INFO - Filling up the DagBag from /opt/airflow/dags/data_ingest_pq.py
[2023-07-22T11:39:49.753+0000] {processor.py:836} INFO - DAG(s) dict_keys(['data_ingestion-pq']) retrieved from /opt/airflow/dags/data_ingest_pq.py
[2023-07-22T11:39:49.799+0000] {logging_mixin.py:150} INFO - [2023-07-22T11:39:49.799+0000] {dag.py:2742} INFO - Sync 1 DAGs
[2023-07-22T11:39:49.839+0000] {logging_mixin.py:150} INFO - [2023-07-22T11:39:49.839+0000] {dag.py:3508} INFO - Setting next_dagrun for data_ingestion-pq to 2023-07-23T00:00:00+00:00, run_after=2023-07-30T00:00:00+00:00
[2023-07-22T11:39:49.873+0000] {processor.py:179} INFO - Processing /opt/airflow/dags/data_ingest_pq.py took 0.178 seconds
[2023-07-22T11:40:20.077+0000] {processor.py:157} INFO - Started process (PID=765) to work on /opt/airflow/dags/data_ingest_pq.py
[2023-07-22T11:40:20.079+0000] {processor.py:826} INFO - Processing file /opt/airflow/dags/data_ingest_pq.py for tasks to queue
[2023-07-22T11:40:20.081+0000] {logging_mixin.py:150} INFO - [2023-07-22T11:40:20.081+0000] {dagbag.py:541} INFO - Filling up the DagBag from /opt/airflow/dags/data_ingest_pq.py
[2023-07-22T11:40:20.152+0000] {processor.py:836} INFO - DAG(s) dict_keys(['data_ingestion-pq']) retrieved from /opt/airflow/dags/data_ingest_pq.py
[2023-07-22T11:40:20.249+0000] {logging_mixin.py:150} INFO - [2023-07-22T11:40:20.249+0000] {dag.py:2742} INFO - Sync 1 DAGs
[2023-07-22T11:40:20.330+0000] {logging_mixin.py:150} INFO - [2023-07-22T11:40:20.328+0000] {dag.py:3508} INFO - Setting next_dagrun for data_ingestion-pq to 2023-07-23T00:00:00+00:00, run_after=2023-07-30T00:00:00+00:00
[2023-07-22T11:40:20.381+0000] {processor.py:179} INFO - Processing /opt/airflow/dags/data_ingest_pq.py took 0.313 seconds
[2023-07-22T11:40:50.581+0000] {processor.py:157} INFO - Started process (PID=793) to work on /opt/airflow/dags/data_ingest_pq.py
[2023-07-22T11:40:50.585+0000] {processor.py:826} INFO - Processing file /opt/airflow/dags/data_ingest_pq.py for tasks to queue
[2023-07-22T11:40:50.587+0000] {logging_mixin.py:150} INFO - [2023-07-22T11:40:50.587+0000] {dagbag.py:541} INFO - Filling up the DagBag from /opt/airflow/dags/data_ingest_pq.py
[2023-07-22T11:40:50.700+0000] {processor.py:836} INFO - DAG(s) dict_keys(['data_ingestion-pq']) retrieved from /opt/airflow/dags/data_ingest_pq.py
[2023-07-22T11:40:50.775+0000] {logging_mixin.py:150} INFO - [2023-07-22T11:40:50.775+0000] {dag.py:2742} INFO - Sync 1 DAGs
[2023-07-22T11:40:50.858+0000] {logging_mixin.py:150} INFO - [2023-07-22T11:40:50.858+0000] {dag.py:3508} INFO - Setting next_dagrun for data_ingestion-pq to 2023-07-23T00:00:00+00:00, run_after=2023-07-30T00:00:00+00:00
[2023-07-22T11:40:50.900+0000] {processor.py:179} INFO - Processing /opt/airflow/dags/data_ingest_pq.py took 0.334 seconds
[2023-07-22T11:41:21.186+0000] {processor.py:157} INFO - Started process (PID=813) to work on /opt/airflow/dags/data_ingest_pq.py
[2023-07-22T11:41:21.191+0000] {processor.py:826} INFO - Processing file /opt/airflow/dags/data_ingest_pq.py for tasks to queue
[2023-07-22T11:41:21.193+0000] {logging_mixin.py:150} INFO - [2023-07-22T11:41:21.192+0000] {dagbag.py:541} INFO - Filling up the DagBag from /opt/airflow/dags/data_ingest_pq.py
[2023-07-22T11:41:21.247+0000] {processor.py:836} INFO - DAG(s) dict_keys(['data_ingestion-pq']) retrieved from /opt/airflow/dags/data_ingest_pq.py
[2023-07-22T11:41:21.286+0000] {logging_mixin.py:150} INFO - [2023-07-22T11:41:21.286+0000] {dag.py:2742} INFO - Sync 1 DAGs
[2023-07-22T11:41:21.329+0000] {logging_mixin.py:150} INFO - [2023-07-22T11:41:21.329+0000] {dag.py:3508} INFO - Setting next_dagrun for data_ingestion-pq to 2023-07-23T00:00:00+00:00, run_after=2023-07-30T00:00:00+00:00
[2023-07-22T11:41:21.357+0000] {processor.py:179} INFO - Processing /opt/airflow/dags/data_ingest_pq.py took 0.177 seconds
[2023-07-22T11:41:51.529+0000] {processor.py:157} INFO - Started process (PID=833) to work on /opt/airflow/dags/data_ingest_pq.py
[2023-07-22T11:41:51.535+0000] {processor.py:826} INFO - Processing file /opt/airflow/dags/data_ingest_pq.py for tasks to queue
[2023-07-22T11:41:51.537+0000] {logging_mixin.py:150} INFO - [2023-07-22T11:41:51.536+0000] {dagbag.py:541} INFO - Filling up the DagBag from /opt/airflow/dags/data_ingest_pq.py
[2023-07-22T11:41:51.583+0000] {processor.py:836} INFO - DAG(s) dict_keys(['data_ingestion-pq']) retrieved from /opt/airflow/dags/data_ingest_pq.py
[2023-07-22T11:41:51.624+0000] {logging_mixin.py:150} INFO - [2023-07-22T11:41:51.624+0000] {dag.py:2742} INFO - Sync 1 DAGs
[2023-07-22T11:41:51.660+0000] {logging_mixin.py:150} INFO - [2023-07-22T11:41:51.660+0000] {dag.py:3508} INFO - Setting next_dagrun for data_ingestion-pq to 2023-07-23T00:00:00+00:00, run_after=2023-07-30T00:00:00+00:00
[2023-07-22T11:41:51.689+0000] {processor.py:179} INFO - Processing /opt/airflow/dags/data_ingest_pq.py took 0.165 seconds
[2023-07-22T11:42:21.968+0000] {processor.py:157} INFO - Started process (PID=863) to work on /opt/airflow/dags/data_ingest_pq.py
[2023-07-22T11:42:21.984+0000] {processor.py:826} INFO - Processing file /opt/airflow/dags/data_ingest_pq.py for tasks to queue
[2023-07-22T11:42:22.006+0000] {logging_mixin.py:150} INFO - [2023-07-22T11:42:22.005+0000] {dagbag.py:541} INFO - Filling up the DagBag from /opt/airflow/dags/data_ingest_pq.py
[2023-07-22T11:42:22.137+0000] {processor.py:836} INFO - DAG(s) dict_keys(['data_ingestion-pq']) retrieved from /opt/airflow/dags/data_ingest_pq.py
[2023-07-22T11:42:22.219+0000] {logging_mixin.py:150} INFO - [2023-07-22T11:42:22.219+0000] {dag.py:2742} INFO - Sync 1 DAGs
[2023-07-22T11:42:22.338+0000] {logging_mixin.py:150} INFO - [2023-07-22T11:42:22.329+0000] {dag.py:3508} INFO - Setting next_dagrun for data_ingestion-pq to 2023-07-23T00:00:00+00:00, run_after=2023-07-30T00:00:00+00:00
[2023-07-22T11:42:22.433+0000] {processor.py:179} INFO - Processing /opt/airflow/dags/data_ingest_pq.py took 0.490 seconds
