[2023-07-22T09:12:56.229+0000] {taskinstance.py:1103} INFO - Dependencies all met for dep_context=non-requeueable deps ti=<TaskInstance: data_ingestion_final_project.spark_cleansing_task manual__2023-07-22T09:11:20.285093+00:00 [queued]>
[2023-07-22T09:12:56.243+0000] {taskinstance.py:1103} INFO - Dependencies all met for dep_context=requeueable deps ti=<TaskInstance: data_ingestion_final_project.spark_cleansing_task manual__2023-07-22T09:11:20.285093+00:00 [queued]>
[2023-07-22T09:12:56.243+0000] {taskinstance.py:1308} INFO - Starting attempt 1 of 2
[2023-07-22T09:12:56.261+0000] {taskinstance.py:1327} INFO - Executing <Task(BashOperator): spark_cleansing_task> on 2023-07-22 09:11:20.285093+00:00
[2023-07-22T09:12:56.268+0000] {standard_task_runner.py:57} INFO - Started process 191 to run task
[2023-07-22T09:12:56.274+0000] {standard_task_runner.py:84} INFO - Running: ['***', 'tasks', 'run', 'data_ingestion_final_project', 'spark_cleansing_task', 'manual__2023-07-22T09:11:20.285093+00:00', '--job-id', '96', '--raw', '--subdir', 'DAGS_FOLDER/data_ingestion_final_project.py', '--cfg-path', '/tmp/tmpaj6p9z92']
[2023-07-22T09:12:56.279+0000] {standard_task_runner.py:85} INFO - Job 96: Subtask spark_cleansing_task
[2023-07-22T09:12:56.300+0000] {warnings.py:110} WARNING - /home/***/.local/lib/python3.7/site-packages/***/settings.py:195: DeprecationWarning: The sql_alchemy_conn option in [core] has been moved to the sql_alchemy_conn option in [database] - the old setting has been used, but please update your config.
  SQL_ALCHEMY_CONN = conf.get("database", "SQL_ALCHEMY_CONN")

[2023-07-22T09:12:56.352+0000] {task_command.py:410} INFO - Running <TaskInstance: data_ingestion_final_project.spark_cleansing_task manual__2023-07-22T09:11:20.285093+00:00 [running]> on host 06435c559ff5
[2023-07-22T09:12:56.492+0000] {taskinstance.py:1547} INFO - Exporting env vars: AIRFLOW_CTX_DAG_OWNER='***' AIRFLOW_CTX_DAG_ID='data_ingestion_final_project' AIRFLOW_CTX_TASK_ID='spark_cleansing_task' AIRFLOW_CTX_EXECUTION_DATE='2023-07-22T09:11:20.285093+00:00' AIRFLOW_CTX_TRY_NUMBER='1' AIRFLOW_CTX_DAG_RUN_ID='manual__2023-07-22T09:11:20.285093+00:00'
[2023-07-22T09:12:56.498+0000] {subprocess.py:63} INFO - Tmp dir root location: /tmp
[2023-07-22T09:12:56.505+0000] {subprocess.py:75} INFO - Running command: ['/bin/bash', '-c', 'cd /opt/***/spark && python3 spark-cleansing.py']
[2023-07-22T09:12:56.592+0000] {subprocess.py:86} INFO - Output:
[2023-07-22T09:12:58.296+0000] {subprocess.py:93} INFO - /home/***/.local/lib/python3.7/site-packages/pyspark/bin/load-spark-env.sh: line 68: ps: command not found
[2023-07-22T09:13:05.463+0000] {subprocess.py:93} INFO - Setting default log level to "WARN".
[2023-07-22T09:13:05.464+0000] {subprocess.py:93} INFO - To adjust logging level use sc.setLogLevel(newLevel). For SparkR, use setLogLevel(newLevel).
[2023-07-22T09:13:05.854+0000] {subprocess.py:93} INFO - 23/07/22 09:13:05 WARN NativeCodeLoader: Unable to load native-hadoop library for your platform... using builtin-java classes where applicable
[2023-07-22T09:13:26.715+0000] {subprocess.py:93} INFO - [Stage 0:>                                                          (0 + 1) / 1][Stage 0:===========================================================(1 + 0) / 1]                                                                                [Stage 1:>                                                          (0 + 2) / 2]                                                                                /home/***/.local/lib/python3.7/site-packages/pyspark/context.py:317: FutureWarning: Python 3.7 support is deprecated in Spark 3.4.
[2023-07-22T09:13:26.720+0000] {subprocess.py:93} INFO -   warnings.warn("Python 3.7 support is deprecated in Spark 3.4.", FutureWarning)
[2023-07-22T09:13:26.722+0000] {subprocess.py:93} INFO - ######################################
[2023-07-22T09:13:26.723+0000] {subprocess.py:93} INFO - READING CSV FILE
[2023-07-22T09:13:26.724+0000] {subprocess.py:93} INFO - ######################################
[2023-07-22T09:13:26.725+0000] {subprocess.py:93} INFO - ######################################
[2023-07-22T09:13:26.726+0000] {subprocess.py:93} INFO - FORMAT STANDARIZATION
[2023-07-22T09:13:26.727+0000] {subprocess.py:93} INFO - ######################################
[2023-07-22T09:13:26.727+0000] {subprocess.py:93} INFO - ######################################
[2023-07-22T09:13:26.727+0000] {subprocess.py:93} INFO - CLEANSE NULL DATA
[2023-07-22T09:13:26.728+0000] {subprocess.py:93} INFO - ######################################
[2023-07-22T09:13:26.728+0000] {subprocess.py:93} INFO - ######################################
[2023-07-22T09:13:26.729+0000] {subprocess.py:93} INFO - ADDING CLIENT_ID COLUMN
[2023-07-22T09:13:26.729+0000] {subprocess.py:93} INFO - ######################################
[2023-07-22T09:13:26.730+0000] {subprocess.py:93} INFO - ######################################
[2023-07-22T09:13:26.731+0000] {subprocess.py:93} INFO - ADDING DATE COLUMN
[2023-07-22T09:13:26.737+0000] {subprocess.py:93} INFO - ######################################
[2023-07-22T09:13:26.739+0000] {subprocess.py:93} INFO - ######################################
[2023-07-22T09:13:26.740+0000] {subprocess.py:93} INFO - SAVE DATA
[2023-07-22T09:13:26.742+0000] {subprocess.py:93} INFO - ######################################
[2023-07-22T09:13:26.743+0000] {subprocess.py:93} INFO - ######################################
[2023-07-22T09:13:26.744+0000] {subprocess.py:93} INFO - SUCCESS
[2023-07-22T09:13:26.745+0000] {subprocess.py:93} INFO - ######################################
[2023-07-22T09:13:27.509+0000] {subprocess.py:97} INFO - Command exited with return code 0
[2023-07-22T09:13:27.547+0000] {taskinstance.py:1350} INFO - Marking task as SUCCESS. dag_id=data_ingestion_final_project, task_id=spark_cleansing_task, execution_date=20230722T091120, start_date=20230722T091256, end_date=20230722T091327
[2023-07-22T09:13:27.612+0000] {local_task_job_runner.py:225} INFO - Task exited with return code 0
[2023-07-22T09:13:27.648+0000] {taskinstance.py:2653} INFO - 1 downstream tasks scheduled from follow-on schedule check
