[2023-07-22T08:53:12.436+0000] {taskinstance.py:1103} INFO - Dependencies all met for dep_context=non-requeueable deps ti=<TaskInstance: data_ingestion_final_project.load_gcs_to_bq manual__2023-07-22T08:44:18.483832+00:00 [queued]>
[2023-07-22T08:53:12.460+0000] {taskinstance.py:1103} INFO - Dependencies all met for dep_context=requeueable deps ti=<TaskInstance: data_ingestion_final_project.load_gcs_to_bq manual__2023-07-22T08:44:18.483832+00:00 [queued]>
[2023-07-22T08:53:12.462+0000] {taskinstance.py:1308} INFO - Starting attempt 3 of 4
[2023-07-22T08:53:12.484+0000] {taskinstance.py:1327} INFO - Executing <Task(GCSToBigQueryOperator): load_gcs_to_bq> on 2023-07-22 08:44:18.483832+00:00
[2023-07-22T08:53:12.501+0000] {standard_task_runner.py:57} INFO - Started process 2264 to run task
[2023-07-22T08:53:12.512+0000] {standard_task_runner.py:84} INFO - Running: ['***', 'tasks', 'run', 'data_ingestion_final_project', 'load_gcs_to_bq', 'manual__2023-07-22T08:44:18.483832+00:00', '--job-id', '85', '--raw', '--subdir', 'DAGS_FOLDER/data_ingestion_final_project.py', '--cfg-path', '/tmp/tmp3ev13faw']
[2023-07-22T08:53:12.517+0000] {standard_task_runner.py:85} INFO - Job 85: Subtask load_gcs_to_bq
[2023-07-22T08:53:12.545+0000] {warnings.py:110} WARNING - /home/***/.local/lib/python3.7/site-packages/***/settings.py:195: DeprecationWarning: The sql_alchemy_conn option in [core] has been moved to the sql_alchemy_conn option in [database] - the old setting has been used, but please update your config.
  SQL_ALCHEMY_CONN = conf.get("database", "SQL_ALCHEMY_CONN")

[2023-07-22T08:53:12.695+0000] {task_command.py:410} INFO - Running <TaskInstance: data_ingestion_final_project.load_gcs_to_bq manual__2023-07-22T08:44:18.483832+00:00 [running]> on host 06435c559ff5
[2023-07-22T08:53:12.868+0000] {taskinstance.py:1547} INFO - Exporting env vars: AIRFLOW_CTX_DAG_OWNER='***' AIRFLOW_CTX_DAG_ID='data_ingestion_final_project' AIRFLOW_CTX_TASK_ID='load_gcs_to_bq' AIRFLOW_CTX_EXECUTION_DATE='2023-07-22T08:44:18.483832+00:00' AIRFLOW_CTX_TRY_NUMBER='3' AIRFLOW_CTX_DAG_RUN_ID='manual__2023-07-22T08:44:18.483832+00:00'
[2023-07-22T08:53:12.885+0000] {base.py:73} INFO - Using connection ID 'my_gcp_conn' for task execution.
[2023-07-22T08:53:12.887+0000] {gcs_to_bigquery.py:373} INFO - Using existing BigQuery table for storing data...
[2023-07-22T08:53:12.942+0000] {gcs_to_bigquery.py:377} INFO - Executing: {'load': {'autodetect': False, 'createDisposition': 'CREATE_IF_NEEDED', 'destinationTable': {'projectId': 'snappy-lattice-393408', 'datasetId': 'final_project', 'tableId': 'marketing'}, 'sourceFormat': 'PARQUET', 'sourceUris': ['gs://final_project_data_lake_snappy-lattice-393408/raw/bank_marketing.parquet'], 'writeDisposition': 'WRITE_TRUNCATE', 'ignoreUnknownValues': False, 'schema': {'fields': [{'name': 'client_id', 'type': 'INTEGER', 'mode': 'NULLABLE'}, {'name': 'age', 'type': 'INTEGER', 'mode': 'NULLABLE'}, {'name': 'job', 'type': 'STRING', 'mode': 'NULLABLE'}, {'name': 'marital', 'type': 'STRING', 'mode': 'NULLABLE'}, {'name': 'education', 'type': 'STRING', 'mode': 'NULLABLE'}, {'name': 'defaultloan', 'type': 'STRING', 'mode': 'NULLABLE'}, {'name': 'housingloan', 'type': 'STRING', 'mode': 'NULLABLE'}, {'name': 'loan', 'type': 'STRING', 'mode': 'NULLABLE'}, {'name': 'contact', 'type': 'STRING', 'mode': 'NULLABLE'}, {'name': 'month', 'type': 'STRING', 'mode': 'NULLABLE'}, {'name': 'day_of_week', 'type': 'STRING', 'mode': 'NULLABLE'}, {'name': 'duration', 'type': 'INTEGER', 'mode': 'NULLABLE'}, {'name': 'duration', 'type': 'INTEGER', 'mode': 'NULLABLE'}, {'name': 'campaign', 'type': 'INTEGER', 'mode': 'NULLABLE'}, {'name': 'pdays', 'type': 'INTEGER', 'mode': 'NULLABLE'}, {'name': 'previous', 'type': 'INTEGER', 'mode': 'NULLABLE'}, {'name': 'poutcome', 'type': 'STRING', 'mode': 'NULLABLE'}, {'name': 'emp_var_rate', 'type': 'FLOAT', 'mode': 'NULLABLE'}, {'name': 'cons_price_idx', 'type': 'FLOAT', 'mode': 'NULLABLE'}, {'name': 'cons_conf_idx', 'type': 'FLOAT', 'mode': 'NULLABLE'}, {'name': 'euribor3m', 'type': 'FLOAT', 'mode': 'NULLABLE'}, {'name': 'nr_employed', 'type': 'FLOAT', 'mode': 'NULLABLE'}, {'name': 'subcribed', 'type': 'STRING', 'mode': 'NULLABLE'}]}}}
[2023-07-22T08:53:12.946+0000] {bigquery.py:1592} INFO - Inserting job ***_data_ingestion_final_project_load_gcs_to_bq_2023_07_22T08_44_18_483832_00_00_3ae962741f0d7beab503c868847e7deb
[2023-07-22T08:53:13.932+0000] {taskinstance.py:1824} ERROR - Task failed with exception
Traceback (most recent call last):
  File "/home/airflow/.local/lib/python3.7/site-packages/airflow/providers/google/cloud/transfers/gcs_to_bigquery.py", line 378, in execute
    job: BigQueryJob | UnknownJob = self._submit_job(self.hook, job_id)
  File "/home/airflow/.local/lib/python3.7/site-packages/airflow/providers/google/cloud/transfers/gcs_to_bigquery.py", line 307, in _submit_job
    nowait=True,
  File "/home/airflow/.local/lib/python3.7/site-packages/airflow/providers/google/common/hooks/base_google.py", line 468, in inner_wrapper
    return func(self, *args, **kwargs)
  File "/home/airflow/.local/lib/python3.7/site-packages/airflow/providers/google/cloud/hooks/bigquery.py", line 1595, in insert_job
    job_api_repr._begin()
  File "/home/airflow/.local/lib/python3.7/site-packages/google/cloud/bigquery/job/base.py", line 701, in _begin
    timeout=timeout,
  File "/home/airflow/.local/lib/python3.7/site-packages/google/cloud/bigquery/client.py", line 816, in _call_api
    return call()
  File "/home/airflow/.local/lib/python3.7/site-packages/google/api_core/retry.py", line 354, in retry_wrapped_func
    on_error=on_error,
  File "/home/airflow/.local/lib/python3.7/site-packages/google/api_core/retry.py", line 191, in retry_target
    return target()
  File "/home/airflow/.local/lib/python3.7/site-packages/google/cloud/_http/__init__.py", line 494, in api_request
    raise exceptions.from_http_response(response)
google.api_core.exceptions.BadRequest: 400 POST https://bigquery.googleapis.com/bigquery/v2/projects/snappy-lattice-393408/jobs?prettyPrint=false: Field duration already exists in schema
[2023-07-22T08:53:13.947+0000] {taskinstance.py:1350} INFO - Marking task as UP_FOR_RETRY. dag_id=data_ingestion_final_project, task_id=load_gcs_to_bq, execution_date=20230722T084418, start_date=20230722T085312, end_date=20230722T085313
[2023-07-22T08:53:13.969+0000] {standard_task_runner.py:109} ERROR - Failed to execute job 85 for task load_gcs_to_bq (400 POST https://bigquery.googleapis.com/bigquery/v2/projects/snappy-lattice-393408/jobs?prettyPrint=false: Field duration already exists in schema; 2264)
[2023-07-22T08:53:14.023+0000] {local_task_job_runner.py:225} INFO - Task exited with return code 1
[2023-07-22T08:53:14.061+0000] {taskinstance.py:2653} INFO - 0 downstream tasks scheduled from follow-on schedule check
