[2023-07-22T08:45:54.890+0000] {taskinstance.py:1103} INFO - Dependencies all met for dep_context=non-requeueable deps ti=<TaskInstance: data_ingestion_final_project.spark_cleansing_task manual__2023-07-22T08:44:18.483832+00:00 [queued]>
[2023-07-22T08:45:54.903+0000] {taskinstance.py:1103} INFO - Dependencies all met for dep_context=requeueable deps ti=<TaskInstance: data_ingestion_final_project.spark_cleansing_task manual__2023-07-22T08:44:18.483832+00:00 [queued]>
[2023-07-22T08:45:54.904+0000] {taskinstance.py:1308} INFO - Starting attempt 1 of 2
[2023-07-22T08:45:54.921+0000] {taskinstance.py:1327} INFO - Executing <Task(BashOperator): spark_cleansing_task> on 2023-07-22 08:44:18.483832+00:00
[2023-07-22T08:45:54.928+0000] {standard_task_runner.py:57} INFO - Started process 1755 to run task
[2023-07-22T08:45:54.934+0000] {standard_task_runner.py:84} INFO - Running: ['***', 'tasks', 'run', 'data_ingestion_final_project', 'spark_cleansing_task', 'manual__2023-07-22T08:44:18.483832+00:00', '--job-id', '80', '--raw', '--subdir', 'DAGS_FOLDER/data_ingestion_final_project.py', '--cfg-path', '/tmp/tmpbena2th7']
[2023-07-22T08:45:54.938+0000] {standard_task_runner.py:85} INFO - Job 80: Subtask spark_cleansing_task
[2023-07-22T08:45:54.954+0000] {warnings.py:110} WARNING - /home/***/.local/lib/python3.7/site-packages/***/settings.py:195: DeprecationWarning: The sql_alchemy_conn option in [core] has been moved to the sql_alchemy_conn option in [database] - the old setting has been used, but please update your config.
  SQL_ALCHEMY_CONN = conf.get("database", "SQL_ALCHEMY_CONN")

[2023-07-22T08:45:55.002+0000] {task_command.py:410} INFO - Running <TaskInstance: data_ingestion_final_project.spark_cleansing_task manual__2023-07-22T08:44:18.483832+00:00 [running]> on host 06435c559ff5
[2023-07-22T08:45:55.133+0000] {taskinstance.py:1547} INFO - Exporting env vars: AIRFLOW_CTX_DAG_OWNER='***' AIRFLOW_CTX_DAG_ID='data_ingestion_final_project' AIRFLOW_CTX_TASK_ID='spark_cleansing_task' AIRFLOW_CTX_EXECUTION_DATE='2023-07-22T08:44:18.483832+00:00' AIRFLOW_CTX_TRY_NUMBER='1' AIRFLOW_CTX_DAG_RUN_ID='manual__2023-07-22T08:44:18.483832+00:00'
[2023-07-22T08:45:55.143+0000] {subprocess.py:63} INFO - Tmp dir root location: /tmp
[2023-07-22T08:45:55.157+0000] {subprocess.py:75} INFO - Running command: ['/bin/bash', '-c', 'cd /opt/***/spark && python3 spark-cleansing.py']
[2023-07-22T08:45:55.329+0000] {subprocess.py:86} INFO - Output:
[2023-07-22T08:45:57.736+0000] {subprocess.py:93} INFO - /home/***/.local/lib/python3.7/site-packages/pyspark/bin/load-spark-env.sh: line 68: ps: command not found
[2023-07-22T08:46:04.303+0000] {subprocess.py:93} INFO - Setting default log level to "WARN".
[2023-07-22T08:46:04.305+0000] {subprocess.py:93} INFO - To adjust logging level use sc.setLogLevel(newLevel). For SparkR, use setLogLevel(newLevel).
[2023-07-22T08:46:04.679+0000] {subprocess.py:93} INFO - 23/07/22 08:46:04 WARN NativeCodeLoader: Unable to load native-hadoop library for your platform... using builtin-java classes where applicable
[2023-07-22T08:46:25.371+0000] {subprocess.py:93} INFO - [Stage 0:>                                                          (0 + 1) / 1][Stage 0:===========================================================(1 + 0) / 1]                                                                                [Stage 1:>                                                          (0 + 2) / 2][Stage 1:=============================>                             (1 + 1) / 2]                                                                                /home/***/.local/lib/python3.7/site-packages/pyspark/context.py:317: FutureWarning: Python 3.7 support is deprecated in Spark 3.4.
[2023-07-22T08:46:25.372+0000] {subprocess.py:93} INFO -   warnings.warn("Python 3.7 support is deprecated in Spark 3.4.", FutureWarning)
[2023-07-22T08:46:25.373+0000] {subprocess.py:93} INFO - ######################################
[2023-07-22T08:46:25.373+0000] {subprocess.py:93} INFO - READING CSV FILE
[2023-07-22T08:46:25.375+0000] {subprocess.py:93} INFO - ######################################
[2023-07-22T08:46:25.387+0000] {subprocess.py:93} INFO - ######################################
[2023-07-22T08:46:25.390+0000] {subprocess.py:93} INFO - FORMAT STANDARIZATION
[2023-07-22T08:46:25.396+0000] {subprocess.py:93} INFO - ######################################
[2023-07-22T08:46:25.399+0000] {subprocess.py:93} INFO - ######################################
[2023-07-22T08:46:25.401+0000] {subprocess.py:93} INFO - CLEANSE NULL DATA
[2023-07-22T08:46:25.402+0000] {subprocess.py:93} INFO - ######################################
[2023-07-22T08:46:25.403+0000] {subprocess.py:93} INFO - ######################################
[2023-07-22T08:46:25.404+0000] {subprocess.py:93} INFO - ADDING CLIENT_ID COLUMN
[2023-07-22T08:46:25.405+0000] {subprocess.py:93} INFO - ######################################
[2023-07-22T08:46:25.406+0000] {subprocess.py:93} INFO - ######################################
[2023-07-22T08:46:25.416+0000] {subprocess.py:93} INFO - ADDING DATE COLUMN
[2023-07-22T08:46:25.420+0000] {subprocess.py:93} INFO - ######################################
[2023-07-22T08:46:25.422+0000] {subprocess.py:93} INFO - ######################################
[2023-07-22T08:46:25.423+0000] {subprocess.py:93} INFO - SAVE DATA
[2023-07-22T08:46:25.431+0000] {subprocess.py:93} INFO - ######################################
[2023-07-22T08:46:25.433+0000] {subprocess.py:93} INFO - ######################################
[2023-07-22T08:46:25.437+0000] {subprocess.py:93} INFO - SUCCESS
[2023-07-22T08:46:25.439+0000] {subprocess.py:93} INFO - ######################################
[2023-07-22T08:46:26.238+0000] {subprocess.py:97} INFO - Command exited with return code 0
[2023-07-22T08:46:26.279+0000] {taskinstance.py:1350} INFO - Marking task as SUCCESS. dag_id=data_ingestion_final_project, task_id=spark_cleansing_task, execution_date=20230722T084418, start_date=20230722T084554, end_date=20230722T084626
[2023-07-22T08:46:26.307+0000] {local_task_job_runner.py:225} INFO - Task exited with return code 0
[2023-07-22T08:46:26.342+0000] {taskinstance.py:2653} INFO - 1 downstream tasks scheduled from follow-on schedule check
