[2023-07-22T10:57:12.057+0000] {taskinstance.py:1103} INFO - Dependencies all met for dep_context=non-requeueable deps ti=<TaskInstance: data_ingestion_final_project.load_gcs_to_bq manual__2023-07-22T10:51:00.467933+00:00 [queued]>
[2023-07-22T10:57:12.072+0000] {taskinstance.py:1103} INFO - Dependencies all met for dep_context=requeueable deps ti=<TaskInstance: data_ingestion_final_project.load_gcs_to_bq manual__2023-07-22T10:51:00.467933+00:00 [queued]>
[2023-07-22T10:57:12.073+0000] {taskinstance.py:1308} INFO - Starting attempt 2 of 3
[2023-07-22T10:57:12.093+0000] {taskinstance.py:1327} INFO - Executing <Task(GCSToBigQueryOperator): load_gcs_to_bq> on 2023-07-22 10:51:00.467933+00:00
[2023-07-22T10:57:12.111+0000] {standard_task_runner.py:57} INFO - Started process 1237 to run task
[2023-07-22T10:57:12.128+0000] {standard_task_runner.py:84} INFO - Running: ['***', 'tasks', 'run', 'data_ingestion_final_project', 'load_gcs_to_bq', 'manual__2023-07-22T10:51:00.467933+00:00', '--job-id', '119', '--raw', '--subdir', 'DAGS_FOLDER/data_ingestion_final_project.py', '--cfg-path', '/tmp/tmppvu232oz']
[2023-07-22T10:57:12.133+0000] {standard_task_runner.py:85} INFO - Job 119: Subtask load_gcs_to_bq
[2023-07-22T10:57:12.160+0000] {warnings.py:110} WARNING - /home/***/.local/lib/python3.7/site-packages/***/settings.py:195: DeprecationWarning: The sql_alchemy_conn option in [core] has been moved to the sql_alchemy_conn option in [database] - the old setting has been used, but please update your config.
  SQL_ALCHEMY_CONN = conf.get("database", "SQL_ALCHEMY_CONN")

[2023-07-22T10:57:12.247+0000] {task_command.py:410} INFO - Running <TaskInstance: data_ingestion_final_project.load_gcs_to_bq manual__2023-07-22T10:51:00.467933+00:00 [running]> on host c1f03fcdfb74
[2023-07-22T10:57:12.397+0000] {taskinstance.py:1547} INFO - Exporting env vars: AIRFLOW_CTX_DAG_OWNER='***' AIRFLOW_CTX_DAG_ID='data_ingestion_final_project' AIRFLOW_CTX_TASK_ID='load_gcs_to_bq' AIRFLOW_CTX_EXECUTION_DATE='2023-07-22T10:51:00.467933+00:00' AIRFLOW_CTX_TRY_NUMBER='2' AIRFLOW_CTX_DAG_RUN_ID='manual__2023-07-22T10:51:00.467933+00:00'
[2023-07-22T10:57:12.401+0000] {crypto.py:83} WARNING - empty cryptography key - values will not be stored encrypted.
[2023-07-22T10:57:12.402+0000] {base.py:73} INFO - Using connection ID 'google_cloud_default' for task execution.
[2023-07-22T10:57:12.405+0000] {gcs_to_bigquery.py:373} INFO - Using existing BigQuery table for storing data...
[2023-07-22T10:57:12.467+0000] {gcs_to_bigquery.py:377} INFO - Executing: {'load': {'autodetect': False, 'createDisposition': 'CREATE_IF_NEEDED', 'destinationTable': {'projectId': 'snappy-lattice-393408', 'datasetId': 'final_project', 'tableId': 'marketing'}, 'sourceFormat': 'CSV', 'sourceUris': ['gs://final_project_data_lake_snappy-lattice-393408/raw/bank_marketing.csv'], 'writeDisposition': 'WRITE_TRUNCATE', 'ignoreUnknownValues': False, 'schema': {'fields': [{'name': 'client_id', 'type': 'INTEGER', 'mode': 'NULLABLE'}, {'name': 'age', 'type': 'INTEGER', 'mode': 'NULLABLE'}, {'name': 'job', 'type': 'STRING', 'mode': 'NULLABLE'}, {'name': 'marital', 'type': 'STRING', 'mode': 'NULLABLE'}, {'name': 'education', 'type': 'STRING', 'mode': 'NULLABLE'}, {'name': 'defaultloan', 'type': 'STRING', 'mode': 'NULLABLE'}, {'name': 'housingloan', 'type': 'STRING', 'mode': 'NULLABLE'}, {'name': 'loan', 'type': 'STRING', 'mode': 'NULLABLE'}, {'name': 'contact', 'type': 'STRING', 'mode': 'NULLABLE'}, {'name': 'month', 'type': 'STRING', 'mode': 'NULLABLE'}, {'name': 'day_of_week', 'type': 'STRING', 'mode': 'NULLABLE'}, {'name': 'duration', 'type': 'INTEGER', 'mode': 'NULLABLE'}, {'name': 'campaign', 'type': 'INTEGER', 'mode': 'NULLABLE'}, {'name': 'pdays', 'type': 'INTEGER', 'mode': 'NULLABLE'}, {'name': 'previous', 'type': 'INTEGER', 'mode': 'NULLABLE'}, {'name': 'poutcome', 'type': 'STRING', 'mode': 'NULLABLE'}, {'name': 'emp_var_rate', 'type': 'FLOAT', 'mode': 'NULLABLE'}, {'name': 'cons_price_idx', 'type': 'FLOAT', 'mode': 'NULLABLE'}, {'name': 'cons_conf_idx', 'type': 'FLOAT', 'mode': 'NULLABLE'}, {'name': 'euribor3m', 'type': 'FLOAT', 'mode': 'NULLABLE'}, {'name': 'nr_employed', 'type': 'FLOAT', 'mode': 'NULLABLE'}, {'name': 'subcribed', 'type': 'STRING', 'mode': 'NULLABLE'}]}, 'skipLeadingRows': 1, 'fieldDelimiter': ',', 'quote': None, 'allowQuotedNewlines': False, 'encoding': 'UTF-8'}}
[2023-07-22T10:57:12.471+0000] {bigquery.py:1592} INFO - Inserting job ***_data_ingestion_final_project_load_gcs_to_bq_2023_07_22T10_51_00_467933_00_00_35f799f8e843e812f5cc5b59dea6e39e
[2023-07-22T10:57:15.288+0000] {taskinstance.py:1824} ERROR - Task failed with exception
Traceback (most recent call last):
  File "/home/airflow/.local/lib/python3.7/site-packages/airflow/providers/google/cloud/transfers/gcs_to_bigquery.py", line 436, in execute
    job.result(timeout=self.result_timeout, retry=self.result_retry)
  File "/home/airflow/.local/lib/python3.7/site-packages/google/cloud/bigquery/job/base.py", line 922, in result
    return super(_AsyncJob, self).result(timeout=timeout, **kwargs)
  File "/home/airflow/.local/lib/python3.7/site-packages/google/api_core/future/polling.py", line 261, in result
    raise self._exception
google.api_core.exceptions.BadRequest: 400 Error while reading data, error message: CSV table references column position 21, but line starting at position:224 contains only 1 columns. File: gs://final_project_data_lake_snappy-lattice-393408/raw/bank_marketing.csv
[2023-07-22T10:57:15.359+0000] {taskinstance.py:1350} INFO - Marking task as UP_FOR_RETRY. dag_id=data_ingestion_final_project, task_id=load_gcs_to_bq, execution_date=20230722T105100, start_date=20230722T105712, end_date=20230722T105715
[2023-07-22T10:57:15.407+0000] {standard_task_runner.py:109} ERROR - Failed to execute job 119 for task load_gcs_to_bq (400 Error while reading data, error message: CSV table references column position 21, but line starting at position:224 contains only 1 columns. File: gs://final_project_data_lake_snappy-lattice-393408/raw/bank_marketing.csv; 1237)
[2023-07-22T10:57:15.464+0000] {local_task_job_runner.py:225} INFO - Task exited with return code 1
[2023-07-22T10:57:15.562+0000] {taskinstance.py:2653} INFO - 0 downstream tasks scheduled from follow-on schedule check
