[2023-07-22T04:15:54.730+0000] {taskinstance.py:1103} INFO - Dependencies all met for dep_context=non-requeueable deps ti=<TaskInstance: data_ingestion_final_project.spark_cleansing_task manual__2023-07-22T04:15:21.245137+00:00 [queued]>
[2023-07-22T04:15:54.756+0000] {taskinstance.py:1103} INFO - Dependencies all met for dep_context=requeueable deps ti=<TaskInstance: data_ingestion_final_project.spark_cleansing_task manual__2023-07-22T04:15:21.245137+00:00 [queued]>
[2023-07-22T04:15:54.761+0000] {taskinstance.py:1308} INFO - Starting attempt 1 of 2
[2023-07-22T04:15:54.795+0000] {taskinstance.py:1327} INFO - Executing <Task(BashOperator): spark_cleansing_task> on 2023-07-22 04:15:21.245137+00:00
[2023-07-22T04:15:54.808+0000] {standard_task_runner.py:57} INFO - Started process 456 to run task
[2023-07-22T04:15:54.829+0000] {standard_task_runner.py:84} INFO - Running: ['***', 'tasks', 'run', 'data_ingestion_final_project', 'spark_cleansing_task', 'manual__2023-07-22T04:15:21.245137+00:00', '--job-id', '6', '--raw', '--subdir', 'DAGS_FOLDER/data_ingestion_final_project.py', '--cfg-path', '/tmp/tmpn5makc_r']
[2023-07-22T04:15:54.852+0000] {standard_task_runner.py:85} INFO - Job 6: Subtask spark_cleansing_task
[2023-07-22T04:15:54.929+0000] {warnings.py:110} WARNING - /home/***/.local/lib/python3.7/site-packages/***/settings.py:195: DeprecationWarning: The sql_alchemy_conn option in [core] has been moved to the sql_alchemy_conn option in [database] - the old setting has been used, but please update your config.
  SQL_ALCHEMY_CONN = conf.get("database", "SQL_ALCHEMY_CONN")

[2023-07-22T04:15:55.077+0000] {task_command.py:410} INFO - Running <TaskInstance: data_ingestion_final_project.spark_cleansing_task manual__2023-07-22T04:15:21.245137+00:00 [running]> on host 4f08e73380e0
[2023-07-22T04:15:55.327+0000] {taskinstance.py:1547} INFO - Exporting env vars: AIRFLOW_CTX_DAG_OWNER='***' AIRFLOW_CTX_DAG_ID='data_ingestion_final_project' AIRFLOW_CTX_TASK_ID='spark_cleansing_task' AIRFLOW_CTX_EXECUTION_DATE='2023-07-22T04:15:21.245137+00:00' AIRFLOW_CTX_TRY_NUMBER='1' AIRFLOW_CTX_DAG_RUN_ID='manual__2023-07-22T04:15:21.245137+00:00'
[2023-07-22T04:15:55.349+0000] {subprocess.py:63} INFO - Tmp dir root location: /tmp
[2023-07-22T04:15:55.353+0000] {subprocess.py:75} INFO - Running command: ['/bin/bash', '-c', 'cd /opt/***/spark && python3 spark-cleansing.py']
[2023-07-22T04:15:55.418+0000] {subprocess.py:86} INFO - Output:
[2023-07-22T04:15:57.978+0000] {subprocess.py:93} INFO - /home/***/.local/lib/python3.7/site-packages/pyspark/bin/load-spark-env.sh: line 68: ps: command not found
[2023-07-22T04:16:14.274+0000] {subprocess.py:93} INFO - Setting default log level to "WARN".
[2023-07-22T04:16:14.286+0000] {subprocess.py:93} INFO - To adjust logging level use sc.setLogLevel(newLevel). For SparkR, use setLogLevel(newLevel).
[2023-07-22T04:16:15.255+0000] {subprocess.py:93} INFO - 23/07/22 04:16:15 WARN NativeCodeLoader: Unable to load native-hadoop library for your platform... using builtin-java classes where applicable
[2023-07-22T04:16:58.769+0000] {subprocess.py:93} INFO - [Stage 0:>                                                          (0 + 0) / 1][Stage 0:>                                                          (0 + 1) / 1]                                                                                [Stage 1:>                                                          (0 + 2) / 2]                                                                                /home/***/.local/lib/python3.7/site-packages/pyspark/context.py:317: FutureWarning: Python 3.7 support is deprecated in Spark 3.4.
[2023-07-22T04:16:58.789+0000] {subprocess.py:93} INFO -   warnings.warn("Python 3.7 support is deprecated in Spark 3.4.", FutureWarning)
[2023-07-22T04:16:58.808+0000] {subprocess.py:93} INFO - ######################################
[2023-07-22T04:16:58.824+0000] {subprocess.py:93} INFO - READING CSV FILE
[2023-07-22T04:16:58.854+0000] {subprocess.py:93} INFO - ######################################
[2023-07-22T04:16:58.871+0000] {subprocess.py:93} INFO - ######################################
[2023-07-22T04:16:58.891+0000] {subprocess.py:93} INFO - FORMAT STANDARIZATION
[2023-07-22T04:16:58.937+0000] {subprocess.py:93} INFO - ######################################
[2023-07-22T04:16:59.053+0000] {subprocess.py:93} INFO - ######################################
[2023-07-22T04:16:59.073+0000] {subprocess.py:93} INFO - CLEANSE NULL DATA
[2023-07-22T04:16:59.092+0000] {subprocess.py:93} INFO - ######################################
[2023-07-22T04:16:59.093+0000] {subprocess.py:93} INFO - ######################################
[2023-07-22T04:16:59.221+0000] {subprocess.py:93} INFO - ADDING CLIENT_ID COLUMN
[2023-07-22T04:16:59.224+0000] {subprocess.py:93} INFO - ######################################
[2023-07-22T04:16:59.225+0000] {subprocess.py:93} INFO - ######################################
[2023-07-22T04:16:59.228+0000] {subprocess.py:93} INFO - ADDING DATE COLUMN
[2023-07-22T04:16:59.269+0000] {subprocess.py:93} INFO - ######################################
[2023-07-22T04:16:59.270+0000] {subprocess.py:93} INFO - ######################################
[2023-07-22T04:16:59.301+0000] {subprocess.py:93} INFO - SAVE DATA
[2023-07-22T04:16:59.324+0000] {subprocess.py:93} INFO - ######################################
[2023-07-22T04:16:59.330+0000] {subprocess.py:93} INFO - ######################################
[2023-07-22T04:16:59.350+0000] {subprocess.py:93} INFO - SUCCESS
[2023-07-22T04:16:59.357+0000] {subprocess.py:93} INFO - ######################################
[2023-07-22T04:17:04.218+0000] {subprocess.py:97} INFO - Command exited with return code 0
[2023-07-22T04:17:04.618+0000] {taskinstance.py:1350} INFO - Marking task as SUCCESS. dag_id=data_ingestion_final_project, task_id=spark_cleansing_task, execution_date=20230722T041521, start_date=20230722T041554, end_date=20230722T041704
[2023-07-22T04:17:04.935+0000] {local_task_job_runner.py:225} INFO - Task exited with return code 0
[2023-07-22T04:17:05.125+0000] {taskinstance.py:2653} INFO - 1 downstream tasks scheduled from follow-on schedule check
