[2023-07-26T11:25:46.400+0000] {taskinstance.py:1103} INFO - Dependencies all met for dep_context=non-requeueable deps ti=<TaskInstance: data_ingestion-pq.spark_cleansing_task manual__2023-07-26T11:23:36.281445+00:00 [queued]>
[2023-07-26T11:25:46.438+0000] {taskinstance.py:1103} INFO - Dependencies all met for dep_context=requeueable deps ti=<TaskInstance: data_ingestion-pq.spark_cleansing_task manual__2023-07-26T11:23:36.281445+00:00 [queued]>
[2023-07-26T11:25:46.440+0000] {taskinstance.py:1308} INFO - Starting attempt 1 of 2
[2023-07-26T11:25:46.486+0000] {taskinstance.py:1327} INFO - Executing <Task(BashOperator): spark_cleansing_task> on 2023-07-26 11:23:36.281445+00:00
[2023-07-26T11:25:46.538+0000] {standard_task_runner.py:57} INFO - Started process 327 to run task
[2023-07-26T11:25:46.558+0000] {standard_task_runner.py:84} INFO - Running: ['***', 'tasks', 'run', 'data_ingestion-pq', 'spark_cleansing_task', 'manual__2023-07-26T11:23:36.281445+00:00', '--job-id', '5', '--raw', '--subdir', 'DAGS_FOLDER/data_ingest_pq.py', '--cfg-path', '/tmp/tmp0ziqj2r2']
[2023-07-26T11:25:46.565+0000] {standard_task_runner.py:85} INFO - Job 5: Subtask spark_cleansing_task
[2023-07-26T11:25:46.603+0000] {warnings.py:110} WARNING - /home/***/.local/lib/python3.7/site-packages/***/settings.py:195: DeprecationWarning: The sql_alchemy_conn option in [core] has been moved to the sql_alchemy_conn option in [database] - the old setting has been used, but please update your config.
  SQL_ALCHEMY_CONN = conf.get("database", "SQL_ALCHEMY_CONN")

[2023-07-26T11:25:46.737+0000] {task_command.py:410} INFO - Running <TaskInstance: data_ingestion-pq.spark_cleansing_task manual__2023-07-26T11:23:36.281445+00:00 [running]> on host f04213f91f62
[2023-07-26T11:25:46.945+0000] {taskinstance.py:1547} INFO - Exporting env vars: AIRFLOW_CTX_DAG_OWNER='***' AIRFLOW_CTX_DAG_ID='data_ingestion-pq' AIRFLOW_CTX_TASK_ID='spark_cleansing_task' AIRFLOW_CTX_EXECUTION_DATE='2023-07-26T11:23:36.281445+00:00' AIRFLOW_CTX_TRY_NUMBER='1' AIRFLOW_CTX_DAG_RUN_ID='manual__2023-07-26T11:23:36.281445+00:00'
[2023-07-26T11:25:46.947+0000] {subprocess.py:63} INFO - Tmp dir root location: /tmp
[2023-07-26T11:25:46.952+0000] {subprocess.py:75} INFO - Running command: ['/bin/bash', '-c', 'cd /opt/***/spark && python3 spark-cleansing.py']
[2023-07-26T11:25:46.983+0000] {subprocess.py:86} INFO - Output:
[2023-07-26T11:25:49.101+0000] {subprocess.py:93} INFO - /home/***/.local/lib/python3.7/site-packages/pyspark/bin/load-spark-env.sh: line 68: ps: command not found
[2023-07-26T11:25:54.152+0000] {subprocess.py:93} INFO - Setting default log level to "WARN".
[2023-07-26T11:25:54.177+0000] {subprocess.py:93} INFO - To adjust logging level use sc.setLogLevel(newLevel). For SparkR, use setLogLevel(newLevel).
[2023-07-26T11:25:56.016+0000] {subprocess.py:93} INFO - 23/07/26 11:25:56 WARN NativeCodeLoader: Unable to load native-hadoop library for your platform... using builtin-java classes where applicable
[2023-07-26T11:26:49.436+0000] {subprocess.py:93} INFO - [Stage 0:>                                                          (0 + 1) / 1]                                                                                [Stage 1:>                                                          (0 + 2) / 2][Stage 1:=============================>                             (1 + 1) / 2]                                                                                /home/***/.local/lib/python3.7/site-packages/pyspark/context.py:317: FutureWarning: Python 3.7 support is deprecated in Spark 3.4.
[2023-07-26T11:26:49.551+0000] {subprocess.py:93} INFO -   warnings.warn("Python 3.7 support is deprecated in Spark 3.4.", FutureWarning)
[2023-07-26T11:26:49.564+0000] {subprocess.py:93} INFO - ######################################
[2023-07-26T11:26:49.568+0000] {subprocess.py:93} INFO - READING CSV FILE
[2023-07-26T11:26:49.570+0000] {subprocess.py:93} INFO - ######################################
[2023-07-26T11:26:49.570+0000] {subprocess.py:93} INFO - ######################################
[2023-07-26T11:26:49.578+0000] {subprocess.py:93} INFO - FORMAT STANDARIZATION
[2023-07-26T11:26:49.579+0000] {subprocess.py:93} INFO - ######################################
[2023-07-26T11:26:49.587+0000] {subprocess.py:93} INFO - ######################################
[2023-07-26T11:26:49.588+0000] {subprocess.py:93} INFO - CLEANSE NULL DATA
[2023-07-26T11:26:49.591+0000] {subprocess.py:93} INFO - ######################################
[2023-07-26T11:26:49.592+0000] {subprocess.py:93} INFO - ######################################
[2023-07-26T11:26:49.593+0000] {subprocess.py:93} INFO - ADDING CLIENT_ID COLUMN
[2023-07-26T11:26:49.594+0000] {subprocess.py:93} INFO - ######################################
[2023-07-26T11:26:49.602+0000] {subprocess.py:93} INFO - ######################################
[2023-07-26T11:26:49.603+0000] {subprocess.py:93} INFO - ADDING DATE COLUMN
[2023-07-26T11:26:49.606+0000] {subprocess.py:93} INFO - ######################################
[2023-07-26T11:26:49.607+0000] {subprocess.py:93} INFO - ######################################
[2023-07-26T11:26:49.607+0000] {subprocess.py:93} INFO - SAVE DATA
[2023-07-26T11:26:49.608+0000] {subprocess.py:93} INFO - ######################################
[2023-07-26T11:26:49.609+0000] {subprocess.py:93} INFO - ######################################
[2023-07-26T11:26:49.612+0000] {subprocess.py:93} INFO - SUCCESS
[2023-07-26T11:26:49.620+0000] {subprocess.py:93} INFO - ######################################
[2023-07-26T11:26:50.660+0000] {subprocess.py:97} INFO - Command exited with return code 0
[2023-07-26T11:26:50.869+0000] {taskinstance.py:1350} INFO - Marking task as SUCCESS. dag_id=data_ingestion-pq, task_id=spark_cleansing_task, execution_date=20230726T112336, start_date=20230726T112546, end_date=20230726T112650
[2023-07-26T11:26:50.997+0000] {local_task_job_runner.py:225} INFO - Task exited with return code 0
[2023-07-26T11:26:51.145+0000] {taskinstance.py:2653} INFO - 1 downstream tasks scheduled from follow-on schedule check
