[2023-07-22T10:53:48.049+0000] {taskinstance.py:1103} INFO - Dependencies all met for dep_context=non-requeueable deps ti=<TaskInstance: data_ingestion_final_project.spark_cleansing_task manual__2023-07-22T10:51:00.467933+00:00 [queued]>
[2023-07-22T10:53:48.062+0000] {taskinstance.py:1103} INFO - Dependencies all met for dep_context=requeueable deps ti=<TaskInstance: data_ingestion_final_project.spark_cleansing_task manual__2023-07-22T10:51:00.467933+00:00 [queued]>
[2023-07-22T10:53:48.063+0000] {taskinstance.py:1308} INFO - Starting attempt 1 of 2
[2023-07-22T10:53:48.080+0000] {taskinstance.py:1327} INFO - Executing <Task(BashOperator): spark_cleansing_task> on 2023-07-22 10:51:00.467933+00:00
[2023-07-22T10:53:48.087+0000] {standard_task_runner.py:57} INFO - Started process 911 to run task
[2023-07-22T10:53:48.097+0000] {standard_task_runner.py:84} INFO - Running: ['***', 'tasks', 'run', 'data_ingestion_final_project', 'spark_cleansing_task', 'manual__2023-07-22T10:51:00.467933+00:00', '--job-id', '116', '--raw', '--subdir', 'DAGS_FOLDER/data_ingestion_final_project.py', '--cfg-path', '/tmp/tmp09oizug2']
[2023-07-22T10:53:48.113+0000] {standard_task_runner.py:85} INFO - Job 116: Subtask spark_cleansing_task
[2023-07-22T10:53:48.167+0000] {warnings.py:110} WARNING - /home/***/.local/lib/python3.7/site-packages/***/settings.py:195: DeprecationWarning: The sql_alchemy_conn option in [core] has been moved to the sql_alchemy_conn option in [database] - the old setting has been used, but please update your config.
  SQL_ALCHEMY_CONN = conf.get("database", "SQL_ALCHEMY_CONN")

[2023-07-22T10:53:48.269+0000] {task_command.py:410} INFO - Running <TaskInstance: data_ingestion_final_project.spark_cleansing_task manual__2023-07-22T10:51:00.467933+00:00 [running]> on host c1f03fcdfb74
[2023-07-22T10:53:48.390+0000] {taskinstance.py:1547} INFO - Exporting env vars: AIRFLOW_CTX_DAG_OWNER='***' AIRFLOW_CTX_DAG_ID='data_ingestion_final_project' AIRFLOW_CTX_TASK_ID='spark_cleansing_task' AIRFLOW_CTX_EXECUTION_DATE='2023-07-22T10:51:00.467933+00:00' AIRFLOW_CTX_TRY_NUMBER='1' AIRFLOW_CTX_DAG_RUN_ID='manual__2023-07-22T10:51:00.467933+00:00'
[2023-07-22T10:53:48.393+0000] {subprocess.py:63} INFO - Tmp dir root location: /tmp
[2023-07-22T10:53:48.394+0000] {subprocess.py:75} INFO - Running command: ['/bin/bash', '-c', 'cd /opt/***/spark && python3 spark-cleansing.py']
[2023-07-22T10:53:48.413+0000] {subprocess.py:86} INFO - Output:
[2023-07-22T10:53:49.666+0000] {subprocess.py:93} INFO - /home/***/.local/lib/python3.7/site-packages/pyspark/bin/load-spark-env.sh: line 68: ps: command not found
[2023-07-22T10:53:58.658+0000] {subprocess.py:93} INFO - Setting default log level to "WARN".
[2023-07-22T10:53:58.659+0000] {subprocess.py:93} INFO - To adjust logging level use sc.setLogLevel(newLevel). For SparkR, use setLogLevel(newLevel).
[2023-07-22T10:53:59.164+0000] {subprocess.py:93} INFO - 23/07/22 10:53:59 WARN NativeCodeLoader: Unable to load native-hadoop library for your platform... using builtin-java classes where applicable
[2023-07-22T10:54:26.551+0000] {subprocess.py:93} INFO - [Stage 0:>                                                          (0 + 1) / 1]                                                                                [Stage 1:>                                                          (0 + 2) / 2][Stage 1:=============================>                             (1 + 1) / 2]                                                                                /home/***/.local/lib/python3.7/site-packages/pyspark/context.py:317: FutureWarning: Python 3.7 support is deprecated in Spark 3.4.
[2023-07-22T10:54:26.554+0000] {subprocess.py:93} INFO -   warnings.warn("Python 3.7 support is deprecated in Spark 3.4.", FutureWarning)
[2023-07-22T10:54:26.566+0000] {subprocess.py:93} INFO - ######################################
[2023-07-22T10:54:26.570+0000] {subprocess.py:93} INFO - READING CSV FILE
[2023-07-22T10:54:26.573+0000] {subprocess.py:93} INFO - ######################################
[2023-07-22T10:54:26.573+0000] {subprocess.py:93} INFO - ######################################
[2023-07-22T10:54:26.598+0000] {subprocess.py:93} INFO - FORMAT STANDARIZATION
[2023-07-22T10:54:26.601+0000] {subprocess.py:93} INFO - ######################################
[2023-07-22T10:54:26.611+0000] {subprocess.py:93} INFO - ######################################
[2023-07-22T10:54:26.611+0000] {subprocess.py:93} INFO - CLEANSE NULL DATA
[2023-07-22T10:54:26.613+0000] {subprocess.py:93} INFO - ######################################
[2023-07-22T10:54:26.614+0000] {subprocess.py:93} INFO - ######################################
[2023-07-22T10:54:26.619+0000] {subprocess.py:93} INFO - ADDING CLIENT_ID COLUMN
[2023-07-22T10:54:26.633+0000] {subprocess.py:93} INFO - ######################################
[2023-07-22T10:54:26.633+0000] {subprocess.py:93} INFO - ######################################
[2023-07-22T10:54:26.638+0000] {subprocess.py:93} INFO - ADDING DATE COLUMN
[2023-07-22T10:54:26.645+0000] {subprocess.py:93} INFO - ######################################
[2023-07-22T10:54:26.647+0000] {subprocess.py:93} INFO - ######################################
[2023-07-22T10:54:26.647+0000] {subprocess.py:93} INFO - SAVE DATA
[2023-07-22T10:54:26.648+0000] {subprocess.py:93} INFO - ######################################
[2023-07-22T10:54:26.648+0000] {subprocess.py:93} INFO - ######################################
[2023-07-22T10:54:26.649+0000] {subprocess.py:93} INFO - SUCCESS
[2023-07-22T10:54:26.654+0000] {subprocess.py:93} INFO - ######################################
[2023-07-22T10:54:28.143+0000] {subprocess.py:97} INFO - Command exited with return code 0
[2023-07-22T10:54:28.322+0000] {taskinstance.py:1350} INFO - Marking task as SUCCESS. dag_id=data_ingestion_final_project, task_id=spark_cleansing_task, execution_date=20230722T105100, start_date=20230722T105348, end_date=20230722T105428
[2023-07-22T10:54:28.617+0000] {local_task_job_runner.py:225} INFO - Task exited with return code 0
[2023-07-22T10:54:28.969+0000] {taskinstance.py:2653} INFO - 1 downstream tasks scheduled from follow-on schedule check
