[2023-07-26T11:22:03.290+0000] {processor.py:157} INFO - Started process (PID=182) to work on /opt/airflow/dags/data_ingestion_final_project.py
[2023-07-26T11:22:03.292+0000] {processor.py:826} INFO - Processing file /opt/airflow/dags/data_ingestion_final_project.py for tasks to queue
[2023-07-26T11:22:03.298+0000] {logging_mixin.py:150} INFO - [2023-07-26T11:22:03.298+0000] {dagbag.py:541} INFO - Filling up the DagBag from /opt/airflow/dags/data_ingestion_final_project.py
[2023-07-26T11:22:03.576+0000] {processor.py:836} INFO - DAG(s) dict_keys(['data_ingestion_final_project']) retrieved from /opt/airflow/dags/data_ingestion_final_project.py
[2023-07-26T11:22:04.457+0000] {logging_mixin.py:150} INFO - [2023-07-26T11:22:04.457+0000] {manager.py:504} INFO - Created Permission View: can delete on DAG:data_ingestion_final_project
[2023-07-26T11:22:04.494+0000] {logging_mixin.py:150} INFO - [2023-07-26T11:22:04.493+0000] {manager.py:504} INFO - Created Permission View: can read on DAG:data_ingestion_final_project
[2023-07-26T11:22:04.528+0000] {logging_mixin.py:150} INFO - [2023-07-26T11:22:04.527+0000] {manager.py:504} INFO - Created Permission View: can edit on DAG:data_ingestion_final_project
[2023-07-26T11:22:04.573+0000] {logging_mixin.py:150} INFO - [2023-07-26T11:22:04.572+0000] {dag.py:2742} INFO - Sync 1 DAGs
[2023-07-26T11:22:04.602+0000] {logging_mixin.py:150} INFO - [2023-07-26T11:22:04.601+0000] {dag.py:2763} INFO - Creating ORM DAG for data_ingestion_final_project
[2023-07-26T11:22:04.636+0000] {logging_mixin.py:150} INFO - [2023-07-26T11:22:04.636+0000] {dag.py:3508} INFO - Setting next_dagrun for data_ingestion_final_project to 2023-07-30T00:00:00+00:00, run_after=2023-08-06T00:00:00+00:00
[2023-07-26T11:22:04.706+0000] {processor.py:179} INFO - Processing /opt/airflow/dags/data_ingestion_final_project.py took 1.422 seconds
[2023-07-26T11:22:35.059+0000] {processor.py:157} INFO - Started process (PID=201) to work on /opt/airflow/dags/data_ingestion_final_project.py
[2023-07-26T11:22:35.062+0000] {processor.py:826} INFO - Processing file /opt/airflow/dags/data_ingestion_final_project.py for tasks to queue
[2023-07-26T11:22:35.074+0000] {logging_mixin.py:150} INFO - [2023-07-26T11:22:35.073+0000] {dagbag.py:541} INFO - Filling up the DagBag from /opt/airflow/dags/data_ingestion_final_project.py
[2023-07-26T11:22:35.170+0000] {processor.py:836} INFO - DAG(s) dict_keys(['data_ingestion_final_project']) retrieved from /opt/airflow/dags/data_ingestion_final_project.py
[2023-07-26T11:22:35.240+0000] {logging_mixin.py:150} INFO - [2023-07-26T11:22:35.239+0000] {dag.py:2742} INFO - Sync 1 DAGs
[2023-07-26T11:22:35.298+0000] {logging_mixin.py:150} INFO - [2023-07-26T11:22:35.297+0000] {dag.py:3508} INFO - Setting next_dagrun for data_ingestion_final_project to 2023-07-30T00:00:00+00:00, run_after=2023-08-06T00:00:00+00:00
[2023-07-26T11:22:35.462+0000] {processor.py:179} INFO - Processing /opt/airflow/dags/data_ingestion_final_project.py took 0.420 seconds
[2023-07-26T11:23:06.608+0000] {processor.py:157} INFO - Started process (PID=221) to work on /opt/airflow/dags/data_ingestion_final_project.py
[2023-07-26T11:23:06.656+0000] {processor.py:826} INFO - Processing file /opt/airflow/dags/data_ingestion_final_project.py for tasks to queue
[2023-07-26T11:23:06.838+0000] {logging_mixin.py:150} INFO - [2023-07-26T11:23:06.827+0000] {dagbag.py:541} INFO - Filling up the DagBag from /opt/airflow/dags/data_ingestion_final_project.py
[2023-07-26T11:23:08.108+0000] {processor.py:836} INFO - DAG(s) dict_keys(['data_ingestion_final_project']) retrieved from /opt/airflow/dags/data_ingestion_final_project.py
[2023-07-26T11:23:08.225+0000] {logging_mixin.py:150} INFO - [2023-07-26T11:23:08.225+0000] {dag.py:2742} INFO - Sync 1 DAGs
[2023-07-26T11:23:08.318+0000] {logging_mixin.py:150} INFO - [2023-07-26T11:23:08.317+0000] {dag.py:3508} INFO - Setting next_dagrun for data_ingestion_final_project to 2023-07-30T00:00:00+00:00, run_after=2023-08-06T00:00:00+00:00
[2023-07-26T11:23:08.390+0000] {processor.py:179} INFO - Processing /opt/airflow/dags/data_ingestion_final_project.py took 1.969 seconds
[2023-07-26T11:23:39.324+0000] {processor.py:157} INFO - Started process (PID=240) to work on /opt/airflow/dags/data_ingestion_final_project.py
[2023-07-26T11:23:39.332+0000] {processor.py:826} INFO - Processing file /opt/airflow/dags/data_ingestion_final_project.py for tasks to queue
[2023-07-26T11:23:39.391+0000] {logging_mixin.py:150} INFO - [2023-07-26T11:23:39.384+0000] {dagbag.py:541} INFO - Filling up the DagBag from /opt/airflow/dags/data_ingestion_final_project.py
[2023-07-26T11:23:40.281+0000] {processor.py:836} INFO - DAG(s) dict_keys(['data_ingestion_final_project']) retrieved from /opt/airflow/dags/data_ingestion_final_project.py
[2023-07-26T11:23:41.116+0000] {logging_mixin.py:150} INFO - [2023-07-26T11:23:41.116+0000] {dag.py:2742} INFO - Sync 1 DAGs
[2023-07-26T11:23:41.764+0000] {logging_mixin.py:150} INFO - [2023-07-26T11:23:41.763+0000] {dag.py:3508} INFO - Setting next_dagrun for data_ingestion_final_project to 2023-07-30T00:00:00+00:00, run_after=2023-08-06T00:00:00+00:00
[2023-07-26T11:23:42.095+0000] {processor.py:179} INFO - Processing /opt/airflow/dags/data_ingestion_final_project.py took 2.823 seconds
[2023-07-26T11:24:21.330+0000] {processor.py:157} INFO - Started process (PID=261) to work on /opt/airflow/dags/data_ingestion_final_project.py
[2023-07-26T11:24:21.856+0000] {processor.py:826} INFO - Processing file /opt/airflow/dags/data_ingestion_final_project.py for tasks to queue
[2023-07-26T11:24:22.179+0000] {logging_mixin.py:150} INFO - [2023-07-26T11:24:22.179+0000] {dagbag.py:541} INFO - Filling up the DagBag from /opt/airflow/dags/data_ingestion_final_project.py
[2023-07-26T11:24:28.755+0000] {processor.py:836} INFO - DAG(s) dict_keys(['data_ingestion_final_project']) retrieved from /opt/airflow/dags/data_ingestion_final_project.py
[2023-07-26T11:24:32.270+0000] {logging_mixin.py:150} INFO - [2023-07-26T11:24:32.270+0000] {dag.py:2742} INFO - Sync 1 DAGs
[2023-07-26T11:24:32.703+0000] {logging_mixin.py:150} INFO - [2023-07-26T11:24:32.702+0000] {dag.py:3508} INFO - Setting next_dagrun for data_ingestion_final_project to 2023-07-30T00:00:00+00:00, run_after=2023-08-06T00:00:00+00:00
[2023-07-26T11:24:32.915+0000] {processor.py:179} INFO - Processing /opt/airflow/dags/data_ingestion_final_project.py took 14.849 seconds
[2023-07-26T11:25:11.854+0000] {processor.py:157} INFO - Started process (PID=281) to work on /opt/airflow/dags/data_ingestion_final_project.py
[2023-07-26T11:25:11.947+0000] {processor.py:826} INFO - Processing file /opt/airflow/dags/data_ingestion_final_project.py for tasks to queue
[2023-07-26T11:25:12.492+0000] {logging_mixin.py:150} INFO - [2023-07-26T11:25:12.427+0000] {dagbag.py:541} INFO - Filling up the DagBag from /opt/airflow/dags/data_ingestion_final_project.py
[2023-07-26T11:25:23.584+0000] {processor.py:836} INFO - DAG(s) dict_keys(['data_ingestion_final_project']) retrieved from /opt/airflow/dags/data_ingestion_final_project.py
[2023-07-26T11:25:26.450+0000] {logging_mixin.py:150} INFO - [2023-07-26T11:25:26.446+0000] {dag.py:2742} INFO - Sync 1 DAGs
[2023-07-26T11:25:28.401+0000] {logging_mixin.py:150} INFO - [2023-07-26T11:25:28.393+0000] {dag.py:3508} INFO - Setting next_dagrun for data_ingestion_final_project to 2023-07-30T00:00:00+00:00, run_after=2023-08-06T00:00:00+00:00
[2023-07-26T11:25:29.208+0000] {processor.py:179} INFO - Processing /opt/airflow/dags/data_ingestion_final_project.py took 18.275 seconds
[2023-07-26T11:26:01.514+0000] {processor.py:157} INFO - Started process (PID=311) to work on /opt/airflow/dags/data_ingestion_final_project.py
[2023-07-26T11:26:01.520+0000] {processor.py:826} INFO - Processing file /opt/airflow/dags/data_ingestion_final_project.py for tasks to queue
[2023-07-26T11:26:01.565+0000] {logging_mixin.py:150} INFO - [2023-07-26T11:26:01.554+0000] {dagbag.py:541} INFO - Filling up the DagBag from /opt/airflow/dags/data_ingestion_final_project.py
[2023-07-26T11:26:01.884+0000] {processor.py:836} INFO - DAG(s) dict_keys(['data_ingestion_final_project']) retrieved from /opt/airflow/dags/data_ingestion_final_project.py
[2023-07-26T11:26:02.157+0000] {logging_mixin.py:150} INFO - [2023-07-26T11:26:02.156+0000] {dag.py:2742} INFO - Sync 1 DAGs
[2023-07-26T11:26:02.276+0000] {logging_mixin.py:150} INFO - [2023-07-26T11:26:02.275+0000] {dag.py:3508} INFO - Setting next_dagrun for data_ingestion_final_project to 2023-07-30T00:00:00+00:00, run_after=2023-08-06T00:00:00+00:00
[2023-07-26T11:26:02.373+0000] {processor.py:179} INFO - Processing /opt/airflow/dags/data_ingestion_final_project.py took 1.040 seconds
[2023-07-26T11:26:33.214+0000] {processor.py:157} INFO - Started process (PID=322) to work on /opt/airflow/dags/data_ingestion_final_project.py
[2023-07-26T11:26:33.217+0000] {processor.py:826} INFO - Processing file /opt/airflow/dags/data_ingestion_final_project.py for tasks to queue
[2023-07-26T11:26:33.226+0000] {logging_mixin.py:150} INFO - [2023-07-26T11:26:33.222+0000] {dagbag.py:541} INFO - Filling up the DagBag from /opt/airflow/dags/data_ingestion_final_project.py
[2023-07-26T11:26:33.764+0000] {processor.py:836} INFO - DAG(s) dict_keys(['data_ingestion_final_project']) retrieved from /opt/airflow/dags/data_ingestion_final_project.py
[2023-07-26T11:26:34.037+0000] {logging_mixin.py:150} INFO - [2023-07-26T11:26:34.036+0000] {dag.py:2742} INFO - Sync 1 DAGs
[2023-07-26T11:26:34.263+0000] {logging_mixin.py:150} INFO - [2023-07-26T11:26:34.262+0000] {dag.py:3508} INFO - Setting next_dagrun for data_ingestion_final_project to 2023-07-30T00:00:00+00:00, run_after=2023-08-06T00:00:00+00:00
[2023-07-26T11:26:34.444+0000] {processor.py:179} INFO - Processing /opt/airflow/dags/data_ingestion_final_project.py took 1.334 seconds
[2023-07-26T11:27:05.001+0000] {processor.py:157} INFO - Started process (PID=341) to work on /opt/airflow/dags/data_ingestion_final_project.py
[2023-07-26T11:27:05.005+0000] {processor.py:826} INFO - Processing file /opt/airflow/dags/data_ingestion_final_project.py for tasks to queue
[2023-07-26T11:27:05.009+0000] {logging_mixin.py:150} INFO - [2023-07-26T11:27:05.008+0000] {dagbag.py:541} INFO - Filling up the DagBag from /opt/airflow/dags/data_ingestion_final_project.py
[2023-07-26T11:27:05.119+0000] {processor.py:836} INFO - DAG(s) dict_keys(['data_ingestion_final_project']) retrieved from /opt/airflow/dags/data_ingestion_final_project.py
[2023-07-26T11:27:05.178+0000] {logging_mixin.py:150} INFO - [2023-07-26T11:27:05.177+0000] {dag.py:2742} INFO - Sync 1 DAGs
[2023-07-26T11:27:05.270+0000] {logging_mixin.py:150} INFO - [2023-07-26T11:27:05.269+0000] {dag.py:3508} INFO - Setting next_dagrun for data_ingestion_final_project to 2023-07-30T00:00:00+00:00, run_after=2023-08-06T00:00:00+00:00
[2023-07-26T11:27:05.505+0000] {processor.py:179} INFO - Processing /opt/airflow/dags/data_ingestion_final_project.py took 0.519 seconds
[2023-07-26T11:27:36.012+0000] {processor.py:157} INFO - Started process (PID=360) to work on /opt/airflow/dags/data_ingestion_final_project.py
[2023-07-26T11:27:36.060+0000] {processor.py:826} INFO - Processing file /opt/airflow/dags/data_ingestion_final_project.py for tasks to queue
[2023-07-26T11:27:36.096+0000] {logging_mixin.py:150} INFO - [2023-07-26T11:27:36.090+0000] {dagbag.py:541} INFO - Filling up the DagBag from /opt/airflow/dags/data_ingestion_final_project.py
[2023-07-26T11:27:36.975+0000] {processor.py:836} INFO - DAG(s) dict_keys(['data_ingestion_final_project']) retrieved from /opt/airflow/dags/data_ingestion_final_project.py
[2023-07-26T11:27:37.165+0000] {logging_mixin.py:150} INFO - [2023-07-26T11:27:37.165+0000] {dag.py:2742} INFO - Sync 1 DAGs
[2023-07-26T11:27:37.280+0000] {logging_mixin.py:150} INFO - [2023-07-26T11:27:37.279+0000] {dag.py:3508} INFO - Setting next_dagrun for data_ingestion_final_project to 2023-07-30T00:00:00+00:00, run_after=2023-08-06T00:00:00+00:00
[2023-07-26T11:27:37.371+0000] {processor.py:179} INFO - Processing /opt/airflow/dags/data_ingestion_final_project.py took 1.375 seconds
[2023-07-26T11:28:08.760+0000] {processor.py:157} INFO - Started process (PID=379) to work on /opt/airflow/dags/data_ingestion_final_project.py
[2023-07-26T11:28:09.118+0000] {processor.py:826} INFO - Processing file /opt/airflow/dags/data_ingestion_final_project.py for tasks to queue
[2023-07-26T11:28:10.536+0000] {logging_mixin.py:150} INFO - [2023-07-26T11:28:10.534+0000] {dagbag.py:541} INFO - Filling up the DagBag from /opt/airflow/dags/data_ingestion_final_project.py
[2023-07-26T11:28:11.148+0000] {processor.py:836} INFO - DAG(s) dict_keys(['data_ingestion_final_project']) retrieved from /opt/airflow/dags/data_ingestion_final_project.py
[2023-07-26T11:28:11.327+0000] {logging_mixin.py:150} INFO - [2023-07-26T11:28:11.326+0000] {dag.py:2742} INFO - Sync 1 DAGs
[2023-07-26T11:28:11.491+0000] {logging_mixin.py:150} INFO - [2023-07-26T11:28:11.490+0000] {dag.py:3508} INFO - Setting next_dagrun for data_ingestion_final_project to 2023-07-30T00:00:00+00:00, run_after=2023-08-06T00:00:00+00:00
[2023-07-26T11:28:11.582+0000] {processor.py:179} INFO - Processing /opt/airflow/dags/data_ingestion_final_project.py took 3.363 seconds
[2023-07-26T11:28:42.164+0000] {processor.py:157} INFO - Started process (PID=397) to work on /opt/airflow/dags/data_ingestion_final_project.py
[2023-07-26T11:28:42.192+0000] {processor.py:826} INFO - Processing file /opt/airflow/dags/data_ingestion_final_project.py for tasks to queue
[2023-07-26T11:28:42.223+0000] {logging_mixin.py:150} INFO - [2023-07-26T11:28:42.222+0000] {dagbag.py:541} INFO - Filling up the DagBag from /opt/airflow/dags/data_ingestion_final_project.py
[2023-07-26T11:28:43.272+0000] {processor.py:836} INFO - DAG(s) dict_keys(['data_ingestion_final_project']) retrieved from /opt/airflow/dags/data_ingestion_final_project.py
[2023-07-26T11:28:43.795+0000] {logging_mixin.py:150} INFO - [2023-07-26T11:28:43.787+0000] {dag.py:2742} INFO - Sync 1 DAGs
[2023-07-26T11:28:44.399+0000] {logging_mixin.py:150} INFO - [2023-07-26T11:28:44.397+0000] {dag.py:3508} INFO - Setting next_dagrun for data_ingestion_final_project to 2023-07-30T00:00:00+00:00, run_after=2023-08-06T00:00:00+00:00
[2023-07-26T11:28:44.570+0000] {processor.py:179} INFO - Processing /opt/airflow/dags/data_ingestion_final_project.py took 2.473 seconds
[2023-07-26T11:29:22.707+0000] {processor.py:157} INFO - Started process (PID=410) to work on /opt/airflow/dags/data_ingestion_final_project.py
[2023-07-26T11:29:22.752+0000] {processor.py:826} INFO - Processing file /opt/airflow/dags/data_ingestion_final_project.py for tasks to queue
[2023-07-26T11:29:23.360+0000] {logging_mixin.py:150} INFO - [2023-07-26T11:29:23.359+0000] {dagbag.py:541} INFO - Filling up the DagBag from /opt/airflow/dags/data_ingestion_final_project.py
[2023-07-26T11:29:28.707+0000] {processor.py:836} INFO - DAG(s) dict_keys(['data_ingestion_final_project']) retrieved from /opt/airflow/dags/data_ingestion_final_project.py
[2023-07-26T11:29:33.340+0000] {logging_mixin.py:150} INFO - [2023-07-26T11:29:33.340+0000] {dag.py:2742} INFO - Sync 1 DAGs
[2023-07-26T11:29:35.913+0000] {logging_mixin.py:150} INFO - [2023-07-26T11:29:35.911+0000] {dag.py:3508} INFO - Setting next_dagrun for data_ingestion_final_project to 2023-07-30T00:00:00+00:00, run_after=2023-08-06T00:00:00+00:00
[2023-07-26T11:29:42.606+0000] {processor.py:179} INFO - Processing /opt/airflow/dags/data_ingestion_final_project.py took 19.773 seconds
[2023-07-26T11:30:33.750+0000] {processor.py:157} INFO - Started process (PID=442) to work on /opt/airflow/dags/data_ingestion_final_project.py
[2023-07-26T11:30:34.250+0000] {processor.py:826} INFO - Processing file /opt/airflow/dags/data_ingestion_final_project.py for tasks to queue
[2023-07-26T11:30:38.335+0000] {logging_mixin.py:150} INFO - [2023-07-26T11:30:38.188+0000] {dagbag.py:541} INFO - Filling up the DagBag from /opt/airflow/dags/data_ingestion_final_project.py
[2023-07-26T11:30:46.645+0000] {processor.py:836} INFO - DAG(s) dict_keys(['data_ingestion_final_project']) retrieved from /opt/airflow/dags/data_ingestion_final_project.py
[2023-07-26T11:30:52.100+0000] {logging_mixin.py:150} INFO - [2023-07-26T11:30:52.099+0000] {dag.py:2742} INFO - Sync 1 DAGs
[2023-07-26T11:30:53.725+0000] {logging_mixin.py:150} INFO - [2023-07-26T11:30:53.684+0000] {dag.py:3508} INFO - Setting next_dagrun for data_ingestion_final_project to 2023-07-30T00:00:00+00:00, run_after=2023-08-06T00:00:00+00:00
[2023-07-26T11:30:54.681+0000] {processor.py:179} INFO - Processing /opt/airflow/dags/data_ingestion_final_project.py took 21.499 seconds
[2023-07-26T11:31:26.330+0000] {processor.py:157} INFO - Started process (PID=466) to work on /opt/airflow/dags/data_ingestion_final_project.py
[2023-07-26T11:31:26.349+0000] {processor.py:826} INFO - Processing file /opt/airflow/dags/data_ingestion_final_project.py for tasks to queue
[2023-07-26T11:31:26.458+0000] {logging_mixin.py:150} INFO - [2023-07-26T11:31:26.457+0000] {dagbag.py:541} INFO - Filling up the DagBag from /opt/airflow/dags/data_ingestion_final_project.py
[2023-07-26T11:31:29.070+0000] {processor.py:836} INFO - DAG(s) dict_keys(['data_ingestion_final_project']) retrieved from /opt/airflow/dags/data_ingestion_final_project.py
[2023-07-26T11:31:30.697+0000] {logging_mixin.py:150} INFO - [2023-07-26T11:31:30.696+0000] {dag.py:2742} INFO - Sync 1 DAGs
[2023-07-26T11:31:30.919+0000] {logging_mixin.py:150} INFO - [2023-07-26T11:31:30.917+0000] {dag.py:3508} INFO - Setting next_dagrun for data_ingestion_final_project to 2023-07-30T00:00:00+00:00, run_after=2023-08-06T00:00:00+00:00
[2023-07-26T11:31:31.593+0000] {processor.py:179} INFO - Processing /opt/airflow/dags/data_ingestion_final_project.py took 5.467 seconds
[2023-07-26T11:32:02.828+0000] {processor.py:157} INFO - Started process (PID=489) to work on /opt/airflow/dags/data_ingestion_final_project.py
[2023-07-26T11:32:02.833+0000] {processor.py:826} INFO - Processing file /opt/airflow/dags/data_ingestion_final_project.py for tasks to queue
[2023-07-26T11:32:02.855+0000] {logging_mixin.py:150} INFO - [2023-07-26T11:32:02.853+0000] {dagbag.py:541} INFO - Filling up the DagBag from /opt/airflow/dags/data_ingestion_final_project.py
[2023-07-26T11:32:03.052+0000] {processor.py:836} INFO - DAG(s) dict_keys(['data_ingestion_final_project']) retrieved from /opt/airflow/dags/data_ingestion_final_project.py
[2023-07-26T11:32:03.279+0000] {logging_mixin.py:150} INFO - [2023-07-26T11:32:03.279+0000] {dag.py:2742} INFO - Sync 1 DAGs
[2023-07-26T11:32:03.661+0000] {logging_mixin.py:150} INFO - [2023-07-26T11:32:03.660+0000] {dag.py:3508} INFO - Setting next_dagrun for data_ingestion_final_project to 2023-07-30T00:00:00+00:00, run_after=2023-08-06T00:00:00+00:00
[2023-07-26T11:32:03.784+0000] {processor.py:179} INFO - Processing /opt/airflow/dags/data_ingestion_final_project.py took 0.972 seconds
[2023-07-26T11:32:34.825+0000] {processor.py:157} INFO - Started process (PID=500) to work on /opt/airflow/dags/data_ingestion_final_project.py
[2023-07-26T11:32:34.893+0000] {processor.py:826} INFO - Processing file /opt/airflow/dags/data_ingestion_final_project.py for tasks to queue
[2023-07-26T11:32:34.960+0000] {logging_mixin.py:150} INFO - [2023-07-26T11:32:34.959+0000] {dagbag.py:541} INFO - Filling up the DagBag from /opt/airflow/dags/data_ingestion_final_project.py
[2023-07-26T11:32:37.063+0000] {processor.py:836} INFO - DAG(s) dict_keys(['data_ingestion_final_project']) retrieved from /opt/airflow/dags/data_ingestion_final_project.py
[2023-07-26T11:32:37.784+0000] {logging_mixin.py:150} INFO - [2023-07-26T11:32:37.783+0000] {dag.py:2742} INFO - Sync 1 DAGs
[2023-07-26T11:32:38.232+0000] {logging_mixin.py:150} INFO - [2023-07-26T11:32:38.231+0000] {dag.py:3508} INFO - Setting next_dagrun for data_ingestion_final_project to 2023-07-30T00:00:00+00:00, run_after=2023-08-06T00:00:00+00:00
[2023-07-26T11:32:38.642+0000] {processor.py:179} INFO - Processing /opt/airflow/dags/data_ingestion_final_project.py took 3.865 seconds
[2023-07-26T11:33:09.777+0000] {processor.py:157} INFO - Started process (PID=521) to work on /opt/airflow/dags/data_ingestion_final_project.py
[2023-07-26T11:33:09.822+0000] {processor.py:826} INFO - Processing file /opt/airflow/dags/data_ingestion_final_project.py for tasks to queue
[2023-07-26T11:33:09.895+0000] {logging_mixin.py:150} INFO - [2023-07-26T11:33:09.891+0000] {dagbag.py:541} INFO - Filling up the DagBag from /opt/airflow/dags/data_ingestion_final_project.py
[2023-07-26T11:33:11.031+0000] {processor.py:836} INFO - DAG(s) dict_keys(['data_ingestion_final_project']) retrieved from /opt/airflow/dags/data_ingestion_final_project.py
[2023-07-26T11:33:12.005+0000] {logging_mixin.py:150} INFO - [2023-07-26T11:33:12.004+0000] {dag.py:2742} INFO - Sync 1 DAGs
[2023-07-26T11:33:12.437+0000] {logging_mixin.py:150} INFO - [2023-07-26T11:33:12.436+0000] {dag.py:3508} INFO - Setting next_dagrun for data_ingestion_final_project to 2023-07-30T00:00:00+00:00, run_after=2023-08-06T00:00:00+00:00
[2023-07-26T11:33:12.755+0000] {processor.py:179} INFO - Processing /opt/airflow/dags/data_ingestion_final_project.py took 3.066 seconds
[2023-07-26T11:33:43.625+0000] {processor.py:157} INFO - Started process (PID=537) to work on /opt/airflow/dags/data_ingestion_final_project.py
[2023-07-26T11:33:43.631+0000] {processor.py:826} INFO - Processing file /opt/airflow/dags/data_ingestion_final_project.py for tasks to queue
[2023-07-26T11:33:43.740+0000] {logging_mixin.py:150} INFO - [2023-07-26T11:33:43.739+0000] {dagbag.py:541} INFO - Filling up the DagBag from /opt/airflow/dags/data_ingestion_final_project.py
[2023-07-26T11:33:44.154+0000] {processor.py:836} INFO - DAG(s) dict_keys(['data_ingestion_final_project']) retrieved from /opt/airflow/dags/data_ingestion_final_project.py
[2023-07-26T11:33:44.612+0000] {logging_mixin.py:150} INFO - [2023-07-26T11:33:44.612+0000] {dag.py:2742} INFO - Sync 1 DAGs
[2023-07-26T11:33:45.154+0000] {logging_mixin.py:150} INFO - [2023-07-26T11:33:45.153+0000] {dag.py:3508} INFO - Setting next_dagrun for data_ingestion_final_project to 2023-07-30T00:00:00+00:00, run_after=2023-08-06T00:00:00+00:00
[2023-07-26T11:33:45.364+0000] {processor.py:179} INFO - Processing /opt/airflow/dags/data_ingestion_final_project.py took 2.158 seconds
[2023-07-26T11:34:17.402+0000] {processor.py:157} INFO - Started process (PID=551) to work on /opt/airflow/dags/data_ingestion_final_project.py
[2023-07-26T11:34:17.489+0000] {processor.py:826} INFO - Processing file /opt/airflow/dags/data_ingestion_final_project.py for tasks to queue
[2023-07-26T11:34:17.673+0000] {logging_mixin.py:150} INFO - [2023-07-26T11:34:17.640+0000] {dagbag.py:541} INFO - Filling up the DagBag from /opt/airflow/dags/data_ingestion_final_project.py
[2023-07-26T11:34:19.190+0000] {processor.py:836} INFO - DAG(s) dict_keys(['data_ingestion_final_project']) retrieved from /opt/airflow/dags/data_ingestion_final_project.py
[2023-07-26T11:34:19.993+0000] {logging_mixin.py:150} INFO - [2023-07-26T11:34:19.992+0000] {dag.py:2742} INFO - Sync 1 DAGs
[2023-07-26T11:34:20.525+0000] {logging_mixin.py:150} INFO - [2023-07-26T11:34:20.525+0000] {dag.py:3508} INFO - Setting next_dagrun for data_ingestion_final_project to 2023-07-30T00:00:00+00:00, run_after=2023-08-06T00:00:00+00:00
[2023-07-26T11:34:21.048+0000] {processor.py:179} INFO - Processing /opt/airflow/dags/data_ingestion_final_project.py took 3.818 seconds
[2023-07-26T11:34:51.662+0000] {processor.py:157} INFO - Started process (PID=573) to work on /opt/airflow/dags/data_ingestion_final_project.py
[2023-07-26T11:34:51.682+0000] {processor.py:826} INFO - Processing file /opt/airflow/dags/data_ingestion_final_project.py for tasks to queue
[2023-07-26T11:34:51.692+0000] {logging_mixin.py:150} INFO - [2023-07-26T11:34:51.691+0000] {dagbag.py:541} INFO - Filling up the DagBag from /opt/airflow/dags/data_ingestion_final_project.py
[2023-07-26T11:34:52.426+0000] {processor.py:836} INFO - DAG(s) dict_keys(['data_ingestion_final_project']) retrieved from /opt/airflow/dags/data_ingestion_final_project.py
[2023-07-26T11:34:52.708+0000] {logging_mixin.py:150} INFO - [2023-07-26T11:34:52.708+0000] {dag.py:2742} INFO - Sync 1 DAGs
[2023-07-26T11:34:52.897+0000] {logging_mixin.py:150} INFO - [2023-07-26T11:34:52.896+0000] {dag.py:3508} INFO - Setting next_dagrun for data_ingestion_final_project to 2023-07-30T00:00:00+00:00, run_after=2023-08-06T00:00:00+00:00
[2023-07-26T11:34:53.037+0000] {processor.py:179} INFO - Processing /opt/airflow/dags/data_ingestion_final_project.py took 1.384 seconds
[2023-07-26T11:35:24.968+0000] {processor.py:157} INFO - Started process (PID=584) to work on /opt/airflow/dags/data_ingestion_final_project.py
[2023-07-26T11:35:24.983+0000] {processor.py:826} INFO - Processing file /opt/airflow/dags/data_ingestion_final_project.py for tasks to queue
[2023-07-26T11:35:25.063+0000] {logging_mixin.py:150} INFO - [2023-07-26T11:35:25.046+0000] {dagbag.py:541} INFO - Filling up the DagBag from /opt/airflow/dags/data_ingestion_final_project.py
[2023-07-26T11:35:25.548+0000] {processor.py:836} INFO - DAG(s) dict_keys(['data_ingestion_final_project']) retrieved from /opt/airflow/dags/data_ingestion_final_project.py
[2023-07-26T11:35:25.728+0000] {logging_mixin.py:150} INFO - [2023-07-26T11:35:25.724+0000] {dag.py:2742} INFO - Sync 1 DAGs
[2023-07-26T11:35:25.868+0000] {logging_mixin.py:150} INFO - [2023-07-26T11:35:25.868+0000] {dag.py:3508} INFO - Setting next_dagrun for data_ingestion_final_project to 2023-07-30T00:00:00+00:00, run_after=2023-08-06T00:00:00+00:00
[2023-07-26T11:35:26.066+0000] {processor.py:179} INFO - Processing /opt/airflow/dags/data_ingestion_final_project.py took 1.118 seconds
[2023-07-26T11:35:58.174+0000] {processor.py:157} INFO - Started process (PID=604) to work on /opt/airflow/dags/data_ingestion_final_project.py
[2023-07-26T11:35:58.203+0000] {processor.py:826} INFO - Processing file /opt/airflow/dags/data_ingestion_final_project.py for tasks to queue
[2023-07-26T11:35:58.279+0000] {logging_mixin.py:150} INFO - [2023-07-26T11:35:58.270+0000] {dagbag.py:541} INFO - Filling up the DagBag from /opt/airflow/dags/data_ingestion_final_project.py
[2023-07-26T11:36:07.885+0000] {processor.py:836} INFO - DAG(s) dict_keys(['data_ingestion_final_project']) retrieved from /opt/airflow/dags/data_ingestion_final_project.py
[2023-07-26T11:36:16.087+0000] {logging_mixin.py:150} INFO - [2023-07-26T11:36:16.080+0000] {dag.py:2742} INFO - Sync 1 DAGs
[2023-07-26T11:36:21.955+0000] {logging_mixin.py:150} INFO - [2023-07-26T11:36:21.953+0000] {dag.py:3508} INFO - Setting next_dagrun for data_ingestion_final_project to 2023-07-30T00:00:00+00:00, run_after=2023-08-06T00:00:00+00:00
[2023-07-26T11:36:22.456+0000] {processor.py:179} INFO - Processing /opt/airflow/dags/data_ingestion_final_project.py took 24.293 seconds
[2023-07-26T11:37:15.183+0000] {processor.py:157} INFO - Started process (PID=631) to work on /opt/airflow/dags/data_ingestion_final_project.py
[2023-07-26T11:37:15.315+0000] {processor.py:826} INFO - Processing file /opt/airflow/dags/data_ingestion_final_project.py for tasks to queue
[2023-07-26T11:37:16.911+0000] {logging_mixin.py:150} INFO - [2023-07-26T11:37:16.871+0000] {dagbag.py:541} INFO - Filling up the DagBag from /opt/airflow/dags/data_ingestion_final_project.py
[2023-07-26T11:37:30.790+0000] {processor.py:836} INFO - DAG(s) dict_keys(['data_ingestion_final_project']) retrieved from /opt/airflow/dags/data_ingestion_final_project.py
[2023-07-26T11:37:32.420+0000] {logging_mixin.py:150} INFO - [2023-07-26T11:37:32.394+0000] {dag.py:2742} INFO - Sync 1 DAGs
[2023-07-26T11:37:34.058+0000] {logging_mixin.py:150} INFO - [2023-07-26T11:37:34.037+0000] {dag.py:3508} INFO - Setting next_dagrun for data_ingestion_final_project to 2023-07-30T00:00:00+00:00, run_after=2023-08-06T00:00:00+00:00
[2023-07-26T11:37:37.304+0000] {processor.py:179} INFO - Processing /opt/airflow/dags/data_ingestion_final_project.py took 25.201 seconds
[2023-07-26T11:38:13.774+0000] {processor.py:157} INFO - Started process (PID=651) to work on /opt/airflow/dags/data_ingestion_final_project.py
[2023-07-26T11:38:14.012+0000] {processor.py:826} INFO - Processing file /opt/airflow/dags/data_ingestion_final_project.py for tasks to queue
[2023-07-26T11:38:14.519+0000] {logging_mixin.py:150} INFO - [2023-07-26T11:38:14.507+0000] {dagbag.py:541} INFO - Filling up the DagBag from /opt/airflow/dags/data_ingestion_final_project.py
[2023-07-26T11:38:19.013+0000] {processor.py:836} INFO - DAG(s) dict_keys(['data_ingestion_final_project']) retrieved from /opt/airflow/dags/data_ingestion_final_project.py
[2023-07-26T11:38:19.985+0000] {logging_mixin.py:150} INFO - [2023-07-26T11:38:19.985+0000] {dag.py:2742} INFO - Sync 1 DAGs
[2023-07-26T11:38:25.467+0000] {logging_mixin.py:150} INFO - [2023-07-26T11:38:25.466+0000] {dag.py:3508} INFO - Setting next_dagrun for data_ingestion_final_project to 2023-07-30T00:00:00+00:00, run_after=2023-08-06T00:00:00+00:00
[2023-07-26T11:38:29.820+0000] {processor.py:179} INFO - Processing /opt/airflow/dags/data_ingestion_final_project.py took 16.502 seconds
[2023-07-26T11:39:02.959+0000] {processor.py:157} INFO - Started process (PID=674) to work on /opt/airflow/dags/data_ingestion_final_project.py
[2023-07-26T11:39:02.967+0000] {processor.py:826} INFO - Processing file /opt/airflow/dags/data_ingestion_final_project.py for tasks to queue
[2023-07-26T11:39:03.207+0000] {logging_mixin.py:150} INFO - [2023-07-26T11:39:03.177+0000] {dagbag.py:541} INFO - Filling up the DagBag from /opt/airflow/dags/data_ingestion_final_project.py
[2023-07-26T11:39:04.717+0000] {processor.py:836} INFO - DAG(s) dict_keys(['data_ingestion_final_project']) retrieved from /opt/airflow/dags/data_ingestion_final_project.py
[2023-07-26T11:39:05.358+0000] {logging_mixin.py:150} INFO - [2023-07-26T11:39:05.357+0000] {dag.py:2742} INFO - Sync 1 DAGs
[2023-07-26T11:39:09.243+0000] {logging_mixin.py:150} INFO - [2023-07-26T11:39:09.243+0000] {dag.py:3508} INFO - Setting next_dagrun for data_ingestion_final_project to 2023-07-30T00:00:00+00:00, run_after=2023-08-06T00:00:00+00:00
[2023-07-26T11:39:09.719+0000] {processor.py:179} INFO - Processing /opt/airflow/dags/data_ingestion_final_project.py took 6.914 seconds
[2023-07-26T11:39:40.280+0000] {processor.py:157} INFO - Started process (PID=695) to work on /opt/airflow/dags/data_ingestion_final_project.py
[2023-07-26T11:39:40.304+0000] {processor.py:826} INFO - Processing file /opt/airflow/dags/data_ingestion_final_project.py for tasks to queue
[2023-07-26T11:39:40.357+0000] {logging_mixin.py:150} INFO - [2023-07-26T11:39:40.351+0000] {dagbag.py:541} INFO - Filling up the DagBag from /opt/airflow/dags/data_ingestion_final_project.py
[2023-07-26T11:39:40.814+0000] {processor.py:836} INFO - DAG(s) dict_keys(['data_ingestion_final_project']) retrieved from /opt/airflow/dags/data_ingestion_final_project.py
[2023-07-26T11:39:41.194+0000] {logging_mixin.py:150} INFO - [2023-07-26T11:39:41.193+0000] {dag.py:2742} INFO - Sync 1 DAGs
[2023-07-26T11:39:41.345+0000] {logging_mixin.py:150} INFO - [2023-07-26T11:39:41.344+0000] {dag.py:3508} INFO - Setting next_dagrun for data_ingestion_final_project to 2023-07-30T00:00:00+00:00, run_after=2023-08-06T00:00:00+00:00
[2023-07-26T11:39:41.448+0000] {processor.py:179} INFO - Processing /opt/airflow/dags/data_ingestion_final_project.py took 1.246 seconds
[2023-07-26T11:40:12.406+0000] {processor.py:157} INFO - Started process (PID=715) to work on /opt/airflow/dags/data_ingestion_final_project.py
[2023-07-26T11:40:12.437+0000] {processor.py:826} INFO - Processing file /opt/airflow/dags/data_ingestion_final_project.py for tasks to queue
[2023-07-26T11:40:12.563+0000] {logging_mixin.py:150} INFO - [2023-07-26T11:40:12.552+0000] {dagbag.py:541} INFO - Filling up the DagBag from /opt/airflow/dags/data_ingestion_final_project.py
[2023-07-26T11:40:14.557+0000] {processor.py:836} INFO - DAG(s) dict_keys(['data_ingestion_final_project']) retrieved from /opt/airflow/dags/data_ingestion_final_project.py
[2023-07-26T11:40:15.346+0000] {logging_mixin.py:150} INFO - [2023-07-26T11:40:15.345+0000] {dag.py:2742} INFO - Sync 1 DAGs
[2023-07-26T11:40:16.531+0000] {logging_mixin.py:150} INFO - [2023-07-26T11:40:16.531+0000] {dag.py:3508} INFO - Setting next_dagrun for data_ingestion_final_project to 2023-07-30T00:00:00+00:00, run_after=2023-08-06T00:00:00+00:00
[2023-07-26T11:40:18.330+0000] {processor.py:179} INFO - Processing /opt/airflow/dags/data_ingestion_final_project.py took 6.368 seconds
[2023-07-26T11:40:49.342+0000] {processor.py:157} INFO - Started process (PID=734) to work on /opt/airflow/dags/data_ingestion_final_project.py
[2023-07-26T11:40:49.351+0000] {processor.py:826} INFO - Processing file /opt/airflow/dags/data_ingestion_final_project.py for tasks to queue
[2023-07-26T11:40:49.420+0000] {logging_mixin.py:150} INFO - [2023-07-26T11:40:49.414+0000] {dagbag.py:541} INFO - Filling up the DagBag from /opt/airflow/dags/data_ingestion_final_project.py
[2023-07-26T11:40:52.118+0000] {processor.py:836} INFO - DAG(s) dict_keys(['data_ingestion_final_project']) retrieved from /opt/airflow/dags/data_ingestion_final_project.py
[2023-07-26T11:40:52.557+0000] {logging_mixin.py:150} INFO - [2023-07-26T11:40:52.557+0000] {dag.py:2742} INFO - Sync 1 DAGs
[2023-07-26T11:40:52.828+0000] {logging_mixin.py:150} INFO - [2023-07-26T11:40:52.828+0000] {dag.py:3508} INFO - Setting next_dagrun for data_ingestion_final_project to 2023-07-30T00:00:00+00:00, run_after=2023-08-06T00:00:00+00:00
[2023-07-26T11:40:53.406+0000] {processor.py:179} INFO - Processing /opt/airflow/dags/data_ingestion_final_project.py took 4.108 seconds
[2023-07-26T11:41:24.430+0000] {processor.py:157} INFO - Started process (PID=745) to work on /opt/airflow/dags/data_ingestion_final_project.py
[2023-07-26T11:41:24.486+0000] {processor.py:826} INFO - Processing file /opt/airflow/dags/data_ingestion_final_project.py for tasks to queue
[2023-07-26T11:41:24.505+0000] {logging_mixin.py:150} INFO - [2023-07-26T11:41:24.504+0000] {dagbag.py:541} INFO - Filling up the DagBag from /opt/airflow/dags/data_ingestion_final_project.py
[2023-07-26T11:41:25.351+0000] {processor.py:836} INFO - DAG(s) dict_keys(['data_ingestion_final_project']) retrieved from /opt/airflow/dags/data_ingestion_final_project.py
[2023-07-26T11:41:25.544+0000] {logging_mixin.py:150} INFO - [2023-07-26T11:41:25.544+0000] {dag.py:2742} INFO - Sync 1 DAGs
[2023-07-26T11:41:25.720+0000] {logging_mixin.py:150} INFO - [2023-07-26T11:41:25.719+0000] {dag.py:3508} INFO - Setting next_dagrun for data_ingestion_final_project to 2023-07-30T00:00:00+00:00, run_after=2023-08-06T00:00:00+00:00
[2023-07-26T11:41:25.862+0000] {processor.py:179} INFO - Processing /opt/airflow/dags/data_ingestion_final_project.py took 1.508 seconds
[2023-07-26T11:41:56.542+0000] {processor.py:157} INFO - Started process (PID=766) to work on /opt/airflow/dags/data_ingestion_final_project.py
[2023-07-26T11:41:56.551+0000] {processor.py:826} INFO - Processing file /opt/airflow/dags/data_ingestion_final_project.py for tasks to queue
[2023-07-26T11:41:56.588+0000] {logging_mixin.py:150} INFO - [2023-07-26T11:41:56.586+0000] {dagbag.py:541} INFO - Filling up the DagBag from /opt/airflow/dags/data_ingestion_final_project.py
[2023-07-26T11:41:56.912+0000] {processor.py:836} INFO - DAG(s) dict_keys(['data_ingestion_final_project']) retrieved from /opt/airflow/dags/data_ingestion_final_project.py
[2023-07-26T11:41:57.509+0000] {logging_mixin.py:150} INFO - [2023-07-26T11:41:57.508+0000] {dag.py:2742} INFO - Sync 1 DAGs
[2023-07-26T11:41:58.000+0000] {logging_mixin.py:150} INFO - [2023-07-26T11:41:57.999+0000] {dag.py:3508} INFO - Setting next_dagrun for data_ingestion_final_project to 2023-07-30T00:00:00+00:00, run_after=2023-08-06T00:00:00+00:00
[2023-07-26T11:41:58.282+0000] {processor.py:179} INFO - Processing /opt/airflow/dags/data_ingestion_final_project.py took 1.787 seconds
[2023-07-26T11:42:29.507+0000] {processor.py:157} INFO - Started process (PID=778) to work on /opt/airflow/dags/data_ingestion_final_project.py
[2023-07-26T11:42:29.546+0000] {processor.py:826} INFO - Processing file /opt/airflow/dags/data_ingestion_final_project.py for tasks to queue
[2023-07-26T11:42:29.690+0000] {logging_mixin.py:150} INFO - [2023-07-26T11:42:29.679+0000] {dagbag.py:541} INFO - Filling up the DagBag from /opt/airflow/dags/data_ingestion_final_project.py
[2023-07-26T11:42:31.018+0000] {processor.py:836} INFO - DAG(s) dict_keys(['data_ingestion_final_project']) retrieved from /opt/airflow/dags/data_ingestion_final_project.py
[2023-07-26T11:42:31.336+0000] {logging_mixin.py:150} INFO - [2023-07-26T11:42:31.334+0000] {dag.py:2742} INFO - Sync 1 DAGs
[2023-07-26T11:42:31.556+0000] {logging_mixin.py:150} INFO - [2023-07-26T11:42:31.553+0000] {dag.py:3508} INFO - Setting next_dagrun for data_ingestion_final_project to 2023-07-30T00:00:00+00:00, run_after=2023-08-06T00:00:00+00:00
[2023-07-26T11:42:31.839+0000] {processor.py:179} INFO - Processing /opt/airflow/dags/data_ingestion_final_project.py took 2.468 seconds
[2023-07-26T11:43:05.172+0000] {processor.py:157} INFO - Started process (PID=795) to work on /opt/airflow/dags/data_ingestion_final_project.py
[2023-07-26T11:43:05.183+0000] {processor.py:826} INFO - Processing file /opt/airflow/dags/data_ingestion_final_project.py for tasks to queue
[2023-07-26T11:43:05.311+0000] {logging_mixin.py:150} INFO - [2023-07-26T11:43:05.288+0000] {dagbag.py:541} INFO - Filling up the DagBag from /opt/airflow/dags/data_ingestion_final_project.py
[2023-07-26T11:43:12.165+0000] {processor.py:836} INFO - DAG(s) dict_keys(['data_ingestion_final_project']) retrieved from /opt/airflow/dags/data_ingestion_final_project.py
[2023-07-26T11:43:12.939+0000] {logging_mixin.py:150} INFO - [2023-07-26T11:43:12.939+0000] {dag.py:2742} INFO - Sync 1 DAGs
[2023-07-26T11:43:13.671+0000] {logging_mixin.py:150} INFO - [2023-07-26T11:43:13.669+0000] {dag.py:3508} INFO - Setting next_dagrun for data_ingestion_final_project to 2023-07-30T00:00:00+00:00, run_after=2023-08-06T00:00:00+00:00
[2023-07-26T11:43:13.901+0000] {processor.py:179} INFO - Processing /opt/airflow/dags/data_ingestion_final_project.py took 8.892 seconds
[2023-07-26T11:43:44.864+0000] {processor.py:157} INFO - Started process (PID=817) to work on /opt/airflow/dags/data_ingestion_final_project.py
[2023-07-26T11:43:44.872+0000] {processor.py:826} INFO - Processing file /opt/airflow/dags/data_ingestion_final_project.py for tasks to queue
[2023-07-26T11:43:44.957+0000] {logging_mixin.py:150} INFO - [2023-07-26T11:43:44.944+0000] {dagbag.py:541} INFO - Filling up the DagBag from /opt/airflow/dags/data_ingestion_final_project.py
[2023-07-26T11:43:49.529+0000] {processor.py:836} INFO - DAG(s) dict_keys(['data_ingestion_final_project']) retrieved from /opt/airflow/dags/data_ingestion_final_project.py
[2023-07-26T11:43:50.342+0000] {logging_mixin.py:150} INFO - [2023-07-26T11:43:50.342+0000] {dag.py:2742} INFO - Sync 1 DAGs
[2023-07-26T11:43:50.840+0000] {logging_mixin.py:150} INFO - [2023-07-26T11:43:50.838+0000] {dag.py:3508} INFO - Setting next_dagrun for data_ingestion_final_project to 2023-07-30T00:00:00+00:00, run_after=2023-08-06T00:00:00+00:00
[2023-07-26T11:43:51.105+0000] {processor.py:179} INFO - Processing /opt/airflow/dags/data_ingestion_final_project.py took 6.358 seconds
[2023-07-26T11:44:22.019+0000] {processor.py:157} INFO - Started process (PID=828) to work on /opt/airflow/dags/data_ingestion_final_project.py
[2023-07-26T11:44:22.020+0000] {processor.py:826} INFO - Processing file /opt/airflow/dags/data_ingestion_final_project.py for tasks to queue
[2023-07-26T11:44:22.044+0000] {logging_mixin.py:150} INFO - [2023-07-26T11:44:22.041+0000] {dagbag.py:541} INFO - Filling up the DagBag from /opt/airflow/dags/data_ingestion_final_project.py
[2023-07-26T11:44:22.448+0000] {processor.py:836} INFO - DAG(s) dict_keys(['data_ingestion_final_project']) retrieved from /opt/airflow/dags/data_ingestion_final_project.py
[2023-07-26T11:44:22.871+0000] {logging_mixin.py:150} INFO - [2023-07-26T11:44:22.871+0000] {dag.py:2742} INFO - Sync 1 DAGs
[2023-07-26T11:44:23.602+0000] {logging_mixin.py:150} INFO - [2023-07-26T11:44:23.601+0000] {dag.py:3508} INFO - Setting next_dagrun for data_ingestion_final_project to 2023-07-30T00:00:00+00:00, run_after=2023-08-06T00:00:00+00:00
[2023-07-26T11:44:23.818+0000] {processor.py:179} INFO - Processing /opt/airflow/dags/data_ingestion_final_project.py took 1.812 seconds
[2023-07-26T11:44:54.070+0000] {processor.py:157} INFO - Started process (PID=847) to work on /opt/airflow/dags/data_ingestion_final_project.py
[2023-07-26T11:44:54.083+0000] {processor.py:826} INFO - Processing file /opt/airflow/dags/data_ingestion_final_project.py for tasks to queue
[2023-07-26T11:44:54.128+0000] {logging_mixin.py:150} INFO - [2023-07-26T11:44:54.105+0000] {dagbag.py:541} INFO - Filling up the DagBag from /opt/airflow/dags/data_ingestion_final_project.py
[2023-07-26T11:44:56.687+0000] {processor.py:836} INFO - DAG(s) dict_keys(['data_ingestion_final_project']) retrieved from /opt/airflow/dags/data_ingestion_final_project.py
[2023-07-26T11:44:57.326+0000] {logging_mixin.py:150} INFO - [2023-07-26T11:44:57.325+0000] {dag.py:2742} INFO - Sync 1 DAGs
[2023-07-26T11:44:57.471+0000] {logging_mixin.py:150} INFO - [2023-07-26T11:44:57.471+0000] {dag.py:3508} INFO - Setting next_dagrun for data_ingestion_final_project to 2023-07-30T00:00:00+00:00, run_after=2023-08-06T00:00:00+00:00
[2023-07-26T11:44:57.589+0000] {processor.py:179} INFO - Processing /opt/airflow/dags/data_ingestion_final_project.py took 3.539 seconds
[2023-07-26T11:45:29.995+0000] {processor.py:157} INFO - Started process (PID=865) to work on /opt/airflow/dags/data_ingestion_final_project.py
[2023-07-26T11:45:30.035+0000] {processor.py:826} INFO - Processing file /opt/airflow/dags/data_ingestion_final_project.py for tasks to queue
[2023-07-26T11:45:30.989+0000] {logging_mixin.py:150} INFO - [2023-07-26T11:45:30.834+0000] {dagbag.py:541} INFO - Filling up the DagBag from /opt/airflow/dags/data_ingestion_final_project.py
[2023-07-26T11:45:38.716+0000] {processor.py:836} INFO - DAG(s) dict_keys(['data_ingestion_final_project']) retrieved from /opt/airflow/dags/data_ingestion_final_project.py
[2023-07-26T11:45:43.661+0000] {logging_mixin.py:150} INFO - [2023-07-26T11:45:43.586+0000] {dag.py:2742} INFO - Sync 1 DAGs
[2023-07-26T11:45:48.048+0000] {logging_mixin.py:150} INFO - [2023-07-26T11:45:48.047+0000] {dag.py:3508} INFO - Setting next_dagrun for data_ingestion_final_project to 2023-07-30T00:00:00+00:00, run_after=2023-08-06T00:00:00+00:00
[2023-07-26T11:45:49.204+0000] {processor.py:179} INFO - Processing /opt/airflow/dags/data_ingestion_final_project.py took 19.197 seconds
[2023-07-26T11:46:23.785+0000] {processor.py:157} INFO - Started process (PID=887) to work on /opt/airflow/dags/data_ingestion_final_project.py
[2023-07-26T11:46:24.247+0000] {processor.py:826} INFO - Processing file /opt/airflow/dags/data_ingestion_final_project.py for tasks to queue
[2023-07-26T11:46:24.680+0000] {logging_mixin.py:150} INFO - [2023-07-26T11:46:24.617+0000] {dagbag.py:541} INFO - Filling up the DagBag from /opt/airflow/dags/data_ingestion_final_project.py
[2023-07-26T11:46:28.249+0000] {processor.py:836} INFO - DAG(s) dict_keys(['data_ingestion_final_project']) retrieved from /opt/airflow/dags/data_ingestion_final_project.py
[2023-07-26T11:46:29.777+0000] {logging_mixin.py:150} INFO - [2023-07-26T11:46:29.776+0000] {dag.py:2742} INFO - Sync 1 DAGs
[2023-07-26T11:46:30.265+0000] {logging_mixin.py:150} INFO - [2023-07-26T11:46:30.245+0000] {dag.py:3508} INFO - Setting next_dagrun for data_ingestion_final_project to 2023-07-30T00:00:00+00:00, run_after=2023-08-06T00:00:00+00:00
[2023-07-26T11:46:30.702+0000] {processor.py:179} INFO - Processing /opt/airflow/dags/data_ingestion_final_project.py took 8.307 seconds
[2023-07-26T11:47:01.537+0000] {processor.py:157} INFO - Started process (PID=906) to work on /opt/airflow/dags/data_ingestion_final_project.py
[2023-07-26T11:47:01.550+0000] {processor.py:826} INFO - Processing file /opt/airflow/dags/data_ingestion_final_project.py for tasks to queue
[2023-07-26T11:47:01.578+0000] {logging_mixin.py:150} INFO - [2023-07-26T11:47:01.574+0000] {dagbag.py:541} INFO - Filling up the DagBag from /opt/airflow/dags/data_ingestion_final_project.py
[2023-07-26T11:47:02.098+0000] {processor.py:836} INFO - DAG(s) dict_keys(['data_ingestion_final_project']) retrieved from /opt/airflow/dags/data_ingestion_final_project.py
[2023-07-26T11:47:02.451+0000] {logging_mixin.py:150} INFO - [2023-07-26T11:47:02.450+0000] {dag.py:2742} INFO - Sync 1 DAGs
[2023-07-26T11:47:02.733+0000] {logging_mixin.py:150} INFO - [2023-07-26T11:47:02.732+0000] {dag.py:3508} INFO - Setting next_dagrun for data_ingestion_final_project to 2023-07-30T00:00:00+00:00, run_after=2023-08-06T00:00:00+00:00
[2023-07-26T11:47:02.944+0000] {processor.py:179} INFO - Processing /opt/airflow/dags/data_ingestion_final_project.py took 1.448 seconds
[2023-07-26T11:47:34.784+0000] {processor.py:157} INFO - Started process (PID=926) to work on /opt/airflow/dags/data_ingestion_final_project.py
[2023-07-26T11:47:34.835+0000] {processor.py:826} INFO - Processing file /opt/airflow/dags/data_ingestion_final_project.py for tasks to queue
[2023-07-26T11:47:34.935+0000] {logging_mixin.py:150} INFO - [2023-07-26T11:47:34.924+0000] {dagbag.py:541} INFO - Filling up the DagBag from /opt/airflow/dags/data_ingestion_final_project.py
[2023-07-26T11:47:35.872+0000] {processor.py:836} INFO - DAG(s) dict_keys(['data_ingestion_final_project']) retrieved from /opt/airflow/dags/data_ingestion_final_project.py
[2023-07-26T11:47:36.601+0000] {logging_mixin.py:150} INFO - [2023-07-26T11:47:36.600+0000] {dag.py:2742} INFO - Sync 1 DAGs
[2023-07-26T11:47:36.805+0000] {logging_mixin.py:150} INFO - [2023-07-26T11:47:36.803+0000] {dag.py:3508} INFO - Setting next_dagrun for data_ingestion_final_project to 2023-07-30T00:00:00+00:00, run_after=2023-08-06T00:00:00+00:00
[2023-07-26T11:47:36.973+0000] {processor.py:179} INFO - Processing /opt/airflow/dags/data_ingestion_final_project.py took 2.393 seconds
[2023-07-26T11:48:07.889+0000] {processor.py:157} INFO - Started process (PID=946) to work on /opt/airflow/dags/data_ingestion_final_project.py
[2023-07-26T11:48:07.902+0000] {processor.py:826} INFO - Processing file /opt/airflow/dags/data_ingestion_final_project.py for tasks to queue
[2023-07-26T11:48:07.933+0000] {logging_mixin.py:150} INFO - [2023-07-26T11:48:07.931+0000] {dagbag.py:541} INFO - Filling up the DagBag from /opt/airflow/dags/data_ingestion_final_project.py
[2023-07-26T11:48:08.304+0000] {processor.py:836} INFO - DAG(s) dict_keys(['data_ingestion_final_project']) retrieved from /opt/airflow/dags/data_ingestion_final_project.py
[2023-07-26T11:48:08.440+0000] {logging_mixin.py:150} INFO - [2023-07-26T11:48:08.440+0000] {dag.py:2742} INFO - Sync 1 DAGs
[2023-07-26T11:48:08.620+0000] {logging_mixin.py:150} INFO - [2023-07-26T11:48:08.619+0000] {dag.py:3508} INFO - Setting next_dagrun for data_ingestion_final_project to 2023-07-30T00:00:00+00:00, run_after=2023-08-06T00:00:00+00:00
[2023-07-26T11:48:08.989+0000] {processor.py:179} INFO - Processing /opt/airflow/dags/data_ingestion_final_project.py took 1.194 seconds
[2023-07-26T11:48:39.552+0000] {processor.py:157} INFO - Started process (PID=956) to work on /opt/airflow/dags/data_ingestion_final_project.py
[2023-07-26T11:48:39.582+0000] {processor.py:826} INFO - Processing file /opt/airflow/dags/data_ingestion_final_project.py for tasks to queue
[2023-07-26T11:48:39.640+0000] {logging_mixin.py:150} INFO - [2023-07-26T11:48:39.635+0000] {dagbag.py:541} INFO - Filling up the DagBag from /opt/airflow/dags/data_ingestion_final_project.py
[2023-07-26T11:48:40.027+0000] {processor.py:836} INFO - DAG(s) dict_keys(['data_ingestion_final_project']) retrieved from /opt/airflow/dags/data_ingestion_final_project.py
[2023-07-26T11:48:40.229+0000] {logging_mixin.py:150} INFO - [2023-07-26T11:48:40.227+0000] {dag.py:2742} INFO - Sync 1 DAGs
[2023-07-26T11:48:40.597+0000] {logging_mixin.py:150} INFO - [2023-07-26T11:48:40.595+0000] {dag.py:3508} INFO - Setting next_dagrun for data_ingestion_final_project to 2023-07-30T00:00:00+00:00, run_after=2023-08-06T00:00:00+00:00
[2023-07-26T11:48:40.790+0000] {processor.py:179} INFO - Processing /opt/airflow/dags/data_ingestion_final_project.py took 1.310 seconds
[2023-07-26T11:49:18.672+0000] {processor.py:157} INFO - Started process (PID=975) to work on /opt/airflow/dags/data_ingestion_final_project.py
[2023-07-26T11:49:18.918+0000] {processor.py:826} INFO - Processing file /opt/airflow/dags/data_ingestion_final_project.py for tasks to queue
[2023-07-26T11:49:19.591+0000] {logging_mixin.py:150} INFO - [2023-07-26T11:49:19.499+0000] {dagbag.py:541} INFO - Filling up the DagBag from /opt/airflow/dags/data_ingestion_final_project.py
[2023-07-26T11:49:38.618+0000] {processor.py:836} INFO - DAG(s) dict_keys(['data_ingestion_final_project']) retrieved from /opt/airflow/dags/data_ingestion_final_project.py
[2023-07-26T11:50:03.745+0000] {logging_mixin.py:150} INFO - [2023-07-26T11:50:03.729+0000] {dag.py:2742} INFO - Sync 1 DAGs
[2023-07-26T11:50:39.352+0000] {processor.py:157} INFO - Started process (PID=1011) to work on /opt/airflow/dags/data_ingestion_final_project.py
[2023-07-26T11:50:39.446+0000] {processor.py:826} INFO - Processing file /opt/airflow/dags/data_ingestion_final_project.py for tasks to queue
[2023-07-26T11:50:39.928+0000] {logging_mixin.py:150} INFO - [2023-07-26T11:50:39.788+0000] {dagbag.py:541} INFO - Filling up the DagBag from /opt/airflow/dags/data_ingestion_final_project.py
[2023-07-26T11:50:43.680+0000] {processor.py:836} INFO - DAG(s) dict_keys(['data_ingestion_final_project']) retrieved from /opt/airflow/dags/data_ingestion_final_project.py
