[2023-07-26T11:22:03.255+0000] {processor.py:157} INFO - Started process (PID=181) to work on /opt/airflow/dags/data_ingest_pq.py
[2023-07-26T11:22:03.257+0000] {processor.py:826} INFO - Processing file /opt/airflow/dags/data_ingest_pq.py for tasks to queue
[2023-07-26T11:22:03.261+0000] {logging_mixin.py:150} INFO - [2023-07-26T11:22:03.260+0000] {dagbag.py:541} INFO - Filling up the DagBag from /opt/airflow/dags/data_ingest_pq.py
[2023-07-26T11:22:03.577+0000] {processor.py:836} INFO - DAG(s) dict_keys(['data_ingestion-pq']) retrieved from /opt/airflow/dags/data_ingest_pq.py
[2023-07-26T11:22:03.757+0000] {logging_mixin.py:150} INFO - [2023-07-26T11:22:03.756+0000] {dag.py:2742} INFO - Sync 1 DAGs
[2023-07-26T11:22:03.954+0000] {logging_mixin.py:150} INFO - [2023-07-26T11:22:03.953+0000] {dag.py:3508} INFO - Setting next_dagrun for data_ingestion-pq to 2023-07-30T00:00:00+00:00, run_after=2023-08-06T00:00:00+00:00
[2023-07-26T11:22:04.096+0000] {processor.py:179} INFO - Processing /opt/airflow/dags/data_ingest_pq.py took 0.856 seconds
[2023-07-26T11:22:34.712+0000] {processor.py:157} INFO - Started process (PID=200) to work on /opt/airflow/dags/data_ingest_pq.py
[2023-07-26T11:22:34.715+0000] {processor.py:826} INFO - Processing file /opt/airflow/dags/data_ingest_pq.py for tasks to queue
[2023-07-26T11:22:34.732+0000] {logging_mixin.py:150} INFO - [2023-07-26T11:22:34.729+0000] {dagbag.py:541} INFO - Filling up the DagBag from /opt/airflow/dags/data_ingest_pq.py
[2023-07-26T11:22:34.925+0000] {processor.py:836} INFO - DAG(s) dict_keys(['data_ingestion-pq']) retrieved from /opt/airflow/dags/data_ingest_pq.py
[2023-07-26T11:22:35.039+0000] {logging_mixin.py:150} INFO - [2023-07-26T11:22:35.038+0000] {dag.py:2742} INFO - Sync 1 DAGs
[2023-07-26T11:22:35.121+0000] {logging_mixin.py:150} INFO - [2023-07-26T11:22:35.120+0000] {dag.py:3508} INFO - Setting next_dagrun for data_ingestion-pq to 2023-07-30T00:00:00+00:00, run_after=2023-08-06T00:00:00+00:00
[2023-07-26T11:22:35.178+0000] {processor.py:179} INFO - Processing /opt/airflow/dags/data_ingest_pq.py took 0.487 seconds
[2023-07-26T11:23:05.535+0000] {processor.py:157} INFO - Started process (PID=220) to work on /opt/airflow/dags/data_ingest_pq.py
[2023-07-26T11:23:05.547+0000] {processor.py:826} INFO - Processing file /opt/airflow/dags/data_ingest_pq.py for tasks to queue
[2023-07-26T11:23:05.582+0000] {logging_mixin.py:150} INFO - [2023-07-26T11:23:05.580+0000] {dagbag.py:541} INFO - Filling up the DagBag from /opt/airflow/dags/data_ingest_pq.py
[2023-07-26T11:23:07.794+0000] {processor.py:836} INFO - DAG(s) dict_keys(['data_ingestion-pq']) retrieved from /opt/airflow/dags/data_ingest_pq.py
[2023-07-26T11:23:08.068+0000] {logging_mixin.py:150} INFO - [2023-07-26T11:23:08.062+0000] {dag.py:2742} INFO - Sync 1 DAGs
[2023-07-26T11:23:08.201+0000] {logging_mixin.py:150} INFO - [2023-07-26T11:23:08.201+0000] {dag.py:3508} INFO - Setting next_dagrun for data_ingestion-pq to 2023-07-30T00:00:00+00:00, run_after=2023-08-06T00:00:00+00:00
[2023-07-26T11:23:08.293+0000] {processor.py:179} INFO - Processing /opt/airflow/dags/data_ingest_pq.py took 2.738 seconds
[2023-07-26T11:23:39.234+0000] {processor.py:157} INFO - Started process (PID=239) to work on /opt/airflow/dags/data_ingest_pq.py
[2023-07-26T11:23:39.239+0000] {processor.py:826} INFO - Processing file /opt/airflow/dags/data_ingest_pq.py for tasks to queue
[2023-07-26T11:23:39.303+0000] {logging_mixin.py:150} INFO - [2023-07-26T11:23:39.299+0000] {dagbag.py:541} INFO - Filling up the DagBag from /opt/airflow/dags/data_ingest_pq.py
[2023-07-26T11:23:40.385+0000] {processor.py:836} INFO - DAG(s) dict_keys(['data_ingestion-pq']) retrieved from /opt/airflow/dags/data_ingest_pq.py
[2023-07-26T11:23:40.803+0000] {logging_mixin.py:150} INFO - [2023-07-26T11:23:40.802+0000] {dag.py:2742} INFO - Sync 1 DAGs
[2023-07-26T11:23:41.817+0000] {processor.py:179} INFO - Processing /opt/airflow/dags/data_ingest_pq.py took 2.626 seconds
[2023-07-26T11:24:17.290+0000] {processor.py:157} INFO - Started process (PID=260) to work on /opt/airflow/dags/data_ingest_pq.py
[2023-07-26T11:24:18.068+0000] {processor.py:826} INFO - Processing file /opt/airflow/dags/data_ingest_pq.py for tasks to queue
[2023-07-26T11:24:21.760+0000] {logging_mixin.py:150} INFO - [2023-07-26T11:24:21.707+0000] {dagbag.py:541} INFO - Filling up the DagBag from /opt/airflow/dags/data_ingest_pq.py
[2023-07-26T11:24:28.753+0000] {processor.py:836} INFO - DAG(s) dict_keys(['data_ingestion-pq']) retrieved from /opt/airflow/dags/data_ingest_pq.py
[2023-07-26T11:24:32.080+0000] {logging_mixin.py:150} INFO - [2023-07-26T11:24:32.078+0000] {dag.py:2742} INFO - Sync 1 DAGs
[2023-07-26T11:24:32.770+0000] {processor.py:179} INFO - Processing /opt/airflow/dags/data_ingest_pq.py took 16.596 seconds
[2023-07-26T11:25:11.824+0000] {processor.py:157} INFO - Started process (PID=280) to work on /opt/airflow/dags/data_ingest_pq.py
[2023-07-26T11:25:11.935+0000] {processor.py:826} INFO - Processing file /opt/airflow/dags/data_ingest_pq.py for tasks to queue
[2023-07-26T11:25:12.484+0000] {logging_mixin.py:150} INFO - [2023-07-26T11:25:12.437+0000] {dagbag.py:541} INFO - Filling up the DagBag from /opt/airflow/dags/data_ingest_pq.py
[2023-07-26T11:25:22.403+0000] {processor.py:836} INFO - DAG(s) dict_keys(['data_ingestion-pq']) retrieved from /opt/airflow/dags/data_ingest_pq.py
[2023-07-26T11:25:26.522+0000] {logging_mixin.py:150} INFO - [2023-07-26T11:25:26.519+0000] {dag.py:2742} INFO - Sync 1 DAGs
[2023-07-26T11:25:29.355+0000] {processor.py:179} INFO - Processing /opt/airflow/dags/data_ingest_pq.py took 18.418 seconds
[2023-07-26T11:26:00.654+0000] {processor.py:157} INFO - Started process (PID=310) to work on /opt/airflow/dags/data_ingest_pq.py
[2023-07-26T11:26:00.713+0000] {processor.py:826} INFO - Processing file /opt/airflow/dags/data_ingest_pq.py for tasks to queue
[2023-07-26T11:26:00.923+0000] {logging_mixin.py:150} INFO - [2023-07-26T11:26:00.899+0000] {dagbag.py:541} INFO - Filling up the DagBag from /opt/airflow/dags/data_ingest_pq.py
[2023-07-26T11:26:01.849+0000] {processor.py:836} INFO - DAG(s) dict_keys(['data_ingestion-pq']) retrieved from /opt/airflow/dags/data_ingest_pq.py
[2023-07-26T11:26:02.142+0000] {logging_mixin.py:150} INFO - [2023-07-26T11:26:02.141+0000] {dag.py:2742} INFO - Sync 1 DAGs
[2023-07-26T11:26:02.362+0000] {processor.py:179} INFO - Processing /opt/airflow/dags/data_ingest_pq.py took 1.886 seconds
[2023-07-26T11:26:33.091+0000] {processor.py:157} INFO - Started process (PID=321) to work on /opt/airflow/dags/data_ingest_pq.py
[2023-07-26T11:26:33.158+0000] {processor.py:826} INFO - Processing file /opt/airflow/dags/data_ingest_pq.py for tasks to queue
[2023-07-26T11:26:33.233+0000] {logging_mixin.py:150} INFO - [2023-07-26T11:26:33.221+0000] {dagbag.py:541} INFO - Filling up the DagBag from /opt/airflow/dags/data_ingest_pq.py
[2023-07-26T11:26:33.703+0000] {processor.py:836} INFO - DAG(s) dict_keys(['data_ingestion-pq']) retrieved from /opt/airflow/dags/data_ingest_pq.py
[2023-07-26T11:26:34.036+0000] {logging_mixin.py:150} INFO - [2023-07-26T11:26:34.035+0000] {dag.py:2742} INFO - Sync 1 DAGs
[2023-07-26T11:26:34.379+0000] {processor.py:179} INFO - Processing /opt/airflow/dags/data_ingest_pq.py took 1.399 seconds
[2023-07-26T11:27:04.981+0000] {processor.py:157} INFO - Started process (PID=340) to work on /opt/airflow/dags/data_ingest_pq.py
[2023-07-26T11:27:04.985+0000] {processor.py:826} INFO - Processing file /opt/airflow/dags/data_ingest_pq.py for tasks to queue
[2023-07-26T11:27:04.989+0000] {logging_mixin.py:150} INFO - [2023-07-26T11:27:04.989+0000] {dagbag.py:541} INFO - Filling up the DagBag from /opt/airflow/dags/data_ingest_pq.py
[2023-07-26T11:27:05.122+0000] {processor.py:836} INFO - DAG(s) dict_keys(['data_ingestion-pq']) retrieved from /opt/airflow/dags/data_ingest_pq.py
[2023-07-26T11:27:05.185+0000] {logging_mixin.py:150} INFO - [2023-07-26T11:27:05.184+0000] {dag.py:2742} INFO - Sync 1 DAGs
[2023-07-26T11:27:05.475+0000] {processor.py:179} INFO - Processing /opt/airflow/dags/data_ingest_pq.py took 0.502 seconds
[2023-07-26T11:27:35.859+0000] {processor.py:157} INFO - Started process (PID=359) to work on /opt/airflow/dags/data_ingest_pq.py
[2023-07-26T11:27:35.866+0000] {processor.py:826} INFO - Processing file /opt/airflow/dags/data_ingest_pq.py for tasks to queue
[2023-07-26T11:27:35.890+0000] {logging_mixin.py:150} INFO - [2023-07-26T11:27:35.883+0000] {dagbag.py:541} INFO - Filling up the DagBag from /opt/airflow/dags/data_ingest_pq.py
[2023-07-26T11:27:36.983+0000] {processor.py:836} INFO - DAG(s) dict_keys(['data_ingestion-pq']) retrieved from /opt/airflow/dags/data_ingest_pq.py
[2023-07-26T11:27:37.189+0000] {logging_mixin.py:150} INFO - [2023-07-26T11:27:37.189+0000] {dag.py:2742} INFO - Sync 1 DAGs
[2023-07-26T11:27:37.390+0000] {processor.py:179} INFO - Processing /opt/airflow/dags/data_ingest_pq.py took 1.552 seconds
[2023-07-26T11:28:08.769+0000] {processor.py:157} INFO - Started process (PID=378) to work on /opt/airflow/dags/data_ingest_pq.py
[2023-07-26T11:28:09.134+0000] {processor.py:826} INFO - Processing file /opt/airflow/dags/data_ingest_pq.py for tasks to queue
[2023-07-26T11:28:10.325+0000] {logging_mixin.py:150} INFO - [2023-07-26T11:28:10.145+0000] {dagbag.py:541} INFO - Filling up the DagBag from /opt/airflow/dags/data_ingest_pq.py
[2023-07-26T11:28:11.117+0000] {processor.py:836} INFO - DAG(s) dict_keys(['data_ingestion-pq']) retrieved from /opt/airflow/dags/data_ingest_pq.py
[2023-07-26T11:28:11.313+0000] {logging_mixin.py:150} INFO - [2023-07-26T11:28:11.313+0000] {dag.py:2742} INFO - Sync 1 DAGs
[2023-07-26T11:28:11.579+0000] {processor.py:179} INFO - Processing /opt/airflow/dags/data_ingest_pq.py took 3.579 seconds
[2023-07-26T11:28:41.984+0000] {processor.py:157} INFO - Started process (PID=395) to work on /opt/airflow/dags/data_ingest_pq.py
[2023-07-26T11:28:42.014+0000] {processor.py:826} INFO - Processing file /opt/airflow/dags/data_ingest_pq.py for tasks to queue
[2023-07-26T11:28:42.105+0000] {logging_mixin.py:150} INFO - [2023-07-26T11:28:42.104+0000] {dagbag.py:541} INFO - Filling up the DagBag from /opt/airflow/dags/data_ingest_pq.py
[2023-07-26T11:28:42.382+0000] {processor.py:836} INFO - DAG(s) dict_keys(['data_ingestion-pq']) retrieved from /opt/airflow/dags/data_ingest_pq.py
[2023-07-26T11:28:43.170+0000] {logging_mixin.py:150} INFO - [2023-07-26T11:28:43.169+0000] {dag.py:2742} INFO - Sync 1 DAGs
[2023-07-26T11:28:44.209+0000] {processor.py:179} INFO - Processing /opt/airflow/dags/data_ingest_pq.py took 2.356 seconds
[2023-07-26T11:29:19.654+0000] {processor.py:157} INFO - Started process (PID=409) to work on /opt/airflow/dags/data_ingest_pq.py
[2023-07-26T11:29:19.901+0000] {processor.py:826} INFO - Processing file /opt/airflow/dags/data_ingest_pq.py for tasks to queue
[2023-07-26T11:29:20.530+0000] {logging_mixin.py:150} INFO - [2023-07-26T11:29:20.467+0000] {dagbag.py:541} INFO - Filling up the DagBag from /opt/airflow/dags/data_ingest_pq.py
[2023-07-26T11:29:28.710+0000] {processor.py:836} INFO - DAG(s) dict_keys(['data_ingestion-pq']) retrieved from /opt/airflow/dags/data_ingest_pq.py
[2023-07-26T11:29:33.285+0000] {logging_mixin.py:150} INFO - [2023-07-26T11:29:33.285+0000] {dag.py:2742} INFO - Sync 1 DAGs
[2023-07-26T11:29:42.603+0000] {processor.py:179} INFO - Processing /opt/airflow/dags/data_ingest_pq.py took 22.775 seconds
[2023-07-26T11:30:33.805+0000] {processor.py:157} INFO - Started process (PID=435) to work on /opt/airflow/dags/data_ingest_pq.py
[2023-07-26T11:30:34.223+0000] {processor.py:826} INFO - Processing file /opt/airflow/dags/data_ingest_pq.py for tasks to queue
[2023-07-26T11:30:38.334+0000] {logging_mixin.py:150} INFO - [2023-07-26T11:30:38.211+0000] {dagbag.py:541} INFO - Filling up the DagBag from /opt/airflow/dags/data_ingest_pq.py
[2023-07-26T11:30:46.717+0000] {processor.py:836} INFO - DAG(s) dict_keys(['data_ingestion-pq']) retrieved from /opt/airflow/dags/data_ingest_pq.py
[2023-07-26T11:30:52.121+0000] {logging_mixin.py:150} INFO - [2023-07-26T11:30:52.121+0000] {dag.py:2742} INFO - Sync 1 DAGs
[2023-07-26T11:30:54.665+0000] {processor.py:179} INFO - Processing /opt/airflow/dags/data_ingest_pq.py took 24.530 seconds
[2023-07-26T11:31:26.316+0000] {processor.py:157} INFO - Started process (PID=465) to work on /opt/airflow/dags/data_ingest_pq.py
[2023-07-26T11:31:26.354+0000] {processor.py:826} INFO - Processing file /opt/airflow/dags/data_ingest_pq.py for tasks to queue
[2023-07-26T11:31:26.459+0000] {logging_mixin.py:150} INFO - [2023-07-26T11:31:26.456+0000] {dagbag.py:541} INFO - Filling up the DagBag from /opt/airflow/dags/data_ingest_pq.py
[2023-07-26T11:31:28.796+0000] {processor.py:836} INFO - DAG(s) dict_keys(['data_ingestion-pq']) retrieved from /opt/airflow/dags/data_ingest_pq.py
[2023-07-26T11:31:30.623+0000] {logging_mixin.py:150} INFO - [2023-07-26T11:31:30.619+0000] {dag.py:2742} INFO - Sync 1 DAGs
[2023-07-26T11:31:31.206+0000] {processor.py:179} INFO - Processing /opt/airflow/dags/data_ingest_pq.py took 5.082 seconds
[2023-07-26T11:32:02.624+0000] {processor.py:157} INFO - Started process (PID=488) to work on /opt/airflow/dags/data_ingest_pq.py
[2023-07-26T11:32:02.627+0000] {processor.py:826} INFO - Processing file /opt/airflow/dags/data_ingest_pq.py for tasks to queue
[2023-07-26T11:32:02.634+0000] {logging_mixin.py:150} INFO - [2023-07-26T11:32:02.633+0000] {dagbag.py:541} INFO - Filling up the DagBag from /opt/airflow/dags/data_ingest_pq.py
[2023-07-26T11:32:03.018+0000] {processor.py:836} INFO - DAG(s) dict_keys(['data_ingestion-pq']) retrieved from /opt/airflow/dags/data_ingest_pq.py
[2023-07-26T11:32:03.543+0000] {logging_mixin.py:150} INFO - [2023-07-26T11:32:03.540+0000] {dag.py:2742} INFO - Sync 1 DAGs
[2023-07-26T11:32:03.788+0000] {processor.py:179} INFO - Processing /opt/airflow/dags/data_ingest_pq.py took 1.202 seconds
[2023-07-26T11:32:34.831+0000] {processor.py:157} INFO - Started process (PID=499) to work on /opt/airflow/dags/data_ingest_pq.py
[2023-07-26T11:32:34.867+0000] {processor.py:826} INFO - Processing file /opt/airflow/dags/data_ingest_pq.py for tasks to queue
[2023-07-26T11:32:34.986+0000] {logging_mixin.py:150} INFO - [2023-07-26T11:32:34.933+0000] {dagbag.py:541} INFO - Filling up the DagBag from /opt/airflow/dags/data_ingest_pq.py
[2023-07-26T11:32:37.065+0000] {processor.py:836} INFO - DAG(s) dict_keys(['data_ingestion-pq']) retrieved from /opt/airflow/dags/data_ingest_pq.py
[2023-07-26T11:32:37.841+0000] {logging_mixin.py:150} INFO - [2023-07-26T11:32:37.840+0000] {dag.py:2742} INFO - Sync 1 DAGs
[2023-07-26T11:32:38.895+0000] {processor.py:179} INFO - Processing /opt/airflow/dags/data_ingest_pq.py took 4.195 seconds
[2023-07-26T11:32:48.974+0000] {processor.py:157} INFO - Started process (PID=509) to work on /opt/airflow/dags/data_ingest_pq.py
[2023-07-26T11:32:49.026+0000] {processor.py:826} INFO - Processing file /opt/airflow/dags/data_ingest_pq.py for tasks to queue
[2023-07-26T11:32:49.128+0000] {logging_mixin.py:150} INFO - [2023-07-26T11:32:49.099+0000] {dagbag.py:541} INFO - Filling up the DagBag from /opt/airflow/dags/data_ingest_pq.py
[2023-07-26T11:32:50.041+0000] {processor.py:836} INFO - DAG(s) dict_keys(['data_ingestion-pq']) retrieved from /opt/airflow/dags/data_ingest_pq.py
[2023-07-26T11:32:50.279+0000] {logging_mixin.py:150} INFO - [2023-07-26T11:32:50.278+0000] {dag.py:2742} INFO - Sync 1 DAGs
[2023-07-26T11:32:51.013+0000] {processor.py:179} INFO - Processing /opt/airflow/dags/data_ingest_pq.py took 2.443 seconds
[2023-07-26T11:33:04.150+0000] {processor.py:157} INFO - Started process (PID=518) to work on /opt/airflow/dags/data_ingest_pq.py
[2023-07-26T11:33:04.157+0000] {processor.py:826} INFO - Processing file /opt/airflow/dags/data_ingest_pq.py for tasks to queue
[2023-07-26T11:33:04.166+0000] {logging_mixin.py:150} INFO - [2023-07-26T11:33:04.163+0000] {dagbag.py:541} INFO - Filling up the DagBag from /opt/airflow/dags/data_ingest_pq.py
[2023-07-26T11:33:04.735+0000] {processor.py:836} INFO - DAG(s) dict_keys(['data_ingestion-pq']) retrieved from /opt/airflow/dags/data_ingest_pq.py
[2023-07-26T11:33:05.308+0000] {logging_mixin.py:150} WARNING - /home/airflow/.local/lib/python3.7/site-packages/airflow/utils/sqlalchemy.py:124 DeprecationWarning: The sql_alchemy_conn option in [core] has been moved to the sql_alchemy_conn option in [database] - the old setting has been used, but please update your config.
[2023-07-26T11:33:05.442+0000] {logging_mixin.py:150} INFO - [2023-07-26T11:33:05.440+0000] {taskinstance.py:1826} ERROR - {'DAG Id': 'data_ingestion-pq', 'Task Id': 'add_gcp_conn_task', 'Run Id': 'manual__2023-07-26T11:23:36.497606+00:00', 'Hostname': 'f04213f91f62', 'External Executor Id': '40bfc8e6-7042-4ea9-8bc8-d84c1650d3db'}
[2023-07-26T11:33:06.279+0000] {logging_mixin.py:150} INFO - [2023-07-26T11:33:06.278+0000] {taskinstance.py:1350} INFO - Marking task as UP_FOR_RETRY. dag_id=data_ingestion-pq, task_id=add_gcp_conn_task, execution_date=20230726T112336, start_date=20230726T113255, end_date=20230726T113305
[2023-07-26T11:33:06.525+0000] {processor.py:787} INFO - Executed failure callback for <TaskInstance: data_ingestion-pq.add_gcp_conn_task manual__2023-07-26T11:23:36.497606+00:00 [up_for_retry]> in state up_for_retry
[2023-07-26T11:33:08.018+0000] {logging_mixin.py:150} INFO - [2023-07-26T11:33:08.017+0000] {dag.py:2742} INFO - Sync 1 DAGs
[2023-07-26T11:33:09.539+0000] {processor.py:179} INFO - Processing /opt/airflow/dags/data_ingest_pq.py took 5.429 seconds
[2023-07-26T11:33:41.865+0000] {processor.py:157} INFO - Started process (PID=530) to work on /opt/airflow/dags/data_ingest_pq.py
[2023-07-26T11:33:41.895+0000] {processor.py:826} INFO - Processing file /opt/airflow/dags/data_ingest_pq.py for tasks to queue
[2023-07-26T11:33:41.947+0000] {logging_mixin.py:150} INFO - [2023-07-26T11:33:41.927+0000] {dagbag.py:541} INFO - Filling up the DagBag from /opt/airflow/dags/data_ingest_pq.py
[2023-07-26T11:33:42.618+0000] {processor.py:836} INFO - DAG(s) dict_keys(['data_ingestion-pq']) retrieved from /opt/airflow/dags/data_ingest_pq.py
[2023-07-26T11:33:43.622+0000] {logging_mixin.py:150} INFO - [2023-07-26T11:33:43.514+0000] {dag.py:2742} INFO - Sync 1 DAGs
[2023-07-26T11:33:44.517+0000] {processor.py:179} INFO - Processing /opt/airflow/dags/data_ingest_pq.py took 3.125 seconds
[2023-07-26T11:34:17.223+0000] {processor.py:157} INFO - Started process (PID=550) to work on /opt/airflow/dags/data_ingest_pq.py
[2023-07-26T11:34:17.231+0000] {processor.py:826} INFO - Processing file /opt/airflow/dags/data_ingest_pq.py for tasks to queue
[2023-07-26T11:34:17.277+0000] {logging_mixin.py:150} INFO - [2023-07-26T11:34:17.265+0000] {dagbag.py:541} INFO - Filling up the DagBag from /opt/airflow/dags/data_ingest_pq.py
[2023-07-26T11:34:19.170+0000] {processor.py:836} INFO - DAG(s) dict_keys(['data_ingestion-pq']) retrieved from /opt/airflow/dags/data_ingest_pq.py
[2023-07-26T11:34:19.977+0000] {logging_mixin.py:150} INFO - [2023-07-26T11:34:19.976+0000] {dag.py:2742} INFO - Sync 1 DAGs
[2023-07-26T11:34:20.524+0000] {logging_mixin.py:150} INFO - [2023-07-26T11:34:20.523+0000] {dag.py:3508} INFO - Setting next_dagrun for data_ingestion-pq to 2023-07-30T00:00:00+00:00, run_after=2023-08-06T00:00:00+00:00
[2023-07-26T11:34:21.068+0000] {processor.py:179} INFO - Processing /opt/airflow/dags/data_ingest_pq.py took 4.021 seconds
[2023-07-26T11:34:51.598+0000] {processor.py:157} INFO - Started process (PID=572) to work on /opt/airflow/dags/data_ingest_pq.py
[2023-07-26T11:34:51.602+0000] {processor.py:826} INFO - Processing file /opt/airflow/dags/data_ingest_pq.py for tasks to queue
[2023-07-26T11:34:51.618+0000] {logging_mixin.py:150} INFO - [2023-07-26T11:34:51.617+0000] {dagbag.py:541} INFO - Filling up the DagBag from /opt/airflow/dags/data_ingest_pq.py
[2023-07-26T11:34:52.046+0000] {processor.py:836} INFO - DAG(s) dict_keys(['data_ingestion-pq']) retrieved from /opt/airflow/dags/data_ingest_pq.py
[2023-07-26T11:34:52.570+0000] {logging_mixin.py:150} INFO - [2023-07-26T11:34:52.570+0000] {dag.py:2742} INFO - Sync 1 DAGs
[2023-07-26T11:34:52.718+0000] {logging_mixin.py:150} INFO - [2023-07-26T11:34:52.717+0000] {dag.py:3508} INFO - Setting next_dagrun for data_ingestion-pq to 2023-07-30T00:00:00+00:00, run_after=2023-08-06T00:00:00+00:00
[2023-07-26T11:34:52.903+0000] {processor.py:179} INFO - Processing /opt/airflow/dags/data_ingest_pq.py took 1.325 seconds
[2023-07-26T11:35:24.598+0000] {processor.py:157} INFO - Started process (PID=583) to work on /opt/airflow/dags/data_ingest_pq.py
[2023-07-26T11:35:24.610+0000] {processor.py:826} INFO - Processing file /opt/airflow/dags/data_ingest_pq.py for tasks to queue
[2023-07-26T11:35:24.624+0000] {logging_mixin.py:150} INFO - [2023-07-26T11:35:24.623+0000] {dagbag.py:541} INFO - Filling up the DagBag from /opt/airflow/dags/data_ingest_pq.py
[2023-07-26T11:35:24.829+0000] {processor.py:836} INFO - DAG(s) dict_keys(['data_ingestion-pq']) retrieved from /opt/airflow/dags/data_ingest_pq.py
[2023-07-26T11:35:25.170+0000] {logging_mixin.py:150} INFO - [2023-07-26T11:35:25.170+0000] {dag.py:2742} INFO - Sync 1 DAGs
[2023-07-26T11:35:25.459+0000] {logging_mixin.py:150} INFO - [2023-07-26T11:35:25.457+0000] {dag.py:3508} INFO - Setting next_dagrun for data_ingestion-pq to 2023-07-30T00:00:00+00:00, run_after=2023-08-06T00:00:00+00:00
[2023-07-26T11:35:25.742+0000] {processor.py:179} INFO - Processing /opt/airflow/dags/data_ingest_pq.py took 1.600 seconds
[2023-07-26T11:35:58.174+0000] {processor.py:157} INFO - Started process (PID=603) to work on /opt/airflow/dags/data_ingest_pq.py
[2023-07-26T11:35:58.202+0000] {processor.py:826} INFO - Processing file /opt/airflow/dags/data_ingest_pq.py for tasks to queue
[2023-07-26T11:35:58.280+0000] {logging_mixin.py:150} INFO - [2023-07-26T11:35:58.270+0000] {dagbag.py:541} INFO - Filling up the DagBag from /opt/airflow/dags/data_ingest_pq.py
[2023-07-26T11:36:07.687+0000] {processor.py:836} INFO - DAG(s) dict_keys(['data_ingestion-pq']) retrieved from /opt/airflow/dags/data_ingest_pq.py
[2023-07-26T11:36:16.094+0000] {logging_mixin.py:150} INFO - [2023-07-26T11:36:16.081+0000] {dag.py:2742} INFO - Sync 1 DAGs
[2023-07-26T11:36:22.040+0000] {logging_mixin.py:150} INFO - [2023-07-26T11:36:22.039+0000] {dag.py:3508} INFO - Setting next_dagrun for data_ingestion-pq to 2023-07-30T00:00:00+00:00, run_after=2023-08-06T00:00:00+00:00
[2023-07-26T11:36:22.343+0000] {processor.py:179} INFO - Processing /opt/airflow/dags/data_ingest_pq.py took 24.221 seconds
[2023-07-26T11:37:15.438+0000] {processor.py:157} INFO - Started process (PID=630) to work on /opt/airflow/dags/data_ingest_pq.py
[2023-07-26T11:37:15.483+0000] {processor.py:826} INFO - Processing file /opt/airflow/dags/data_ingest_pq.py for tasks to queue
[2023-07-26T11:37:16.925+0000] {logging_mixin.py:150} INFO - [2023-07-26T11:37:16.852+0000] {dagbag.py:541} INFO - Filling up the DagBag from /opt/airflow/dags/data_ingest_pq.py
[2023-07-26T11:37:30.784+0000] {processor.py:836} INFO - DAG(s) dict_keys(['data_ingestion-pq']) retrieved from /opt/airflow/dags/data_ingest_pq.py
[2023-07-26T11:37:32.389+0000] {logging_mixin.py:150} INFO - [2023-07-26T11:37:32.379+0000] {dag.py:2742} INFO - Sync 1 DAGs
[2023-07-26T11:37:34.070+0000] {logging_mixin.py:150} INFO - [2023-07-26T11:37:34.062+0000] {dag.py:3508} INFO - Setting next_dagrun for data_ingestion-pq to 2023-07-30T00:00:00+00:00, run_after=2023-08-06T00:00:00+00:00
[2023-07-26T11:37:37.370+0000] {processor.py:179} INFO - Processing /opt/airflow/dags/data_ingest_pq.py took 25.349 seconds
[2023-07-26T11:38:13.808+0000] {processor.py:157} INFO - Started process (PID=650) to work on /opt/airflow/dags/data_ingest_pq.py
[2023-07-26T11:38:13.991+0000] {processor.py:826} INFO - Processing file /opt/airflow/dags/data_ingest_pq.py for tasks to queue
[2023-07-26T11:38:14.449+0000] {logging_mixin.py:150} INFO - [2023-07-26T11:38:14.448+0000] {dagbag.py:541} INFO - Filling up the DagBag from /opt/airflow/dags/data_ingest_pq.py
[2023-07-26T11:38:19.022+0000] {processor.py:836} INFO - DAG(s) dict_keys(['data_ingestion-pq']) retrieved from /opt/airflow/dags/data_ingest_pq.py
[2023-07-26T11:38:20.081+0000] {logging_mixin.py:150} INFO - [2023-07-26T11:38:20.081+0000] {dag.py:2742} INFO - Sync 1 DAGs
[2023-07-26T11:38:25.792+0000] {logging_mixin.py:150} INFO - [2023-07-26T11:38:25.715+0000] {dag.py:3508} INFO - Setting next_dagrun for data_ingestion-pq to 2023-07-30T00:00:00+00:00, run_after=2023-08-06T00:00:00+00:00
[2023-07-26T11:38:29.873+0000] {processor.py:179} INFO - Processing /opt/airflow/dags/data_ingest_pq.py took 17.121 seconds
[2023-07-26T11:39:02.948+0000] {processor.py:157} INFO - Started process (PID=675) to work on /opt/airflow/dags/data_ingest_pq.py
[2023-07-26T11:39:02.963+0000] {processor.py:826} INFO - Processing file /opt/airflow/dags/data_ingest_pq.py for tasks to queue
[2023-07-26T11:39:03.262+0000] {logging_mixin.py:150} INFO - [2023-07-26T11:39:03.176+0000] {dagbag.py:541} INFO - Filling up the DagBag from /opt/airflow/dags/data_ingest_pq.py
[2023-07-26T11:39:04.726+0000] {processor.py:836} INFO - DAG(s) dict_keys(['data_ingestion-pq']) retrieved from /opt/airflow/dags/data_ingest_pq.py
[2023-07-26T11:39:05.171+0000] {logging_mixin.py:150} INFO - [2023-07-26T11:39:05.170+0000] {dag.py:2742} INFO - Sync 1 DAGs
[2023-07-26T11:39:09.243+0000] {logging_mixin.py:150} INFO - [2023-07-26T11:39:09.243+0000] {dag.py:3508} INFO - Setting next_dagrun for data_ingestion-pq to 2023-07-30T00:00:00+00:00, run_after=2023-08-06T00:00:00+00:00
[2023-07-26T11:39:09.698+0000] {processor.py:179} INFO - Processing /opt/airflow/dags/data_ingest_pq.py took 6.895 seconds
[2023-07-26T11:39:23.368+0000] {processor.py:157} INFO - Started process (PID=685) to work on /opt/airflow/dags/data_ingest_pq.py
[2023-07-26T11:39:23.369+0000] {processor.py:826} INFO - Processing file /opt/airflow/dags/data_ingest_pq.py for tasks to queue
[2023-07-26T11:39:23.377+0000] {logging_mixin.py:150} INFO - [2023-07-26T11:39:23.376+0000] {dagbag.py:541} INFO - Filling up the DagBag from /opt/airflow/dags/data_ingest_pq.py
[2023-07-26T11:39:23.456+0000] {processor.py:836} INFO - DAG(s) dict_keys(['data_ingestion-pq']) retrieved from /opt/airflow/dags/data_ingest_pq.py
[2023-07-26T11:39:23.852+0000] {logging_mixin.py:150} INFO - [2023-07-26T11:39:23.852+0000] {dag.py:2742} INFO - Sync 1 DAGs
[2023-07-26T11:39:23.898+0000] {logging_mixin.py:150} INFO - [2023-07-26T11:39:23.898+0000] {dag.py:3508} INFO - Setting next_dagrun for data_ingestion-pq to 2023-07-30T00:00:00+00:00, run_after=2023-08-06T00:00:00+00:00
[2023-07-26T11:39:23.950+0000] {processor.py:179} INFO - Processing /opt/airflow/dags/data_ingest_pq.py took 0.589 seconds
[2023-07-26T11:39:54.679+0000] {processor.py:157} INFO - Started process (PID=705) to work on /opt/airflow/dags/data_ingest_pq.py
[2023-07-26T11:39:54.685+0000] {processor.py:826} INFO - Processing file /opt/airflow/dags/data_ingest_pq.py for tasks to queue
[2023-07-26T11:39:54.723+0000] {logging_mixin.py:150} INFO - [2023-07-26T11:39:54.719+0000] {dagbag.py:541} INFO - Filling up the DagBag from /opt/airflow/dags/data_ingest_pq.py
[2023-07-26T11:39:55.592+0000] {processor.py:836} INFO - DAG(s) dict_keys(['data_ingestion-pq']) retrieved from /opt/airflow/dags/data_ingest_pq.py
[2023-07-26T11:39:57.250+0000] {logging_mixin.py:150} INFO - [2023-07-26T11:39:57.249+0000] {dag.py:2742} INFO - Sync 1 DAGs
[2023-07-26T11:39:58.217+0000] {processor.py:179} INFO - Processing /opt/airflow/dags/data_ingest_pq.py took 3.550 seconds
[2023-07-26T11:40:28.877+0000] {processor.py:157} INFO - Started process (PID=724) to work on /opt/airflow/dags/data_ingest_pq.py
[2023-07-26T11:40:28.927+0000] {processor.py:826} INFO - Processing file /opt/airflow/dags/data_ingest_pq.py for tasks to queue
[2023-07-26T11:40:29.094+0000] {logging_mixin.py:150} INFO - [2023-07-26T11:40:29.087+0000] {dagbag.py:541} INFO - Filling up the DagBag from /opt/airflow/dags/data_ingest_pq.py
[2023-07-26T11:40:30.213+0000] {processor.py:836} INFO - DAG(s) dict_keys(['data_ingestion-pq']) retrieved from /opt/airflow/dags/data_ingest_pq.py
[2023-07-26T11:40:31.323+0000] {logging_mixin.py:150} INFO - [2023-07-26T11:40:31.319+0000] {dag.py:2742} INFO - Sync 1 DAGs
[2023-07-26T11:40:33.317+0000] {processor.py:179} INFO - Processing /opt/airflow/dags/data_ingest_pq.py took 4.551 seconds
[2023-07-26T11:41:05.869+0000] {processor.py:157} INFO - Started process (PID=735) to work on /opt/airflow/dags/data_ingest_pq.py
[2023-07-26T11:41:05.993+0000] {processor.py:826} INFO - Processing file /opt/airflow/dags/data_ingest_pq.py for tasks to queue
[2023-07-26T11:41:06.069+0000] {logging_mixin.py:150} INFO - [2023-07-26T11:41:06.068+0000] {dagbag.py:541} INFO - Filling up the DagBag from /opt/airflow/dags/data_ingest_pq.py
[2023-07-26T11:41:06.909+0000] {processor.py:836} INFO - DAG(s) dict_keys(['data_ingestion-pq']) retrieved from /opt/airflow/dags/data_ingest_pq.py
[2023-07-26T11:41:07.481+0000] {logging_mixin.py:150} INFO - [2023-07-26T11:41:07.480+0000] {dag.py:2742} INFO - Sync 1 DAGs
[2023-07-26T11:41:07.765+0000] {processor.py:179} INFO - Processing /opt/airflow/dags/data_ingest_pq.py took 2.371 seconds
[2023-07-26T11:41:10.723+0000] {processor.py:157} INFO - Started process (PID=744) to work on /opt/airflow/dags/data_ingest_pq.py
[2023-07-26T11:41:10.727+0000] {processor.py:826} INFO - Processing file /opt/airflow/dags/data_ingest_pq.py for tasks to queue
[2023-07-26T11:41:10.749+0000] {logging_mixin.py:150} INFO - [2023-07-26T11:41:10.745+0000] {dagbag.py:541} INFO - Filling up the DagBag from /opt/airflow/dags/data_ingest_pq.py
[2023-07-26T11:41:11.233+0000] {processor.py:836} INFO - DAG(s) dict_keys(['data_ingestion-pq']) retrieved from /opt/airflow/dags/data_ingest_pq.py
[2023-07-26T11:41:11.401+0000] {logging_mixin.py:150} INFO - [2023-07-26T11:41:11.400+0000] {dag.py:2742} INFO - Sync 1 DAGs
[2023-07-26T11:41:11.793+0000] {processor.py:179} INFO - Processing /opt/airflow/dags/data_ingest_pq.py took 1.116 seconds
[2023-07-26T11:41:42.312+0000] {processor.py:157} INFO - Started process (PID=756) to work on /opt/airflow/dags/data_ingest_pq.py
[2023-07-26T11:41:42.317+0000] {processor.py:826} INFO - Processing file /opt/airflow/dags/data_ingest_pq.py for tasks to queue
[2023-07-26T11:41:42.328+0000] {logging_mixin.py:150} INFO - [2023-07-26T11:41:42.327+0000] {dagbag.py:541} INFO - Filling up the DagBag from /opt/airflow/dags/data_ingest_pq.py
[2023-07-26T11:41:42.395+0000] {processor.py:836} INFO - DAG(s) dict_keys(['data_ingestion-pq']) retrieved from /opt/airflow/dags/data_ingest_pq.py
[2023-07-26T11:41:42.460+0000] {logging_mixin.py:150} INFO - [2023-07-26T11:41:42.460+0000] {dag.py:2742} INFO - Sync 1 DAGs
[2023-07-26T11:41:42.607+0000] {processor.py:179} INFO - Processing /opt/airflow/dags/data_ingest_pq.py took 0.307 seconds
[2023-07-26T11:42:14.132+0000] {processor.py:157} INFO - Started process (PID=775) to work on /opt/airflow/dags/data_ingest_pq.py
[2023-07-26T11:42:14.146+0000] {processor.py:826} INFO - Processing file /opt/airflow/dags/data_ingest_pq.py for tasks to queue
[2023-07-26T11:42:14.416+0000] {logging_mixin.py:150} INFO - [2023-07-26T11:42:14.407+0000] {dagbag.py:541} INFO - Filling up the DagBag from /opt/airflow/dags/data_ingest_pq.py
[2023-07-26T11:42:15.982+0000] {processor.py:836} INFO - DAG(s) dict_keys(['data_ingestion-pq']) retrieved from /opt/airflow/dags/data_ingest_pq.py
[2023-07-26T11:42:16.533+0000] {logging_mixin.py:150} INFO - [2023-07-26T11:42:16.533+0000] {dag.py:2742} INFO - Sync 1 DAGs
[2023-07-26T11:42:17.022+0000] {processor.py:179} INFO - Processing /opt/airflow/dags/data_ingest_pq.py took 3.080 seconds
[2023-07-26T11:42:47.666+0000] {processor.py:157} INFO - Started process (PID=788) to work on /opt/airflow/dags/data_ingest_pq.py
[2023-07-26T11:42:47.676+0000] {processor.py:826} INFO - Processing file /opt/airflow/dags/data_ingest_pq.py for tasks to queue
[2023-07-26T11:42:47.715+0000] {logging_mixin.py:150} INFO - [2023-07-26T11:42:47.712+0000] {dagbag.py:541} INFO - Filling up the DagBag from /opt/airflow/dags/data_ingest_pq.py
[2023-07-26T11:42:48.076+0000] {processor.py:836} INFO - DAG(s) dict_keys(['data_ingestion-pq']) retrieved from /opt/airflow/dags/data_ingest_pq.py
[2023-07-26T11:42:48.426+0000] {logging_mixin.py:150} INFO - [2023-07-26T11:42:48.423+0000] {dag.py:2742} INFO - Sync 1 DAGs
[2023-07-26T11:42:48.717+0000] {processor.py:179} INFO - Processing /opt/airflow/dags/data_ingest_pq.py took 1.070 seconds
[2023-07-26T11:43:19.457+0000] {processor.py:157} INFO - Started process (PID=798) to work on /opt/airflow/dags/data_ingest_pq.py
[2023-07-26T11:43:19.521+0000] {processor.py:826} INFO - Processing file /opt/airflow/dags/data_ingest_pq.py for tasks to queue
[2023-07-26T11:43:19.586+0000] {logging_mixin.py:150} INFO - [2023-07-26T11:43:19.575+0000] {dagbag.py:541} INFO - Filling up the DagBag from /opt/airflow/dags/data_ingest_pq.py
[2023-07-26T11:43:20.311+0000] {processor.py:836} INFO - DAG(s) dict_keys(['data_ingestion-pq']) retrieved from /opt/airflow/dags/data_ingest_pq.py
[2023-07-26T11:43:20.825+0000] {logging_mixin.py:150} INFO - [2023-07-26T11:43:20.824+0000] {dag.py:2742} INFO - Sync 1 DAGs
[2023-07-26T11:43:22.043+0000] {processor.py:179} INFO - Processing /opt/airflow/dags/data_ingest_pq.py took 2.807 seconds
[2023-07-26T11:43:54.341+0000] {processor.py:157} INFO - Started process (PID=818) to work on /opt/airflow/dags/data_ingest_pq.py
[2023-07-26T11:43:54.351+0000] {processor.py:826} INFO - Processing file /opt/airflow/dags/data_ingest_pq.py for tasks to queue
[2023-07-26T11:43:54.508+0000] {logging_mixin.py:150} INFO - [2023-07-26T11:43:54.496+0000] {dagbag.py:541} INFO - Filling up the DagBag from /opt/airflow/dags/data_ingest_pq.py
[2023-07-26T11:43:55.595+0000] {processor.py:836} INFO - DAG(s) dict_keys(['data_ingestion-pq']) retrieved from /opt/airflow/dags/data_ingest_pq.py
[2023-07-26T11:43:56.043+0000] {logging_mixin.py:150} INFO - [2023-07-26T11:43:56.043+0000] {dag.py:2742} INFO - Sync 1 DAGs
[2023-07-26T11:43:56.240+0000] {processor.py:179} INFO - Processing /opt/airflow/dags/data_ingest_pq.py took 2.068 seconds
[2023-07-26T11:44:27.305+0000] {processor.py:157} INFO - Started process (PID=838) to work on /opt/airflow/dags/data_ingest_pq.py
[2023-07-26T11:44:27.330+0000] {processor.py:826} INFO - Processing file /opt/airflow/dags/data_ingest_pq.py for tasks to queue
[2023-07-26T11:44:27.375+0000] {logging_mixin.py:150} INFO - [2023-07-26T11:44:27.374+0000] {dagbag.py:541} INFO - Filling up the DagBag from /opt/airflow/dags/data_ingest_pq.py
[2023-07-26T11:44:27.922+0000] {processor.py:836} INFO - DAG(s) dict_keys(['data_ingestion-pq']) retrieved from /opt/airflow/dags/data_ingest_pq.py
[2023-07-26T11:44:28.430+0000] {logging_mixin.py:150} INFO - [2023-07-26T11:44:28.429+0000] {dag.py:2742} INFO - Sync 1 DAGs
[2023-07-26T11:44:28.947+0000] {processor.py:179} INFO - Processing /opt/airflow/dags/data_ingest_pq.py took 1.746 seconds
[2023-07-26T11:44:59.877+0000] {processor.py:157} INFO - Started process (PID=848) to work on /opt/airflow/dags/data_ingest_pq.py
[2023-07-26T11:44:59.887+0000] {processor.py:826} INFO - Processing file /opt/airflow/dags/data_ingest_pq.py for tasks to queue
[2023-07-26T11:44:59.973+0000] {logging_mixin.py:150} INFO - [2023-07-26T11:44:59.970+0000] {dagbag.py:541} INFO - Filling up the DagBag from /opt/airflow/dags/data_ingest_pq.py
[2023-07-26T11:45:00.208+0000] {processor.py:836} INFO - DAG(s) dict_keys(['data_ingestion-pq']) retrieved from /opt/airflow/dags/data_ingest_pq.py
[2023-07-26T11:45:00.325+0000] {logging_mixin.py:150} INFO - [2023-07-26T11:45:00.325+0000] {dag.py:2742} INFO - Sync 1 DAGs
[2023-07-26T11:45:00.556+0000] {processor.py:179} INFO - Processing /opt/airflow/dags/data_ingest_pq.py took 0.739 seconds
[2023-07-26T11:45:31.738+0000] {processor.py:157} INFO - Started process (PID=866) to work on /opt/airflow/dags/data_ingest_pq.py
[2023-07-26T11:45:31.808+0000] {processor.py:826} INFO - Processing file /opt/airflow/dags/data_ingest_pq.py for tasks to queue
[2023-07-26T11:45:31.947+0000] {logging_mixin.py:150} INFO - [2023-07-26T11:45:31.926+0000] {dagbag.py:541} INFO - Filling up the DagBag from /opt/airflow/dags/data_ingest_pq.py
[2023-07-26T11:45:38.294+0000] {processor.py:836} INFO - DAG(s) dict_keys(['data_ingestion-pq']) retrieved from /opt/airflow/dags/data_ingest_pq.py
[2023-07-26T11:45:43.424+0000] {logging_mixin.py:150} INFO - [2023-07-26T11:45:43.423+0000] {dag.py:2742} INFO - Sync 1 DAGs
[2023-07-26T11:45:49.309+0000] {processor.py:179} INFO - Processing /opt/airflow/dags/data_ingest_pq.py took 17.478 seconds
[2023-07-26T11:46:23.452+0000] {processor.py:157} INFO - Started process (PID=886) to work on /opt/airflow/dags/data_ingest_pq.py
[2023-07-26T11:46:23.697+0000] {processor.py:826} INFO - Processing file /opt/airflow/dags/data_ingest_pq.py for tasks to queue
[2023-07-26T11:46:24.674+0000] {logging_mixin.py:150} INFO - [2023-07-26T11:46:24.620+0000] {dagbag.py:541} INFO - Filling up the DagBag from /opt/airflow/dags/data_ingest_pq.py
[2023-07-26T11:46:28.330+0000] {processor.py:836} INFO - DAG(s) dict_keys(['data_ingestion-pq']) retrieved from /opt/airflow/dags/data_ingest_pq.py
[2023-07-26T11:46:29.781+0000] {logging_mixin.py:150} INFO - [2023-07-26T11:46:29.780+0000] {dag.py:2742} INFO - Sync 1 DAGs
[2023-07-26T11:46:30.241+0000] {logging_mixin.py:150} INFO - [2023-07-26T11:46:30.225+0000] {dag.py:3508} INFO - Setting next_dagrun for data_ingestion-pq to 2023-07-30T00:00:00+00:00, run_after=2023-08-06T00:00:00+00:00
[2023-07-26T11:46:30.707+0000] {processor.py:179} INFO - Processing /opt/airflow/dags/data_ingest_pq.py took 9.342 seconds
[2023-07-26T11:47:01.475+0000] {processor.py:157} INFO - Started process (PID=905) to work on /opt/airflow/dags/data_ingest_pq.py
[2023-07-26T11:47:01.481+0000] {processor.py:826} INFO - Processing file /opt/airflow/dags/data_ingest_pq.py for tasks to queue
[2023-07-26T11:47:01.518+0000] {logging_mixin.py:150} INFO - [2023-07-26T11:47:01.516+0000] {dagbag.py:541} INFO - Filling up the DagBag from /opt/airflow/dags/data_ingest_pq.py
[2023-07-26T11:47:02.001+0000] {processor.py:836} INFO - DAG(s) dict_keys(['data_ingestion-pq']) retrieved from /opt/airflow/dags/data_ingest_pq.py
[2023-07-26T11:47:02.471+0000] {logging_mixin.py:150} INFO - [2023-07-26T11:47:02.470+0000] {dag.py:2742} INFO - Sync 1 DAGs
[2023-07-26T11:47:02.773+0000] {logging_mixin.py:150} INFO - [2023-07-26T11:47:02.761+0000] {dag.py:3508} INFO - Setting next_dagrun for data_ingestion-pq to 2023-07-30T00:00:00+00:00, run_after=2023-08-06T00:00:00+00:00
[2023-07-26T11:47:02.971+0000] {processor.py:179} INFO - Processing /opt/airflow/dags/data_ingest_pq.py took 1.526 seconds
[2023-07-26T11:47:34.517+0000] {processor.py:157} INFO - Started process (PID=925) to work on /opt/airflow/dags/data_ingest_pq.py
[2023-07-26T11:47:34.596+0000] {processor.py:826} INFO - Processing file /opt/airflow/dags/data_ingest_pq.py for tasks to queue
[2023-07-26T11:47:34.721+0000] {logging_mixin.py:150} INFO - [2023-07-26T11:47:34.690+0000] {dagbag.py:541} INFO - Filling up the DagBag from /opt/airflow/dags/data_ingest_pq.py
[2023-07-26T11:47:35.904+0000] {processor.py:836} INFO - DAG(s) dict_keys(['data_ingestion-pq']) retrieved from /opt/airflow/dags/data_ingest_pq.py
[2023-07-26T11:47:36.684+0000] {logging_mixin.py:150} INFO - [2023-07-26T11:47:36.683+0000] {dag.py:2742} INFO - Sync 1 DAGs
[2023-07-26T11:47:36.940+0000] {logging_mixin.py:150} INFO - [2023-07-26T11:47:36.939+0000] {dag.py:3508} INFO - Setting next_dagrun for data_ingestion-pq to 2023-07-30T00:00:00+00:00, run_after=2023-08-06T00:00:00+00:00
[2023-07-26T11:47:37.108+0000] {processor.py:179} INFO - Processing /opt/airflow/dags/data_ingest_pq.py took 3.022 seconds
[2023-07-26T11:48:07.908+0000] {processor.py:157} INFO - Started process (PID=945) to work on /opt/airflow/dags/data_ingest_pq.py
[2023-07-26T11:48:07.914+0000] {processor.py:826} INFO - Processing file /opt/airflow/dags/data_ingest_pq.py for tasks to queue
[2023-07-26T11:48:07.951+0000] {logging_mixin.py:150} INFO - [2023-07-26T11:48:07.943+0000] {dagbag.py:541} INFO - Filling up the DagBag from /opt/airflow/dags/data_ingest_pq.py
[2023-07-26T11:48:08.317+0000] {processor.py:836} INFO - DAG(s) dict_keys(['data_ingestion-pq']) retrieved from /opt/airflow/dags/data_ingest_pq.py
[2023-07-26T11:48:08.454+0000] {logging_mixin.py:150} INFO - [2023-07-26T11:48:08.453+0000] {dag.py:2742} INFO - Sync 1 DAGs
[2023-07-26T11:48:08.870+0000] {logging_mixin.py:150} INFO - [2023-07-26T11:48:08.864+0000] {dag.py:3508} INFO - Setting next_dagrun for data_ingestion-pq to 2023-07-30T00:00:00+00:00, run_after=2023-08-06T00:00:00+00:00
[2023-07-26T11:48:09.056+0000] {processor.py:179} INFO - Processing /opt/airflow/dags/data_ingest_pq.py took 1.242 seconds
[2023-07-26T11:48:39.814+0000] {processor.py:157} INFO - Started process (PID=957) to work on /opt/airflow/dags/data_ingest_pq.py
[2023-07-26T11:48:39.818+0000] {processor.py:826} INFO - Processing file /opt/airflow/dags/data_ingest_pq.py for tasks to queue
[2023-07-26T11:48:39.845+0000] {logging_mixin.py:150} INFO - [2023-07-26T11:48:39.840+0000] {dagbag.py:541} INFO - Filling up the DagBag from /opt/airflow/dags/data_ingest_pq.py
[2023-07-26T11:48:40.093+0000] {processor.py:836} INFO - DAG(s) dict_keys(['data_ingestion-pq']) retrieved from /opt/airflow/dags/data_ingest_pq.py
[2023-07-26T11:48:40.327+0000] {logging_mixin.py:150} INFO - [2023-07-26T11:48:40.322+0000] {dag.py:2742} INFO - Sync 1 DAGs
[2023-07-26T11:48:40.465+0000] {logging_mixin.py:150} INFO - [2023-07-26T11:48:40.463+0000] {dag.py:3508} INFO - Setting next_dagrun for data_ingestion-pq to 2023-07-30T00:00:00+00:00, run_after=2023-08-06T00:00:00+00:00
[2023-07-26T11:48:40.753+0000] {processor.py:179} INFO - Processing /opt/airflow/dags/data_ingest_pq.py took 0.973 seconds
[2023-07-26T11:49:18.675+0000] {processor.py:157} INFO - Started process (PID=974) to work on /opt/airflow/dags/data_ingest_pq.py
[2023-07-26T11:49:19.092+0000] {processor.py:826} INFO - Processing file /opt/airflow/dags/data_ingest_pq.py for tasks to queue
[2023-07-26T11:49:19.665+0000] {logging_mixin.py:150} INFO - [2023-07-26T11:49:19.538+0000] {dagbag.py:541} INFO - Filling up the DagBag from /opt/airflow/dags/data_ingest_pq.py
[2023-07-26T11:49:37.895+0000] {processor.py:836} INFO - DAG(s) dict_keys(['data_ingestion-pq']) retrieved from /opt/airflow/dags/data_ingest_pq.py
[2023-07-26T11:50:36.029+0000] {processor.py:157} INFO - Started process (PID=1002) to work on /opt/airflow/dags/data_ingest_pq.py
[2023-07-26T11:50:36.116+0000] {processor.py:826} INFO - Processing file /opt/airflow/dags/data_ingest_pq.py for tasks to queue
[2023-07-26T11:50:36.291+0000] {logging_mixin.py:150} INFO - [2023-07-26T11:50:36.255+0000] {dagbag.py:541} INFO - Filling up the DagBag from /opt/airflow/dags/data_ingest_pq.py
[2023-07-26T11:50:43.634+0000] {processor.py:836} INFO - DAG(s) dict_keys(['data_ingestion-pq']) retrieved from /opt/airflow/dags/data_ingest_pq.py
